[ 2017-06-05T12:42:39+08:00 ] 127.0.0.1 /gprsmenagement/index.php?s=/Config/index.html
INFO: [ route_check ] --START--
INFO: CheckRoute Behavior ::run [ RunTime:0.193215s ]
INFO: [ route_check ] --END-- [ RunTime:0.193355s ]
NOTIC: [2] stripslashes() expects exactly 1 parameter, 2 given E:\wamp\www\gprsmenagement\inc\Lib\Core\App.class.php 第 57 行.
NOTIC: [2] stripslashes() expects exactly 1 parameter, 2 given E:\wamp\www\gprsmenagement\inc\Lib\Core\App.class.php 第 57 行.
INFO: [ app_begin ] --START--
INFO: ReadHtmlCache Behavior ::run [ RunTime:0.145426s ]
INFO: CheckLang Behavior ::run [ RunTime:0.609645s ]
INFO: [ app_begin ] --END-- [ RunTime:0.755544s ]
NOTIC: [8] Constant THEME_NAME already defined E:\wamp\www\gprsmenagement\inc\Lib\Core\View.class.php 第 223 行.
NOTIC: [8] Constant THEME_PATH already defined E:\wamp\www\gprsmenagement\inc\Lib\Core\View.class.php 第 174 行.
NOTIC: [8] Constant APP_TMPL_PATH already defined E:\wamp\www\gprsmenagement\inc\Lib\Core\View.class.php 第 175 行.
INFO: [ view_parse ] --START--
INFO: ParseTemplate Behavior ::run [ RunTime:1.419923s ]
INFO: [ view_parse ] --END-- [ RunTime:1.420172s ]
INFO: [ view_filter ] --START--
INFO: ContentReplace Behavior ::run [ RunTime:0.113056s ]
INFO: TokenBuild Behavior ::run [ RunTime:0.157627s ]
INFO: WriteHtmlCache Behavior ::run [ RunTime:0.179531s ]
INFO: ShowRuntime Behavior ::run [ RunTime:0.178077s ]
INFO: [ view_filter ] --END-- [ RunTime:0.628926s ]
INFO: [ view_end ] --START--
INFO: ShowPageTrace Behavior ::run [ RunTime:0.272038s ]
INFO: [ view_end ] --END-- [ RunTime:0.272266s ]

[ 2017-06-05T12:42:44+08:00 ] 127.0.0.1 /gprsmenagement/index.php?s=/Config/index.html
INFO: [ route_check ] --START--
INFO: CheckRoute Behavior ::run [ RunTime:0.000788s ]
INFO: [ route_check ] --END-- [ RunTime:0.000881s ]
NOTIC: [2] stripslashes() expects exactly 1 parameter, 2 given E:\wamp\www\gprsmenagement\inc\Lib\Core\App.class.php 第 57 行.
NOTIC: [2] stripslashes() expects exactly 1 parameter, 2 given E:\wamp\www\gprsmenagement\inc\Lib\Core\App.class.php 第 57 行.
INFO: [ app_begin ] --START--
INFO: ReadHtmlCache Behavior ::run [ RunTime:0.000548s ]
INFO: CheckLang Behavior ::run [ RunTime:0.000899s ]
INFO: [ app_begin ] --END-- [ RunTime:0.001551s ]
NOTIC: [8] Constant THEME_NAME already defined E:\wamp\www\gprsmenagement\inc\Lib\Core\View.class.php 第 223 行.
NOTIC: [8] Constant THEME_PATH already defined E:\wamp\www\gprsmenagement\inc\Lib\Core\View.class.php 第 174 行.
NOTIC: [8] Constant APP_TMPL_PATH already defined E:\wamp\www\gprsmenagement\inc\Lib\Core\View.class.php 第 175 行.
INFO: [ view_parse ] --START--
INFO: ParseTemplate Behavior ::run [ RunTime:0.082971s ]
INFO: [ view_parse ] --END-- [ RunTime:0.083074s ]
INFO: [ view_filter ] --START--
INFO: ContentReplace Behavior ::run [ RunTime:0.000464s ]
INFO: TokenBuild Behavior ::run [ RunTime:0.000412s ]
INFO: WriteHtmlCache Behavior ::run [ RunTime:0.000261s ]
INFO: ShowRuntime Behavior ::run [ RunTime:0.000441s ]
INFO: [ view_filter ] --END-- [ RunTime:0.001758s ]
INFO: [ view_end ] --START--
INFO: ShowPageTrace Behavior ::run [ RunTime:0.000580s ]
INFO: [ view_end ] --END-- [ RunTime:0.000641s ]

[ 2017-06-05T12:42:45+08:00 ] 127.0.0.1 /gprsmenagement/index.php?s=/Config/paramcfg.html
INFO: [ route_check ] --START--
INFO: CheckRoute Behavior ::run [ RunTime:0.001315s ]
INFO: [ route_check ] --END-- [ RunTime:0.001441s ]
NOTIC: [2] stripslashes() expects exactly 1 parameter, 2 given E:\wamp\www\gprsmenagement\inc\Lib\Core\App.class.php 第 57 行.
NOTIC: [2] stripslashes() expects exactly 1 parameter, 2 given E:\wamp\www\gprsmenagement\inc\Lib\Core\App.class.php 第 57 行.
INFO: [ app_begin ] --START--
INFO: ReadHtmlCache Behavior ::run [ RunTime:0.000678s ]
INFO: CheckLang Behavior ::run [ RunTime:0.001523s ]
INFO: [ app_begin ] --END-- [ RunTime:0.002314s ]
INFO: [ view_parse ] --START--
INFO: ParseTemplate Behavior ::run [ RunTime:0.533932s ]
INFO: [ view_parse ] --END-- [ RunTime:0.534062s ]
INFO: [ view_filter ] --START--
INFO: ContentReplace Behavior ::run [ RunTime:0.001147s ]
INFO: TokenBuild Behavior ::run [ RunTime:0.000877s ]
INFO: WriteHtmlCache Behavior ::run [ RunTime:0.000643s ]
INFO: ShowRuntime Behavior ::run [ RunTime:0.000944s ]
INFO: [ view_filter ] --END-- [ RunTime:0.003881s ]
INFO: [ view_end ] --START--
INFO: ShowPageTrace Behavior ::run [ RunTime:0.001164s ]
INFO: [ view_end ] --END-- [ RunTime:0.001260s ]

[ 2017-06-05T12:42:45+08:00 ] 127.0.0.1 /gprsmenagement/index.php?s=/Config/index.html
INFO: [ route_check ] --START--
INFO: CheckRoute Behavior ::run [ RunTime:0.001556s ]
INFO: [ route_check ] --END-- [ RunTime:0.001673s ]
NOTIC: [2] stripslashes() expects exactly 1 parameter, 2 given E:\wamp\www\gprsmenagement\inc\Lib\Core\App.class.php 第 57 行.
NOTIC: [2] stripslashes() expects exactly 1 parameter, 2 given E:\wamp\www\gprsmenagement\inc\Lib\Core\App.class.php 第 57 行.
INFO: [ app_begin ] --START--
INFO: ReadHtmlCache Behavior ::run [ RunTime:0.000836s ]
INFO: CheckLang Behavior ::run [ RunTime:0.001800s ]
INFO: [ app_begin ] --END-- [ RunTime:0.002777s ]
NOTIC: [8] Constant THEME_NAME already defined E:\wamp\www\gprsmenagement\inc\Lib\Core\View.class.php 第 223 行.
NOTIC: [8] Constant THEME_PATH already defined E:\wamp\www\gprsmenagement\inc\Lib\Core\View.class.php 第 174 行.
NOTIC: [8] Constant APP_TMPL_PATH already defined E:\wamp\www\gprsmenagement\inc\Lib\Core\View.class.php 第 175 行.
INFO: [ view_parse ] --START--
INFO: ParseTemplate Behavior ::run [ RunTime:0.026459s ]
INFO: [ view_parse ] --END-- [ RunTime:0.026579s ]
INFO: [ view_filter ] --START--
INFO: ContentReplace Behavior ::run [ RunTime:0.000597s ]
INFO: TokenBuild Behavior ::run [ RunTime:0.000504s ]
INFO: WriteHtmlCache Behavior ::run [ RunTime:0.000366s ]
INFO: ShowRuntime Behavior ::run [ RunTime:0.000544s ]
INFO: [ view_filter ] --END-- [ RunTime:0.002233s ]
INFO: [ view_end ] --START--
INFO: ShowPageTrace Behavior ::run [ RunTime:0.000734s ]
INFO: [ view_end ] --END-- [ RunTime:0.000797s ]

[ 2017-06-05T12:42:50+08:00 ] 127.0.0.1 /gprsmenagement/index.php?s=/Config/paramcfg.html
INFO: [ route_check ] --START--
INFO: CheckRoute Behavior ::run [ RunTime:0.001431s ]
INFO: [ route_check ] --END-- [ RunTime:0.001556s ]
NOTIC: [2] stripslashes() expects exactly 1 parameter, 2 given E:\wamp\www\gprsmenagement\inc\Lib\Core\App.class.php 第 57 行.
NOTIC: [2] stripslashes() expects exactly 1 parameter, 2 given E:\wamp\www\gprsmenagement\inc\Lib\Core\App.class.php 第 57 行.
INFO: [ app_begin ] --START--
INFO: ReadHtmlCache Behavior ::run [ RunTime:0.001112s ]
INFO: CheckLang Behavior ::run [ RunTime:0.001550s ]
INFO: [ app_begin ] --END-- [ RunTime:0.002835s ]
INFO: [ view_parse ] --START--
INFO: ParseTemplate Behavior ::run [ RunTime:0.017014s ]
INFO: [ view_parse ] --END-- [ RunTime:0.017124s ]
INFO: [ view_filter ] --START--
INFO: ContentReplace Behavior ::run [ RunTime:0.001166s ]
INFO: TokenBuild Behavior ::run [ RunTime:0.000944s ]
INFO: WriteHtmlCache Behavior ::run [ RunTime:0.000466s ]
INFO: ShowRuntime Behavior ::run [ RunTime:0.000458s ]
INFO: [ view_filter ] --END-- [ RunTime:0.003295s ]
INFO: [ view_end ] --START--
INFO: ShowPageTrace Behavior ::run [ RunTime:0.000618s ]
INFO: [ view_end ] --END-- [ RunTime:0.000676s ]

[ 2017-06-05T12:42:50+08:00 ] 127.0.0.1 /gprsmenagement/index.php?s=/Config/paramcfg.html
INFO: [ route_check ] --START--
INFO: CheckRoute Behavior ::run [ RunTime:0.001356s ]
INFO: [ route_check ] --END-- [ RunTime:0.001450s ]
NOTIC: [2] stripslashes() expects exactly 1 parameter, 2 given E:\wamp\www\gprsmenagement\inc\Lib\Core\App.class.php 第 57 行.
NOTIC: [2] stripslashes() expects exactly 1 parameter, 2 given E:\wamp\www\gprsmenagement\inc\Lib\Core\App.class.php 第 57 行.
INFO: [ app_begin ] --START--
INFO: ReadHtmlCache Behavior ::run [ RunTime:0.000710s ]
INFO: CheckLang Behavior ::run [ RunTime:0.001059s ]
INFO: [ app_begin ] --END-- [ RunTime:0.001880s ]
INFO: [ view_parse ] --START--
INFO: ParseTemplate Behavior ::run [ RunTime:0.013954s ]
INFO: [ view_parse ] --END-- [ RunTime:0.014045s ]
INFO: [ view_filter ] --START--
INFO: ContentReplace Behavior ::run [ RunTime:0.000536s ]
INFO: TokenBuild Behavior ::run [ RunTime:0.000391s ]
INFO: WriteHtmlCache Behavior ::run [ RunTime:0.000253s ]
INFO: ShowRuntime Behavior ::run [ RunTime:0.000472s ]
INFO: [ view_filter ] --END-- [ RunTime:0.001811s ]
INFO: [ view_end ] --START--
INFO: ShowPageTrace Behavior ::run [ RunTime:0.000614s ]
INFO: [ view_end ] --END-- [ RunTime:0.000673s ]

[ 2017-06-05T12:43:53+08:00 ] 127.0.0.1 /gprsmenagement/index.php?s=/Log/index.html
INFO: [ route_check ] --START--
INFO: CheckRoute Behavior ::run [ RunTime:0.001024s ]
INFO: [ route_check ] --END-- [ RunTime:0.001127s ]
NOTIC: [2] stripslashes() expects exactly 1 parameter, 2 given E:\wamp\www\gprsmenagement\inc\Lib\Core\App.class.php 第 57 行.
NOTIC: [2] stripslashes() expects exactly 1 parameter, 2 given E:\wamp\www\gprsmenagement\inc\Lib\Core\App.class.php 第 57 行.
INFO: [ app_begin ] --START--
INFO: ReadHtmlCache Behavior ::run [ RunTime:0.000564s ]
INFO: CheckLang Behavior ::run [ RunTime:0.000811s ]
INFO: [ app_begin ] --END-- [ RunTime:0.001475s ]

[ 2017-06-05T12:43:53+08:00 ] 127.0.0.1 /gprsmenagement/index.php?s=/Log/index.html
INFO: [ route_check ] --START--
INFO: CheckRoute Behavior ::run [ RunTime:0.001249s ]
INFO: [ route_check ] --END-- [ RunTime:0.001384s ]
NOTIC: [2] stripslashes() expects exactly 1 parameter, 2 given E:\wamp\www\gprsmenagement\inc\Lib\Core\App.class.php 第 57 行.
NOTIC: [2] stripslashes() expects exactly 1 parameter, 2 given E:\wamp\www\gprsmenagement\inc\Lib\Core\App.class.php 第 57 行.
INFO: [ app_begin ] --START--
INFO: ReadHtmlCache Behavior ::run [ RunTime:0.000862s ]
INFO: CheckLang Behavior ::run [ RunTime:0.000931s ]
INFO: [ app_begin ] --END-- [ RunTime:0.001935s ]

[ 2017-06-05T12:43:53+08:00 ] 127.0.0.1 /gprsmenagement/index.php?s=/Config/seltree
INFO: [ route_check ] --START--
INFO: CheckRoute Behavior ::run [ RunTime:0.000916s ]
INFO: [ route_check ] --END-- [ RunTime:0.001026s ]
NOTIC: [2] stripslashes() expects exactly 1 parameter, 2 given E:\wamp\www\gprsmenagement\inc\Lib\Core\App.class.php 第 57 行.
NOTIC: [2] stripslashes() expects exactly 1 parameter, 2 given E:\wamp\www\gprsmenagement\inc\Lib\Core\App.class.php 第 57 行.
INFO: [ app_begin ] --START--
INFO: ReadHtmlCache Behavior ::run [ RunTime:0.000736s ]
INFO: CheckLang Behavior ::run [ RunTime:0.001114s ]
INFO: [ app_begin ] --END-- [ RunTime:0.001968s ]

[ 2017-06-05T12:43:53+08:00 ] 127.0.0.1 /gprsmenagement/index.php?s=/Config/seltree
INFO: [ route_check ] --START--
INFO: CheckRoute Behavior ::run [ RunTime:0.001421s ]
INFO: [ route_check ] --END-- [ RunTime:0.001567s ]
NOTIC: [2] stripslashes() expects exactly 1 parameter, 2 given E:\wamp\www\gprsmenagement\inc\Lib\Core\App.class.php 第 57 行.
NOTIC: [2] stripslashes() expects exactly 1 parameter, 2 given E:\wamp\www\gprsmenagement\inc\Lib\Core\App.class.php 第 57 行.
INFO: [ app_begin ] --START--
INFO: ReadHtmlCache Behavior ::run [ RunTime:0.000822s ]
INFO: CheckLang Behavior ::run [ RunTime:0.001460s ]
INFO: [ app_begin ] --END-- [ RunTime:0.002401s ]

[ 2017-06-05T12:43:53+08:00 ] 127.0.0.1 /gprsmenagement/index.php?s=/Device/index.html
INFO: [ route_check ] --START--
INFO: CheckRoute Behavior ::run [ RunTime:0.001271s ]
INFO: [ route_check ] --END-- [ RunTime:0.001371s ]
NOTIC: [2] stripslashes() expects exactly 1 parameter, 2 given E:\wamp\www\gprsmenagement\inc\Lib\Core\App.class.php 第 57 行.
NOTIC: [2] stripslashes() expects exactly 1 parameter, 2 given E:\wamp\www\gprsmenagement\inc\Lib\Core\App.class.php 第 57 行.
INFO: [ app_begin ] --START--
INFO: ReadHtmlCache Behavior ::run [ RunTime:0.000716s ]
INFO: CheckLang Behavior ::run [ RunTime:0.001316s ]
INFO: [ app_begin ] --END-- [ RunTime:0.002150s ]
NOTIC: [8] Constant THEME_NAME already defined E:\wamp\www\gprsmenagement\inc\Lib\Core\View.class.php 第 223 行.
NOTIC: [8] Constant THEME_PATH already defined E:\wamp\www\gprsmenagement\inc\Lib\Core\View.class.php 第 174 行.
NOTIC: [8] Constant APP_TMPL_PATH already defined E:\wamp\www\gprsmenagement\inc\Lib\Core\View.class.php 第 175 行.
INFO: [ view_parse ] --START--
INFO: ParseTemplate Behavior ::run [ RunTime:0.081285s ]
INFO: [ view_parse ] --END-- [ RunTime:0.081379s ]
INFO: [ view_filter ] --START--
INFO: ContentReplace Behavior ::run [ RunTime:0.000733s ]
INFO: TokenBuild Behavior ::run [ RunTime:0.000571s ]
INFO: WriteHtmlCache Behavior ::run [ RunTime:0.000874s ]
INFO: ShowRuntime Behavior ::run [ RunTime:0.000689s ]
INFO: [ view_filter ] --END-- [ RunTime:0.003254s ]
INFO: [ view_end ] --START--
INFO: ShowPageTrace Behavior ::run [ RunTime:0.000674s ]
INFO: [ view_end ] --END-- [ RunTime:0.000735s ]

[ 2017-06-05T12:43:53+08:00 ] 127.0.0.1 /gprsmenagement/index.php?s=/Device/index.html
INFO: [ route_check ] --START--
INFO: CheckRoute Behavior ::run [ RunTime:0.001279s ]
INFO: [ route_check ] --END-- [ RunTime:0.001374s ]
NOTIC: [2] stripslashes() expects exactly 1 parameter, 2 given E:\wamp\www\gprsmenagement\inc\Lib\Core\App.class.php 第 57 行.
NOTIC: [2] stripslashes() expects exactly 1 parameter, 2 given E:\wamp\www\gprsmenagement\inc\Lib\Core\App.class.php 第 57 行.
INFO: [ app_begin ] --START--
INFO: ReadHtmlCache Behavior ::run [ RunTime:0.000915s ]
INFO: CheckLang Behavior ::run [ RunTime:0.002053s ]
INFO: [ app_begin ] --END-- [ RunTime:0.003205s ]
NOTIC: [8] Constant THEME_NAME already defined E:\wamp\www\gprsmenagement\inc\Lib\Core\View.class.php 第 223 行.
NOTIC: [8] Constant THEME_PATH already defined E:\wamp\www\gprsmenagement\inc\Lib\Core\View.class.php 第 174 行.
NOTIC: [8] Constant APP_TMPL_PATH already defined E:\wamp\www\gprsmenagement\inc\Lib\Core\View.class.php 第 175 行.
INFO: [ view_parse ] --START--
INFO: ParseTemplate Behavior ::run [ RunTime:0.023150s ]
INFO: [ view_parse ] --END-- [ RunTime:0.023242s ]
INFO: [ view_filter ] --START--
INFO: ContentReplace Behavior ::run [ RunTime:0.000725s ]
INFO: TokenBuild Behavior ::run [ RunTime:0.000965s ]
INFO: WriteHtmlCache Behavior ::run [ RunTime:0.000816s ]
INFO: ShowRuntime Behavior ::run [ RunTime:0.000770s ]
INFO: [ view_filter ] --END-- [ RunTime:0.003534s ]
INFO: [ view_end ] --START--
INFO: ShowPageTrace Behavior ::run [ RunTime:0.000810s ]
INFO: [ view_end ] --END-- [ RunTime:0.000907s ]

[ 2017-06-05T12:43:53+08:00 ] 127.0.0.1 /gprsmenagement/index.php?s=/Alarm/index.html
INFO: [ route_check ] --START--
INFO: CheckRoute Behavior ::run [ RunTime:0.001909s ]
INFO: [ route_check ] --END-- [ RunTime:0.002049s ]
NOTIC: [2] stripslashes() expects exactly 1 parameter, 2 given E:\wamp\www\gprsmenagement\inc\Lib\Core\App.class.php 第 57 行.
NOTIC: [2] stripslashes() expects exactly 1 parameter, 2 given E:\wamp\www\gprsmenagement\inc\Lib\Core\App.class.php 第 57 行.
INFO: [ app_begin ] --START--
INFO: ReadHtmlCache Behavior ::run [ RunTime:0.000690s ]
INFO: CheckLang Behavior ::run [ RunTime:0.001268s ]
INFO: [ app_begin ] --END-- [ RunTime:0.002066s ]
INFO: [ view_parse ] --START--
INFO: ParseTemplate Behavior ::run [ RunTime:0.047628s ]
INFO: [ view_parse ] --END-- [ RunTime:0.047756s ]
INFO: [ view_filter ] --START--
INFO: ContentReplace Behavior ::run [ RunTime:0.000695s ]
INFO: TokenBuild Behavior ::run [ RunTime:0.000500s ]
INFO: WriteHtmlCache Behavior ::run [ RunTime:0.000454s ]
INFO: ShowRuntime Behavior ::run [ RunTime:0.000542s ]
INFO: [ view_filter ] --END-- [ RunTime:0.002367s ]
INFO: [ view_end ] --START--
INFO: ShowPageTrace Behavior ::run [ RunTime:0.001140s ]
INFO: [ view_end ] --END-- [ RunTime:0.001217s ]

[ 2017-06-05T12:43:53+08:00 ] 127.0.0.1 /gprsmenagement/index.php?s=/Alarm/index.html
INFO: [ route_check ] --START--
INFO: CheckRoute Behavior ::run [ RunTime:0.000922s ]
INFO: [ route_check ] --END-- [ RunTime:0.001015s ]
NOTIC: [2] stripslashes() expects exactly 1 parameter, 2 given E:\wamp\www\gprsmenagement\inc\Lib\Core\App.class.php 第 57 行.
NOTIC: [2] stripslashes() expects exactly 1 parameter, 2 given E:\wamp\www\gprsmenagement\inc\Lib\Core\App.class.php 第 57 行.
INFO: [ app_begin ] --START--
INFO: ReadHtmlCache Behavior ::run [ RunTime:0.000564s ]
INFO: CheckLang Behavior ::run [ RunTime:0.000825s ]
INFO: [ app_begin ] --END-- [ RunTime:0.001490s ]
INFO: [ view_parse ] --START--
INFO: ParseTemplate Behavior ::run [ RunTime:0.012891s ]
INFO: [ view_parse ] --END-- [ RunTime:0.012997s ]
INFO: [ view_filter ] --START--
INFO: ContentReplace Behavior ::run [ RunTime:0.000504s ]
INFO: TokenBuild Behavior ::run [ RunTime:0.000405s ]
INFO: WriteHtmlCache Behavior ::run [ RunTime:0.000274s ]
INFO: ShowRuntime Behavior ::run [ RunTime:0.000686s ]
INFO: [ view_filter ] --END-- [ RunTime:0.002048s ]
INFO: [ view_end ] --START--
INFO: ShowPageTrace Behavior ::run [ RunTime:0.000978s ]
INFO: [ view_end ] --END-- [ RunTime:0.001072s ]

[ 2017-06-05T12:43:54+08:00 ] 127.0.0.1 /gprsmenagement/index.php?s=/Alarm/alarminfo.html
INFO: [ route_check ] --START--
INFO: CheckRoute Behavior ::run [ RunTime:0.000982s ]
INFO: [ route_check ] --END-- [ RunTime:0.001230s ]
NOTIC: [2] stripslashes() expects exactly 1 parameter, 2 given E:\wamp\www\gprsmenagement\inc\Lib\Core\App.class.php 第 57 行.
NOTIC: [2] stripslashes() expects exactly 1 parameter, 2 given E:\wamp\www\gprsmenagement\inc\Lib\Core\App.class.php 第 57 行.
INFO: [ app_begin ] --START--
INFO: ReadHtmlCache Behavior ::run [ RunTime:0.001926s ]
INFO: CheckLang Behavior ::run [ RunTime:0.002981s ]
INFO: [ app_begin ] --END-- [ RunTime:0.005117s ]
NOTIC: [8] Constant THEME_NAME already defined E:\wamp\www\gprsmenagement\inc\Lib\Core\View.class.php 第 223 行.
NOTIC: [8] Constant THEME_PATH already defined E:\wamp\www\gprsmenagement\inc\Lib\Core\View.class.php 第 174 行.
NOTIC: [8] Constant APP_TMPL_PATH already defined E:\wamp\www\gprsmenagement\inc\Lib\Core\View.class.php 第 175 行.
INFO: [ view_parse ] --START--
NOTIC: [8] Undefined variable: page E:\wamp\www\gprsmenagement\App\Runtime\Cache\436d95816715588e00b7aa32ef9df98e.php 第 126 行.
INFO: ParseTemplate Behavior ::run [ RunTime:0.106411s ]
INFO: [ view_parse ] --END-- [ RunTime:0.106492s ]
INFO: [ view_filter ] --START--
INFO: ContentReplace Behavior ::run [ RunTime:0.001526s ]
INFO: TokenBuild Behavior ::run [ RunTime:0.000631s ]
INFO: WriteHtmlCache Behavior ::run [ RunTime:0.000419s ]
INFO: ShowRuntime Behavior ::run [ RunTime:0.000786s ]
INFO: [ view_filter ] --END-- [ RunTime:0.003565s ]
INFO: [ view_end ] --START--
INFO: ShowPageTrace Behavior ::run [ RunTime:0.000952s ]
INFO: [ view_end ] --END-- [ RunTime:0.001024s ]

[ 2017-06-05T12:43:54+08:00 ] 127.0.0.1 /gprsmenagement/index.php?s=/Alarm/index.html
INFO: [ route_check ] --START--
INFO: CheckRoute Behavior ::run [ RunTime:0.000791s ]
INFO: [ route_check ] --END-- [ RunTime:0.000882s ]
NOTIC: [2] stripslashes() expects exactly 1 parameter, 2 given E:\wamp\www\gprsmenagement\inc\Lib\Core\App.class.php 第 57 行.
NOTIC: [2] stripslashes() expects exactly 1 parameter, 2 given E:\wamp\www\gprsmenagement\inc\Lib\Core\App.class.php 第 57 行.
INFO: [ app_begin ] --START--
INFO: ReadHtmlCache Behavior ::run [ RunTime:0.000533s ]
INFO: CheckLang Behavior ::run [ RunTime:0.000919s ]
INFO: [ app_begin ] --END-- [ RunTime:0.001556s ]
INFO: [ view_parse ] --START--
INFO: ParseTemplate Behavior ::run [ RunTime:0.032961s ]
INFO: [ view_parse ] --END-- [ RunTime:0.033071s ]
INFO: [ view_filter ] --START--
INFO: ContentReplace Behavior ::run [ RunTime:0.000478s ]
INFO: TokenBuild Behavior ::run [ RunTime:0.000372s ]
INFO: WriteHtmlCache Behavior ::run [ RunTime:0.000260s ]
INFO: ShowRuntime Behavior ::run [ RunTime:0.000447s ]
INFO: [ view_filter ] --END-- [ RunTime:0.001780s ]
INFO: [ view_end ] --START--
INFO: ShowPageTrace Behavior ::run [ RunTime:0.000762s ]
INFO: [ view_end ] --END-- [ RunTime:0.000826s ]

[ 2017-06-05T12:43:54+08:00 ] 127.0.0.1 /gprsmenagement/index.php?s=/Alarm/alarminfo.html
INFO: [ route_check ] --START--
INFO: CheckRoute Behavior ::run [ RunTime:0.000772s ]
INFO: [ route_check ] --END-- [ RunTime:0.000863s ]
NOTIC: [2] stripslashes() expects exactly 1 parameter, 2 given E:\wamp\www\gprsmenagement\inc\Lib\Core\App.class.php 第 57 行.
NOTIC: [2] stripslashes() expects exactly 1 parameter, 2 given E:\wamp\www\gprsmenagement\inc\Lib\Core\App.class.php 第 57 行.
INFO: [ app_begin ] --START--
INFO: ReadHtmlCache Behavior ::run [ RunTime:0.000730s ]
INFO: CheckLang Behavior ::run [ RunTime:0.002230s ]
INFO: [ app_begin ] --END-- [ RunTime:0.003099s ]
NOTIC: [8] Constant THEME_NAME already defined E:\wamp\www\gprsmenagement\inc\Lib\Core\View.class.php 第 223 行.
NOTIC: [8] Constant THEME_PATH already defined E:\wamp\www\gprsmenagement\inc\Lib\Core\View.class.php 第 174 行.
NOTIC: [8] Constant APP_TMPL_PATH already defined E:\wamp\www\gprsmenagement\inc\Lib\Core\View.class.php 第 175 行.
INFO: [ view_parse ] --START--
NOTIC: [8] Undefined variable: page E:\wamp\www\gprsmenagement\App\Runtime\Cache\436d95816715588e00b7aa32ef9df98e.php 第 126 行.
INFO: ParseTemplate Behavior ::run [ RunTime:0.009816s ]
INFO: [ view_parse ] --END-- [ RunTime:0.010042s ]
INFO: [ view_filter ] --START--
INFO: ContentReplace Behavior ::run [ RunTime:0.000701s ]
INFO: TokenBuild Behavior ::run [ RunTime:0.000438s ]
INFO: WriteHtmlCache Behavior ::run [ RunTime:0.000360s ]
INFO: ShowRuntime Behavior ::run [ RunTime:0.000528s ]
INFO: [ view_filter ] --END-- [ RunTime:0.002212s ]
INFO: [ view_end ] --START--
INFO: ShowPageTrace Behavior ::run [ RunTime:0.000671s ]
INFO: [ view_end ] --END-- [ RunTime:0.000738s ]

[ 2017-06-05T12:43:54+08:00 ] 127.0.0.1 /gprsmenagement/index.php?s=/Alarm/alarminfo.html
INFO: [ route_check ] --START--
INFO: CheckRoute Behavior ::run [ RunTime:0.000978s ]
INFO: [ route_check ] --END-- [ RunTime:0.001098s ]
NOTIC: [2] stripslashes() expects exactly 1 parameter, 2 given E:\wamp\www\gprsmenagement\inc\Lib\Core\App.class.php 第 57 行.
NOTIC: [2] stripslashes() expects exactly 1 parameter, 2 given E:\wamp\www\gprsmenagement\inc\Lib\Core\App.class.php 第 57 行.
INFO: [ app_begin ] --START--
INFO: ReadHtmlCache Behavior ::run [ RunTime:0.000715s ]
INFO: CheckLang Behavior ::run [ RunTime:0.001585s ]
INFO: [ app_begin ] --END-- [ RunTime:0.002486s ]
NOTIC: [8] Constant THEME_NAME already defined E:\wamp\www\gprsmenagement\inc\Lib\Core\View.class.php 第 223 行.
NOTIC: [8] Constant THEME_PATH already defined E:\wamp\www\gprsmenagement\inc\Lib\Core\View.class.php 第 174 行.
NOTIC: [8] Constant APP_TMPL_PATH already defined E:\wamp\www\gprsmenagement\inc\Lib\Core\View.class.php 第 175 行.
INFO: [ view_parse ] --START--
NOTIC: [8] Undefined variable: page E:\wamp\www\gprsmenagement\App\Runtime\Cache\436d95816715588e00b7aa32ef9df98e.php 第 126 行.
INFO: ParseTemplate Behavior ::run [ RunTime:0.021412s ]
INFO: [ view_parse ] --END-- [ RunTime:0.021499s ]
INFO: [ view_filter ] --START--
INFO: ContentReplace Behavior ::run [ RunTime:0.000826s ]
INFO: TokenBuild Behavior ::run [ RunTime:0.000528s ]
INFO: WriteHtmlCache Behavior ::run [ RunTime:0.000369s ]
INFO: ShowRuntime Behavior ::run [ RunTime:0.000583s ]
INFO: [ view_filter ] --END-- [ RunTime:0.002481s ]
INFO: [ view_end ] --START--
INFO: ShowPageTrace Behavior ::run [ RunTime:0.000718s ]
INFO: [ view_end ] --END-- [ RunTime:0.000784s ]

[ 2017-06-05T12:43:56+08:00 ] 127.0.0.1 /gprsmenagement/index.php?s=/Alarm/index.html
INFO: [ route_check ] --START--
INFO: CheckRoute Behavior ::run [ RunTime:0.000931s ]
INFO: [ route_check ] --END-- [ RunTime:0.001031s ]
NOTIC: [2] stripslashes() expects exactly 1 parameter, 2 given E:\wamp\www\gprsmenagement\inc\Lib\Core\App.class.php 第 57 行.
NOTIC: [2] stripslashes() expects exactly 1 parameter, 2 given E:\wamp\www\gprsmenagement\inc\Lib\Core\App.class.php 第 57 行.
INFO: [ app_begin ] --START--
INFO: ReadHtmlCache Behavior ::run [ RunTime:0.001110s ]
INFO: CheckLang Behavior ::run [ RunTime:0.001014s ]
INFO: [ app_begin ] --END-- [ RunTime:0.002243s ]
INFO: [ view_parse ] --START--
INFO: ParseTemplate Behavior ::run [ RunTime:0.012157s ]
INFO: [ view_parse ] --END-- [ RunTime:0.012251s ]
INFO: [ view_filter ] --START--
INFO: ContentReplace Behavior ::run [ RunTime:0.000456s ]
INFO: TokenBuild Behavior ::run [ RunTime:0.000391s ]
INFO: WriteHtmlCache Behavior ::run [ RunTime:0.000282s ]
INFO: ShowRuntime Behavior ::run [ RunTime:0.000520s ]
INFO: [ view_filter ] --END-- [ RunTime:0.001818s ]
INFO: [ view_end ] --START--
INFO: ShowPageTrace Behavior ::run [ RunTime:0.000766s ]
INFO: [ view_end ] --END-- [ RunTime:0.000828s ]

[ 2017-06-05T12:43:56+08:00 ] 127.0.0.1 /gprsmenagement/index.php?s=/Alarm/alarminfo.html
INFO: [ route_check ] --START--
INFO: CheckRoute Behavior ::run [ RunTime:0.000795s ]
INFO: [ route_check ] --END-- [ RunTime:0.000879s ]
NOTIC: [2] stripslashes() expects exactly 1 parameter, 2 given E:\wamp\www\gprsmenagement\inc\Lib\Core\App.class.php 第 57 行.
NOTIC: [2] stripslashes() expects exactly 1 parameter, 2 given E:\wamp\www\gprsmenagement\inc\Lib\Core\App.class.php 第 57 行.
INFO: [ app_begin ] --START--
INFO: ReadHtmlCache Behavior ::run [ RunTime:0.000528s ]
INFO: CheckLang Behavior ::run [ RunTime:0.000830s ]
INFO: [ app_begin ] --END-- [ RunTime:0.001455s ]
NOTIC: [8] Constant THEME_NAME already defined E:\wamp\www\gprsmenagement\inc\Lib\Core\View.class.php 第 223 行.
NOTIC: [8] Constant THEME_PATH already defined E:\wamp\www\gprsmenagement\inc\Lib\Core\View.class.php 第 174 行.
NOTIC: [8] Constant APP_TMPL_PATH already defined E:\wamp\www\gprsmenagement\inc\Lib\Core\View.class.php 第 175 行.
INFO: [ view_parse ] --START--
NOTIC: [8] Undefined variable: page E:\wamp\www\gprsmenagement\App\Runtime\Cache\436d95816715588e00b7aa32ef9df98e.php 第 126 行.
INFO: ParseTemplate Behavior ::run [ RunTime:0.008285s ]
INFO: [ view_parse ] --END-- [ RunTime:0.008358s ]
INFO: [ view_filter ] --START--
INFO: ContentReplace Behavior ::run [ RunTime:0.000438s ]
INFO: TokenBuild Behavior ::run [ RunTime:0.000369s ]
INFO: WriteHtmlCache Behavior ::run [ RunTime:0.000262s ]
INFO: ShowRuntime Behavior ::run [ RunTime:0.000424s ]
INFO: [ view_filter ] --END-- [ RunTime:0.001645s ]
INFO: [ view_end ] --START--
INFO: ShowPageTrace Behavior ::run [ RunTime:0.000532s ]
INFO: [ view_end ] --END-- [ RunTime:0.000586s ]

[ 2017-06-05T12:43:56+08:00 ] 127.0.0.1 /gprsmenagement/index.php?s=/Alarm/index.html
INFO: [ route_check ] --START--
INFO: CheckRoute Behavior ::run [ RunTime:0.000824s ]
INFO: [ route_check ] --END-- [ RunTime:0.000917s ]
NOTIC: [2] stripslashes() expects exactly 1 parameter, 2 given E:\wamp\www\gprsmenagement\inc\Lib\Core\App.class.php 第 57 行.
NOTIC: [2] stripslashes() expects exactly 1 parameter, 2 given E:\wamp\www\gprsmenagement\inc\Lib\Core\App.class.php 第 57 行.
INFO: [ app_begin ] --START--
INFO: ReadHtmlCache Behavior ::run [ RunTime:0.000568s ]
INFO: CheckLang Behavior ::run [ RunTime:0.000855s ]
INFO: [ app_begin ] --END-- [ RunTime:0.001521s ]
INFO: [ view_parse ] --START--
INFO: ParseTemplate Behavior ::run [ RunTime:0.010463s ]
INFO: [ view_parse ] --END-- [ RunTime:0.010565s ]
INFO: [ view_filter ] --START--
INFO: ContentReplace Behavior ::run [ RunTime:0.000456s ]
INFO: TokenBuild Behavior ::run [ RunTime:0.000371s ]
INFO: WriteHtmlCache Behavior ::run [ RunTime:0.000250s ]
INFO: ShowRuntime Behavior ::run [ RunTime:0.000450s ]
INFO: [ view_filter ] --END-- [ RunTime:0.001704s ]
INFO: [ view_end ] --START--
INFO: ShowPageTrace Behavior ::run [ RunTime:0.000580s ]
INFO: [ view_end ] --END-- [ RunTime:0.000637s ]

[ 2017-06-05T12:43:56+08:00 ] 127.0.0.1 /gprsmenagement/index.php?s=/Alarm/index.html
INFO: [ route_check ] --START--
INFO: CheckRoute Behavior ::run [ RunTime:0.000771s ]
INFO: [ route_check ] --END-- [ RunTime:0.000863s ]
NOTIC: [2] stripslashes() expects exactly 1 parameter, 2 given E:\wamp\www\gprsmenagement\inc\Lib\Core\App.class.php 第 57 行.
NOTIC: [2] stripslashes() expects exactly 1 parameter, 2 given E:\wamp\www\gprsmenagement\inc\Lib\Core\App.class.php 第 57 行.
INFO: [ app_begin ] --START--
INFO: ReadHtmlCache Behavior ::run [ RunTime:0.000532s ]
INFO: CheckLang Behavior ::run [ RunTime:0.000827s ]
INFO: [ app_begin ] --END-- [ RunTime:0.001460s ]
INFO: [ view_parse ] --START--
INFO: ParseTemplate Behavior ::run [ RunTime:0.009834s ]
INFO: [ view_parse ] --END-- [ RunTime:0.009926s ]
INFO: [ view_filter ] --START--
INFO: ContentReplace Behavior ::run [ RunTime:0.000472s ]
INFO: TokenBuild Behavior ::run [ RunTime:0.000359s ]
INFO: WriteHtmlCache Behavior ::run [ RunTime:0.000250s ]
INFO: ShowRuntime Behavior ::run [ RunTime:0.000420s ]
INFO: [ view_filter ] --END-- [ RunTime:0.001658s ]
INFO: [ view_end ] --START--
INFO: ShowPageTrace Behavior ::run [ RunTime:0.000569s ]
INFO: [ view_end ] --END-- [ RunTime:0.000623s ]

[ 2017-06-05T12:43:56+08:00 ] 127.0.0.1 /gprsmenagement/index.php?s=/Alarm/alarminfo.html
INFO: [ route_check ] --START--
INFO: CheckRoute Behavior ::run [ RunTime:0.000987s ]
INFO: [ route_check ] --END-- [ RunTime:0.001104s ]
NOTIC: [2] stripslashes() expects exactly 1 parameter, 2 given E:\wamp\www\gprsmenagement\inc\Lib\Core\App.class.php 第 57 行.
NOTIC: [2] stripslashes() expects exactly 1 parameter, 2 given E:\wamp\www\gprsmenagement\inc\Lib\Core\App.class.php 第 57 行.
INFO: [ app_begin ] --START--
INFO: ReadHtmlCache Behavior ::run [ RunTime:0.000586s ]
INFO: CheckLang Behavior ::run [ RunTime:0.000967s ]
INFO: [ app_begin ] --END-- [ RunTime:0.001659s ]
NOTIC: [8] Constant THEME_NAME already defined E:\wamp\www\gprsmenagement\inc\Lib\Core\View.class.php 第 223 行.
NOTIC: [8] Constant THEME_PATH already defined E:\wamp\www\gprsmenagement\inc\Lib\Core\View.class.php 第 174 行.
NOTIC: [8] Constant APP_TMPL_PATH already defined E:\wamp\www\gprsmenagement\inc\Lib\Core\View.class.php 第 175 行.
INFO: [ view_parse ] --START--
NOTIC: [8] Undefined variable: page E:\wamp\www\gprsmenagement\App\Runtime\Cache\436d95816715588e00b7aa32ef9df98e.php 第 126 行.
INFO: ParseTemplate Behavior ::run [ RunTime:0.011746s ]
INFO: [ view_parse ] --END-- [ RunTime:0.011832s ]
INFO: [ view_filter ] --START--
INFO: ContentReplace Behavior ::run [ RunTime:0.000695s ]
INFO: TokenBuild Behavior ::run [ RunTime:0.000414s ]
INFO: WriteHtmlCache Behavior ::run [ RunTime:0.000334s ]
INFO: ShowRuntime Behavior ::run [ RunTime:0.000634s ]
INFO: [ view_filter ] --END-- [ RunTime:0.002381s ]
INFO: [ view_end ] --START--
INFO: ShowPageTrace Behavior ::run [ RunTime:0.000807s ]
INFO: [ view_end ] --END-- [ RunTime:0.000889s ]

[ 2017-06-05T12:43:56+08:00 ] 127.0.0.1 /gprsmenagement/index.php?s=/Alarm/alarminfo.html
INFO: [ route_check ] --START--
INFO: CheckRoute Behavior ::run [ RunTime:0.000774s ]
INFO: [ route_check ] --END-- [ RunTime:0.000863s ]
NOTIC: [2] stripslashes() expects exactly 1 parameter, 2 given E:\wamp\www\gprsmenagement\inc\Lib\Core\App.class.php 第 57 行.
NOTIC: [2] stripslashes() expects exactly 1 parameter, 2 given E:\wamp\www\gprsmenagement\inc\Lib\Core\App.class.php 第 57 行.
INFO: [ app_begin ] --START--
INFO: ReadHtmlCache Behavior ::run [ RunTime:0.000534s ]
INFO: CheckLang Behavior ::run [ RunTime:0.000831s ]
INFO: [ app_begin ] --END-- [ RunTime:0.001466s ]
NOTIC: [8] Constant THEME_NAME already defined E:\wamp\www\gprsmenagement\inc\Lib\Core\View.class.php 第 223 行.
NOTIC: [8] Constant THEME_PATH already defined E:\wamp\www\gprsmenagement\inc\Lib\Core\View.class.php 第 174 行.
NOTIC: [8] Constant APP_TMPL_PATH already defined E:\wamp\www\gprsmenagement\inc\Lib\Core\View.class.php 第 175 行.
INFO: [ view_parse ] --START--
NOTIC: [8] Undefined variable: page E:\wamp\www\gprsmenagement\App\Runtime\Cache\436d95816715588e00b7aa32ef9df98e.php 第 126 行.
INFO: ParseTemplate Behavior ::run [ RunTime:0.007711s ]
INFO: [ view_parse ] --END-- [ RunTime:0.007786s ]
INFO: [ view_filter ] --START--
INFO: ContentReplace Behavior ::run [ RunTime:0.000423s ]
INFO: TokenBuild Behavior ::run [ RunTime:0.000349s ]
INFO: WriteHtmlCache Behavior ::run [ RunTime:0.000251s ]
INFO: ShowRuntime Behavior ::run [ RunTime:0.000421s ]
INFO: [ view_filter ] --END-- [ RunTime:0.001596s ]
INFO: [ view_end ] --START--
INFO: ShowPageTrace Behavior ::run [ RunTime:0.000536s ]
INFO: [ view_end ] --END-- [ RunTime:0.000591s ]

[ 2017-06-05T12:43:58+08:00 ] 127.0.0.1 /gprsmenagement/index.php?s=/Log/index.html
INFO: [ route_check ] --START--
INFO: CheckRoute Behavior ::run [ RunTime:0.000940s ]
INFO: [ route_check ] --END-- [ RunTime:0.001060s ]
NOTIC: [2] stripslashes() expects exactly 1 parameter, 2 given E:\wamp\www\gprsmenagement\inc\Lib\Core\App.class.php 第 57 行.
NOTIC: [2] stripslashes() expects exactly 1 parameter, 2 given E:\wamp\www\gprsmenagement\inc\Lib\Core\App.class.php 第 57 行.
INFO: [ app_begin ] --START--
INFO: ReadHtmlCache Behavior ::run [ RunTime:0.000637s ]
INFO: CheckLang Behavior ::run [ RunTime:0.000909s ]
INFO: [ app_begin ] --END-- [ RunTime:0.001742s ]
NOTIC: [8] Constant THEME_NAME already defined E:\wamp\www\gprsmenagement\inc\Lib\Core\View.class.php 第 223 行.
NOTIC: [8] Constant THEME_PATH already defined E:\wamp\www\gprsmenagement\inc\Lib\Core\View.class.php 第 174 行.
NOTIC: [8] Constant APP_TMPL_PATH already defined E:\wamp\www\gprsmenagement\inc\Lib\Core\View.class.php 第 175 行.
INFO: [ view_parse ] --START--
INFO: ParseTemplate Behavior ::run [ RunTime:0.032039s ]
INFO: [ view_parse ] --END-- [ RunTime:0.032131s ]
INFO: [ view_filter ] --START--
INFO: ContentReplace Behavior ::run [ RunTime:0.000475s ]
INFO: TokenBuild Behavior ::run [ RunTime:0.000369s ]
INFO: WriteHtmlCache Behavior ::run [ RunTime:0.000259s ]
INFO: ShowRuntime Behavior ::run [ RunTime:0.000431s ]
INFO: [ view_filter ] --END-- [ RunTime:0.001698s ]
INFO: [ view_end ] --START--
INFO: ShowPageTrace Behavior ::run [ RunTime:0.000611s ]
INFO: [ view_end ] --END-- [ RunTime:0.000674s ]

[ 2017-06-05T12:43:58+08:00 ] 127.0.0.1 /gprsmenagement/index.php?s=/Log/loginfo.html
INFO: [ route_check ] --START--
INFO: CheckRoute Behavior ::run [ RunTime:0.001009s ]
INFO: [ route_check ] --END-- [ RunTime:0.001100s ]
NOTIC: [2] stripslashes() expects exactly 1 parameter, 2 given E:\wamp\www\gprsmenagement\inc\Lib\Core\App.class.php 第 57 行.
NOTIC: [2] stripslashes() expects exactly 1 parameter, 2 given E:\wamp\www\gprsmenagement\inc\Lib\Core\App.class.php 第 57 行.
INFO: [ app_begin ] --START--
INFO: ReadHtmlCache Behavior ::run [ RunTime:0.000591s ]
INFO: CheckLang Behavior ::run [ RunTime:0.000879s ]
INFO: [ app_begin ] --END-- [ RunTime:0.001573s ]
SQL: SHOW COLUMNS FROM `login_info` [ RunTime:0.035758s ]
SQL: SELECT COUNT(*) AS tp_count FROM `login_info` WHERE ( 1 ) LIMIT 1   [ RunTime:0.000685s ]
SQL: SELECT * FROM `login_info` WHERE ( 1 ) LIMIT 0,21   [ RunTime:0.000341s ]
SQL: SHOW COLUMNS FROM `user_info` [ RunTime:0.022555s ]
SQL: SELECT * FROM `user_info` WHERE ( userid=1 ) LIMIT 1   [ RunTime:0.000804s ]
SQL: SELECT * FROM `user_info` WHERE ( userid=1 ) LIMIT 1   [ RunTime:0.000266s ]
SQL: SELECT * FROM `user_info` WHERE ( userid=1 ) LIMIT 1   [ RunTime:0.000426s ]
SQL: SELECT * FROM `user_info` WHERE ( userid=1 ) LIMIT 1   [ RunTime:0.000366s ]
SQL: SELECT * FROM `user_info` WHERE ( userid=1 ) LIMIT 1   [ RunTime:0.000202s ]
SQL: SELECT * FROM `user_info` WHERE ( userid=5 ) LIMIT 1   [ RunTime:0.000222s ]
SQL: SELECT * FROM `user_info` WHERE ( userid=1 ) LIMIT 1   [ RunTime:0.000182s ]
SQL: SELECT * FROM `user_info` WHERE ( userid=1 ) LIMIT 1   [ RunTime:0.000196s ]
SQL: SELECT * FROM `user_info` WHERE ( userid=1 ) LIMIT 1   [ RunTime:0.000196s ]
SQL: SELECT * FROM `user_info` WHERE ( userid=1 ) LIMIT 1   [ RunTime:0.000256s ]
SQL: SELECT * FROM `user_info` WHERE ( userid=1 ) LIMIT 1   [ RunTime:0.000254s ]
INFO: [ view_parse ] --START--
INFO: ParseTemplate Behavior ::run [ RunTime:0.026236s ]
INFO: [ view_parse ] --END-- [ RunTime:0.026380s ]
INFO: [ view_filter ] --START--
INFO: ContentReplace Behavior ::run [ RunTime:0.000452s ]
INFO: TokenBuild Behavior ::run [ RunTime:0.000356s ]
INFO: WriteHtmlCache Behavior ::run [ RunTime:0.000249s ]
INFO: ShowRuntime Behavior ::run [ RunTime:0.000420s ]
INFO: [ view_filter ] --END-- [ RunTime:0.001640s ]
INFO: [ view_end ] --START--
INFO: ShowPageTrace Behavior ::run [ RunTime:0.001068s ]
INFO: [ view_end ] --END-- [ RunTime:0.001143s ]

[ 2017-06-05T12:43:58+08:00 ] 127.0.0.1 /gprsmenagement/index.php?s=/Log/index.html
INFO: [ route_check ] --START--
INFO: CheckRoute Behavior ::run [ RunTime:0.000795s ]
INFO: [ route_check ] --END-- [ RunTime:0.000882s ]
NOTIC: [2] stripslashes() expects exactly 1 parameter, 2 given E:\wamp\www\gprsmenagement\inc\Lib\Core\App.class.php 第 57 行.
NOTIC: [2] stripslashes() expects exactly 1 parameter, 2 given E:\wamp\www\gprsmenagement\inc\Lib\Core\App.class.php 第 57 行.
INFO: [ app_begin ] --START--
INFO: ReadHtmlCache Behavior ::run [ RunTime:0.000543s ]
INFO: CheckLang Behavior ::run [ RunTime:0.000924s ]
INFO: [ app_begin ] --END-- [ RunTime:0.001635s ]
NOTIC: [8] Constant THEME_NAME already defined E:\wamp\www\gprsmenagement\inc\Lib\Core\View.class.php 第 223 行.
NOTIC: [8] Constant THEME_PATH already defined E:\wamp\www\gprsmenagement\inc\Lib\Core\View.class.php 第 174 行.
NOTIC: [8] Constant APP_TMPL_PATH already defined E:\wamp\www\gprsmenagement\inc\Lib\Core\View.class.php 第 175 行.
INFO: [ view_parse ] --START--
INFO: ParseTemplate Behavior ::run [ RunTime:0.017184s ]
INFO: [ view_parse ] --END-- [ RunTime:0.017282s ]
INFO: [ view_filter ] --START--
INFO: ContentReplace Behavior ::run [ RunTime:0.000480s ]
INFO: TokenBuild Behavior ::run [ RunTime:0.000486s ]
INFO: WriteHtmlCache Behavior ::run [ RunTime:0.000261s ]
INFO: ShowRuntime Behavior ::run [ RunTime:0.000473s ]
INFO: [ view_filter ] --END-- [ RunTime:0.001867s ]
INFO: [ view_end ] --START--
INFO: ShowPageTrace Behavior ::run [ RunTime:0.000597s ]
INFO: [ view_end ] --END-- [ RunTime:0.000657s ]

[ 2017-06-05T12:43:58+08:00 ] 127.0.0.1 /gprsmenagement/index.php?s=/Log/index.html
INFO: [ route_check ] --START--
INFO: CheckRoute Behavior ::run [ RunTime:0.041592s ]
INFO: [ route_check ] --END-- [ RunTime:0.041703s ]
NOTIC: [2] stripslashes() expects exactly 1 parameter, 2 given E:\wamp\www\gprsmenagement\inc\Lib\Core\App.class.php 第 57 行.
NOTIC: [2] stripslashes() expects exactly 1 parameter, 2 given E:\wamp\www\gprsmenagement\inc\Lib\Core\App.class.php 第 57 行.
INFO: [ app_begin ] --START--
INFO: ReadHtmlCache Behavior ::run [ RunTime:0.000674s ]
INFO: CheckLang Behavior ::run [ RunTime:0.000879s ]
INFO: [ app_begin ] --END-- [ RunTime:0.001662s ]
NOTIC: [8] Constant THEME_NAME already defined E:\wamp\www\gprsmenagement\inc\Lib\Core\View.class.php 第 223 行.
NOTIC: [8] Constant THEME_PATH already defined E:\wamp\www\gprsmenagement\inc\Lib\Core\View.class.php 第 174 行.
NOTIC: [8] Constant APP_TMPL_PATH already defined E:\wamp\www\gprsmenagement\inc\Lib\Core\View.class.php 第 175 行.
INFO: [ view_parse ] --START--
INFO: ParseTemplate Behavior ::run [ RunTime:0.012049s ]
INFO: [ view_parse ] --END-- [ RunTime:0.012140s ]
INFO: [ view_filter ] --START--
INFO: ContentReplace Behavior ::run [ RunTime:0.000508s ]
INFO: TokenBuild Behavior ::run [ RunTime:0.000374s ]
INFO: WriteHtmlCache Behavior ::run [ RunTime:0.000260s ]
INFO: ShowRuntime Behavior ::run [ RunTime:0.000429s ]
INFO: [ view_filter ] --END-- [ RunTime:0.001741s ]
INFO: [ view_end ] --START--
INFO: ShowPageTrace Behavior ::run [ RunTime:0.004878s ]
INFO: [ view_end ] --END-- [ RunTime:0.005030s ]

[ 2017-06-05T12:43:58+08:00 ] 127.0.0.1 /gprsmenagement/index.php?s=/Log/loginfo.html
INFO: [ route_check ] --START--
INFO: CheckRoute Behavior ::run [ RunTime:0.001140s ]
INFO: [ route_check ] --END-- [ RunTime:0.001239s ]
NOTIC: [2] stripslashes() expects exactly 1 parameter, 2 given E:\wamp\www\gprsmenagement\inc\Lib\Core\App.class.php 第 57 行.
NOTIC: [2] stripslashes() expects exactly 1 parameter, 2 given E:\wamp\www\gprsmenagement\inc\Lib\Core\App.class.php 第 57 行.
INFO: [ app_begin ] --START--
INFO: ReadHtmlCache Behavior ::run [ RunTime:0.000581s ]
INFO: CheckLang Behavior ::run [ RunTime:0.000864s ]
INFO: [ app_begin ] --END-- [ RunTime:0.001611s ]
SQL: SHOW COLUMNS FROM `login_info` [ RunTime:0.007634s ]
SQL: SELECT COUNT(*) AS tp_count FROM `login_info` WHERE ( 1 ) LIMIT 1   [ RunTime:0.000515s ]
SQL: SELECT * FROM `login_info` WHERE ( 1 ) LIMIT 0,21   [ RunTime:0.001200s ]
SQL: SHOW COLUMNS FROM `user_info` [ RunTime:0.004624s ]
SQL: SELECT * FROM `user_info` WHERE ( userid=1 ) LIMIT 1   [ RunTime:0.000531s ]
SQL: SELECT * FROM `user_info` WHERE ( userid=1 ) LIMIT 1   [ RunTime:0.000517s ]
SQL: SELECT * FROM `user_info` WHERE ( userid=1 ) LIMIT 1   [ RunTime:0.000516s ]
SQL: SELECT * FROM `user_info` WHERE ( userid=1 ) LIMIT 1   [ RunTime:0.000519s ]
SQL: SELECT * FROM `user_info` WHERE ( userid=1 ) LIMIT 1   [ RunTime:0.000530s ]
SQL: SELECT * FROM `user_info` WHERE ( userid=5 ) LIMIT 1   [ RunTime:0.000499s ]
SQL: SELECT * FROM `user_info` WHERE ( userid=1 ) LIMIT 1   [ RunTime:0.000495s ]
SQL: SELECT * FROM `user_info` WHERE ( userid=1 ) LIMIT 1   [ RunTime:0.000555s ]
SQL: SELECT * FROM `user_info` WHERE ( userid=1 ) LIMIT 1   [ RunTime:0.000514s ]
SQL: SELECT * FROM `user_info` WHERE ( userid=1 ) LIMIT 1   [ RunTime:0.000506s ]
SQL: SELECT * FROM `user_info` WHERE ( userid=1 ) LIMIT 1   [ RunTime:0.000505s ]
INFO: [ view_parse ] --START--
INFO: ParseTemplate Behavior ::run [ RunTime:0.012515s ]
INFO: [ view_parse ] --END-- [ RunTime:0.012629s ]
INFO: [ view_filter ] --START--
INFO: ContentReplace Behavior ::run [ RunTime:0.000467s ]
INFO: TokenBuild Behavior ::run [ RunTime:0.000360s ]
INFO: WriteHtmlCache Behavior ::run [ RunTime:0.000257s ]
INFO: ShowRuntime Behavior ::run [ RunTime:0.000444s ]
INFO: [ view_filter ] --END-- [ RunTime:0.001684s ]
INFO: [ view_end ] --START--
INFO: ShowPageTrace Behavior ::run [ RunTime:0.000622s ]
INFO: [ view_end ] --END-- [ RunTime:0.000684s ]

[ 2017-06-05T12:43:58+08:00 ] 127.0.0.1 /gprsmenagement/index.php?s=/Log/loginfo.html
INFO: [ route_check ] --START--
INFO: CheckRoute Behavior ::run [ RunTime:0.000756s ]
INFO: [ route_check ] --END-- [ RunTime:0.000841s ]
NOTIC: [2] stripslashes() expects exactly 1 parameter, 2 given E:\wamp\www\gprsmenagement\inc\Lib\Core\App.class.php 第 57 行.
NOTIC: [2] stripslashes() expects exactly 1 parameter, 2 given E:\wamp\www\gprsmenagement\inc\Lib\Core\App.class.php 第 57 行.
INFO: [ app_begin ] --START--
INFO: ReadHtmlCache Behavior ::run [ RunTime:0.000534s ]
INFO: CheckLang Behavior ::run [ RunTime:0.000804s ]
INFO: [ app_begin ] --END-- [ RunTime:0.001436s ]
SQL: SHOW COLUMNS FROM `login_info` [ RunTime:0.005503s ]
SQL: SELECT COUNT(*) AS tp_count FROM `login_info` WHERE ( 1 ) LIMIT 1   [ RunTime:0.000389s ]
SQL: SELECT * FROM `login_info` WHERE ( 1 ) LIMIT 0,21   [ RunTime:0.000289s ]
SQL: SHOW COLUMNS FROM `user_info` [ RunTime:0.031252s ]
SQL: SELECT * FROM `user_info` WHERE ( userid=1 ) LIMIT 1   [ RunTime:0.000509s ]
SQL: SELECT * FROM `user_info` WHERE ( userid=1 ) LIMIT 1   [ RunTime:0.000635s ]
SQL: SELECT * FROM `user_info` WHERE ( userid=1 ) LIMIT 1   [ RunTime:0.000521s ]
SQL: SELECT * FROM `user_info` WHERE ( userid=1 ) LIMIT 1   [ RunTime:0.000548s ]
SQL: SELECT * FROM `user_info` WHERE ( userid=1 ) LIMIT 1   [ RunTime:0.000506s ]
SQL: SELECT * FROM `user_info` WHERE ( userid=5 ) LIMIT 1   [ RunTime:0.000501s ]
SQL: SELECT * FROM `user_info` WHERE ( userid=1 ) LIMIT 1   [ RunTime:0.000516s ]
SQL: SELECT * FROM `user_info` WHERE ( userid=1 ) LIMIT 1   [ RunTime:0.000672s ]
SQL: SELECT * FROM `user_info` WHERE ( userid=1 ) LIMIT 1   [ RunTime:0.000939s ]
SQL: SELECT * FROM `user_info` WHERE ( userid=1 ) LIMIT 1   [ RunTime:0.000541s ]
SQL: SELECT * FROM `user_info` WHERE ( userid=1 ) LIMIT 1   [ RunTime:0.000440s ]
INFO: [ view_parse ] --START--
INFO: ParseTemplate Behavior ::run [ RunTime:0.011580s ]
INFO: [ view_parse ] --END-- [ RunTime:0.011708s ]
INFO: [ view_filter ] --START--
INFO: ContentReplace Behavior ::run [ RunTime:0.000503s ]
INFO: TokenBuild Behavior ::run [ RunTime:0.000450s ]
INFO: WriteHtmlCache Behavior ::run [ RunTime:0.000265s ]
INFO: ShowRuntime Behavior ::run [ RunTime:0.000431s ]
INFO: [ view_filter ] --END-- [ RunTime:0.001815s ]
INFO: [ view_end ] --START--
INFO: ShowPageTrace Behavior ::run [ RunTime:0.000863s ]
INFO: [ view_end ] --END-- [ RunTime:0.000953s ]

