[ 2017-04-28T19:23:27+08:00 ] 127.0.0.1 /vehiclemenagement2/index.php?s=/Index/index&l=zh-cn
INFO: [ route_check ] --START--
INFO: CheckRoute Behavior ::run [ RunTime:0.001598s ]
INFO: [ route_check ] --END-- [ RunTime:0.001848s ]
NOTIC: [2] htmlspecialchars() expects parameter 2 to be long, string given E:\wamp\www\vehiclemenagement2\inc\Lib\Core\App.class.php 第 57 行.
NOTIC: [2] stripslashes() expects exactly 1 parameter, 2 given E:\wamp\www\vehiclemenagement2\inc\Lib\Core\App.class.php 第 57 行.
NOTIC: [2] stripslashes() expects exactly 1 parameter, 2 given E:\wamp\www\vehiclemenagement2\inc\Lib\Core\App.class.php 第 57 行.
NOTIC: [2] stripslashes() expects exactly 1 parameter, 2 given E:\wamp\www\vehiclemenagement2\inc\Lib\Core\App.class.php 第 57 行.
INFO: [ app_begin ] --START--
INFO: ReadHtmlCache Behavior ::run [ RunTime:0.001189s ]
INFO: CheckLang Behavior ::run [ RunTime:0.014898s ]
INFO: [ app_begin ] --END-- [ RunTime:0.016308s ]
INFO: [ view_parse ] --START--
NOTIC: [8] A session had already been started - ignoring session_start() E:\wamp\www\vehiclemenagement2\App\Runtime\Cache\f331a3f0d874c4248458495ef2c2c2d1.php 第 219 行.
INFO: ParseTemplate Behavior ::run [ RunTime:0.065507s ]
INFO: [ view_parse ] --END-- [ RunTime:0.065602s ]
INFO: [ view_filter ] --START--
INFO: ContentReplace Behavior ::run [ RunTime:0.006211s ]
INFO: TokenBuild Behavior ::run [ RunTime:0.008182s ]
INFO: WriteHtmlCache Behavior ::run [ RunTime:0.001381s ]
INFO: ShowRuntime Behavior ::run [ RunTime:0.001128s ]
INFO: [ view_filter ] --END-- [ RunTime:0.017159s ]
INFO: [ view_end ] --START--
INFO: ShowPageTrace Behavior ::run [ RunTime:0.001226s ]
INFO: [ view_end ] --END-- [ RunTime:0.001301s ]

[ 2017-04-28T19:23:28+08:00 ] 127.0.0.1 /vehiclemenagement2/index.php?s=/Index/homepage.html
INFO: [ route_check ] --START--
INFO: CheckRoute Behavior ::run [ RunTime:0.000751s ]
INFO: [ route_check ] --END-- [ RunTime:0.000844s ]
NOTIC: [2] stripslashes() expects exactly 1 parameter, 2 given E:\wamp\www\vehiclemenagement2\inc\Lib\Core\App.class.php 第 57 行.
NOTIC: [2] stripslashes() expects exactly 1 parameter, 2 given E:\wamp\www\vehiclemenagement2\inc\Lib\Core\App.class.php 第 57 行.
INFO: [ app_begin ] --START--
INFO: ReadHtmlCache Behavior ::run [ RunTime:0.000522s ]
INFO: CheckLang Behavior ::run [ RunTime:0.000801s ]
INFO: [ app_begin ] --END-- [ RunTime:0.001422s ]
NOTIC: [8] Constant THEME_NAME already defined E:\wamp\www\vehiclemenagement2\inc\Lib\Core\View.class.php 第 223 行.
NOTIC: [8] Constant THEME_PATH already defined E:\wamp\www\vehiclemenagement2\inc\Lib\Core\View.class.php 第 174 行.
NOTIC: [8] Constant APP_TMPL_PATH already defined E:\wamp\www\vehiclemenagement2\inc\Lib\Core\View.class.php 第 175 行.
INFO: [ view_parse ] --START--
INFO: ParseTemplate Behavior ::run [ RunTime:0.007722s ]
INFO: [ view_parse ] --END-- [ RunTime:0.007948s ]
INFO: [ view_filter ] --START--
INFO: ContentReplace Behavior ::run [ RunTime:0.000417s ]
INFO: TokenBuild Behavior ::run [ RunTime:0.000343s ]
INFO: WriteHtmlCache Behavior ::run [ RunTime:0.000291s ]
INFO: ShowRuntime Behavior ::run [ RunTime:0.001533s ]
INFO: [ view_filter ] --END-- [ RunTime:0.002870s ]
INFO: [ view_end ] --START--
INFO: ShowPageTrace Behavior ::run [ RunTime:0.000674s ]
INFO: [ view_end ] --END-- [ RunTime:0.000734s ]

[ 2017-04-28T19:23:28+08:00 ] 127.0.0.1 /vehiclemenagement2/index.php?s=/Index/index&l=zh-cn
INFO: [ route_check ] --START--
INFO: CheckRoute Behavior ::run [ RunTime:0.001067s ]
INFO: [ route_check ] --END-- [ RunTime:0.001161s ]
NOTIC: [2] htmlspecialchars() expects parameter 2 to be long, string given E:\wamp\www\vehiclemenagement2\inc\Lib\Core\App.class.php 第 57 行.
NOTIC: [2] stripslashes() expects exactly 1 parameter, 2 given E:\wamp\www\vehiclemenagement2\inc\Lib\Core\App.class.php 第 57 行.
NOTIC: [2] stripslashes() expects exactly 1 parameter, 2 given E:\wamp\www\vehiclemenagement2\inc\Lib\Core\App.class.php 第 57 行.
NOTIC: [2] stripslashes() expects exactly 1 parameter, 2 given E:\wamp\www\vehiclemenagement2\inc\Lib\Core\App.class.php 第 57 行.
INFO: [ app_begin ] --START--
INFO: ReadHtmlCache Behavior ::run [ RunTime:0.000610s ]
INFO: CheckLang Behavior ::run [ RunTime:0.001163s ]
INFO: [ app_begin ] --END-- [ RunTime:0.001876s ]
INFO: [ view_parse ] --START--
NOTIC: [8] A session had already been started - ignoring session_start() E:\wamp\www\vehiclemenagement2\App\Runtime\Cache\f331a3f0d874c4248458495ef2c2c2d1.php 第 219 行.
INFO: ParseTemplate Behavior ::run [ RunTime:0.040507s ]
INFO: [ view_parse ] --END-- [ RunTime:0.040604s ]
INFO: [ view_filter ] --START--
INFO: ContentReplace Behavior ::run [ RunTime:0.000926s ]
INFO: TokenBuild Behavior ::run [ RunTime:0.000681s ]
INFO: WriteHtmlCache Behavior ::run [ RunTime:0.000389s ]
INFO: ShowRuntime Behavior ::run [ RunTime:0.000665s ]
INFO: [ view_filter ] --END-- [ RunTime:0.002880s ]
INFO: [ view_end ] --START--
INFO: ShowPageTrace Behavior ::run [ RunTime:0.000821s ]
INFO: [ view_end ] --END-- [ RunTime:0.000927s ]

[ 2017-04-28T19:23:28+08:00 ] 127.0.0.1 /vehiclemenagement2/index.php?s=/Index/index&l=zh-cn
INFO: [ route_check ] --START--
INFO: CheckRoute Behavior ::run [ RunTime:0.001184s ]
INFO: [ route_check ] --END-- [ RunTime:0.001285s ]
NOTIC: [2] htmlspecialchars() expects parameter 2 to be long, string given E:\wamp\www\vehiclemenagement2\inc\Lib\Core\App.class.php 第 57 行.
NOTIC: [2] stripslashes() expects exactly 1 parameter, 2 given E:\wamp\www\vehiclemenagement2\inc\Lib\Core\App.class.php 第 57 行.
NOTIC: [2] stripslashes() expects exactly 1 parameter, 2 given E:\wamp\www\vehiclemenagement2\inc\Lib\Core\App.class.php 第 57 行.
NOTIC: [2] stripslashes() expects exactly 1 parameter, 2 given E:\wamp\www\vehiclemenagement2\inc\Lib\Core\App.class.php 第 57 行.
INFO: [ app_begin ] --START--
INFO: ReadHtmlCache Behavior ::run [ RunTime:0.000742s ]
INFO: CheckLang Behavior ::run [ RunTime:0.001576s ]
INFO: [ app_begin ] --END-- [ RunTime:0.002443s ]
INFO: [ view_parse ] --START--
NOTIC: [8] A session had already been started - ignoring session_start() E:\wamp\www\vehiclemenagement2\App\Runtime\Cache\f331a3f0d874c4248458495ef2c2c2d1.php 第 219 行.
INFO: ParseTemplate Behavior ::run [ RunTime:0.032592s ]
INFO: [ view_parse ] --END-- [ RunTime:0.032678s ]
INFO: [ view_filter ] --START--
INFO: ContentReplace Behavior ::run [ RunTime:0.000739s ]
INFO: TokenBuild Behavior ::run [ RunTime:0.000521s ]
INFO: WriteHtmlCache Behavior ::run [ RunTime:0.000342s ]
INFO: ShowRuntime Behavior ::run [ RunTime:0.000540s ]
INFO: [ view_filter ] --END-- [ RunTime:0.002318s ]
INFO: [ view_end ] --START--
INFO: ShowPageTrace Behavior ::run [ RunTime:0.000663s ]
INFO: [ view_end ] --END-- [ RunTime:0.000721s ]

[ 2017-04-28T19:23:28+08:00 ] 127.0.0.1 /vehiclemenagement2/index.php?s=/Index/index&l=zh-cn
INFO: [ route_check ] --START--
INFO: CheckRoute Behavior ::run [ RunTime:0.001925s ]
INFO: [ route_check ] --END-- [ RunTime:0.002038s ]
NOTIC: [2] htmlspecialchars() expects parameter 2 to be long, string given E:\wamp\www\vehiclemenagement2\inc\Lib\Core\App.class.php 第 57 行.
NOTIC: [2] stripslashes() expects exactly 1 parameter, 2 given E:\wamp\www\vehiclemenagement2\inc\Lib\Core\App.class.php 第 57 行.
NOTIC: [2] stripslashes() expects exactly 1 parameter, 2 given E:\wamp\www\vehiclemenagement2\inc\Lib\Core\App.class.php 第 57 行.
NOTIC: [2] stripslashes() expects exactly 1 parameter, 2 given E:\wamp\www\vehiclemenagement2\inc\Lib\Core\App.class.php 第 57 行.
INFO: [ app_begin ] --START--
INFO: ReadHtmlCache Behavior ::run [ RunTime:0.000763s ]
INFO: CheckLang Behavior ::run [ RunTime:0.003704s ]
INFO: [ app_begin ] --END-- [ RunTime:0.004592s ]
INFO: [ view_parse ] --START--
NOTIC: [8] A session had already been started - ignoring session_start() E:\wamp\www\vehiclemenagement2\App\Runtime\Cache\f331a3f0d874c4248458495ef2c2c2d1.php 第 219 行.
INFO: ParseTemplate Behavior ::run [ RunTime:0.032492s ]
INFO: [ view_parse ] --END-- [ RunTime:0.032585s ]
INFO: [ view_filter ] --START--
INFO: ContentReplace Behavior ::run [ RunTime:0.000720s ]
INFO: TokenBuild Behavior ::run [ RunTime:0.000545s ]
INFO: WriteHtmlCache Behavior ::run [ RunTime:0.002426s ]
INFO: ShowRuntime Behavior ::run [ RunTime:0.003738s ]
INFO: [ view_filter ] --END-- [ RunTime:0.007723s ]
INFO: [ view_end ] --START--
INFO: ShowPageTrace Behavior ::run [ RunTime:0.001402s ]
INFO: [ view_end ] --END-- [ RunTime:0.001495s ]

[ 2017-04-28T19:23:28+08:00 ] 127.0.0.1 /vehiclemenagement2/index.php?s=/Index/homepage.html
INFO: [ route_check ] --START--
INFO: CheckRoute Behavior ::run [ RunTime:0.001163s ]
INFO: [ route_check ] --END-- [ RunTime:0.001319s ]
NOTIC: [2] stripslashes() expects exactly 1 parameter, 2 given E:\wamp\www\vehiclemenagement2\inc\Lib\Core\App.class.php 第 57 行.
NOTIC: [2] stripslashes() expects exactly 1 parameter, 2 given E:\wamp\www\vehiclemenagement2\inc\Lib\Core\App.class.php 第 57 行.
INFO: [ app_begin ] --START--
INFO: ReadHtmlCache Behavior ::run [ RunTime:0.000743s ]
INFO: CheckLang Behavior ::run [ RunTime:0.001219s ]
INFO: [ app_begin ] --END-- [ RunTime:0.002079s ]
NOTIC: [8] Constant THEME_NAME already defined E:\wamp\www\vehiclemenagement2\inc\Lib\Core\View.class.php 第 223 行.
NOTIC: [8] Constant THEME_PATH already defined E:\wamp\www\vehiclemenagement2\inc\Lib\Core\View.class.php 第 174 行.
NOTIC: [8] Constant APP_TMPL_PATH already defined E:\wamp\www\vehiclemenagement2\inc\Lib\Core\View.class.php 第 175 行.
INFO: [ view_parse ] --START--
INFO: ParseTemplate Behavior ::run [ RunTime:0.021993s ]
INFO: [ view_parse ] --END-- [ RunTime:0.022108s ]
INFO: [ view_filter ] --START--
INFO: ContentReplace Behavior ::run [ RunTime:0.000638s ]
INFO: TokenBuild Behavior ::run [ RunTime:0.000501s ]
INFO: WriteHtmlCache Behavior ::run [ RunTime:0.000352s ]
INFO: ShowRuntime Behavior ::run [ RunTime:0.000553s ]
INFO: [ view_filter ] --END-- [ RunTime:0.002237s ]
INFO: [ view_end ] --START--
INFO: ShowPageTrace Behavior ::run [ RunTime:0.000777s ]
INFO: [ view_end ] --END-- [ RunTime:0.000879s ]

[ 2017-04-28T19:23:29+08:00 ] 127.0.0.1 /vehiclemenagement2/index.php?s=/Index/gettimeintervalnewdata
INFO: [ route_check ] --START--
INFO: CheckRoute Behavior ::run [ RunTime:0.000771s ]
INFO: [ route_check ] --END-- [ RunTime:0.000862s ]
NOTIC: [2] stripslashes() expects exactly 1 parameter, 2 given E:\wamp\www\vehiclemenagement2\inc\Lib\Core\App.class.php 第 57 行.
NOTIC: [2] stripslashes() expects exactly 1 parameter, 2 given E:\wamp\www\vehiclemenagement2\inc\Lib\Core\App.class.php 第 57 行.
INFO: [ app_begin ] --START--
INFO: ReadHtmlCache Behavior ::run [ RunTime:0.001617s ]
INFO: CheckLang Behavior ::run [ RunTime:0.001148s ]
INFO: [ app_begin ] --END-- [ RunTime:0.002973s ]
SQL: SHOW COLUMNS FROM `register` [ RunTime:0.004221s ]
ERR: 1146:Table 'quanmingzhitiao.register' doesn't exist
 [ SQL语句 ] : SHOW COLUMNS FROM `register`
SQL: SELECT DATE_FORMAT(regtime,'%H') xaxis,COUNT(id) count FROM register WHERE regtime BETWEEN '2017.04.28' AND '2017.04.28 23:59:59' GROUP BY xaxis [ RunTime:0.001230s ]
ERR: 1146:Table 'quanmingzhitiao.register' doesn't exist
 [ SQL语句 ] : SELECT DATE_FORMAT(regtime,'%H') xaxis,COUNT(id) count FROM register WHERE regtime BETWEEN '2017.04.28' AND '2017.04.28 23:59:59' GROUP BY xaxis
SQL: SELECT DATE_FORMAT(regtime,'%H') xaxis,COUNT(id) count FROM register WHERE regtime BETWEEN '2017.04.27' AND '2017.04.27 23:59:59' GROUP BY xaxis [ RunTime:0.000628s ]
ERR: 1146:Table 'quanmingzhitiao.register' doesn't exist
 [ SQL语句 ] : SELECT DATE_FORMAT(regtime,'%H') xaxis,COUNT(id) count FROM register WHERE regtime BETWEEN '2017.04.27' AND '2017.04.27 23:59:59' GROUP BY xaxis
SQL: SELECT DATE_FORMAT(regtime,'%H') xaxis,COUNT(id) count FROM register WHERE regtime BETWEEN '2017.04.21' AND '2017.04.21 23:59:59' GROUP BY xaxis [ RunTime:0.000455s ]
ERR: 1146:Table 'quanmingzhitiao.register' doesn't exist
 [ SQL语句 ] : SELECT DATE_FORMAT(regtime,'%H') xaxis,COUNT(id) count FROM register WHERE regtime BETWEEN '2017.04.21' AND '2017.04.21 23:59:59' GROUP BY xaxis
SQL: SELECT DATE_FORMAT(regtime,'%H') xaxis,COUNT(id) count FROM register WHERE regtime BETWEEN '2017.03.29' AND '2017.03.29 23:59:59' GROUP BY xaxis [ RunTime:0.000388s ]
ERR: 1146:Table 'quanmingzhitiao.register' doesn't exist
 [ SQL语句 ] : SELECT DATE_FORMAT(regtime,'%H') xaxis,COUNT(id) count FROM register WHERE regtime BETWEEN '2017.03.29' AND '2017.03.29 23:59:59' GROUP BY xaxis

[ 2017-04-28T19:23:29+08:00 ] 127.0.0.1 /vehiclemenagement2/index.php?s=/Index/totalchart
INFO: [ route_check ] --START--
INFO: CheckRoute Behavior ::run [ RunTime:0.000725s ]
INFO: [ route_check ] --END-- [ RunTime:0.000811s ]
NOTIC: [2] stripslashes() expects exactly 1 parameter, 2 given E:\wamp\www\vehiclemenagement2\inc\Lib\Core\App.class.php 第 57 行.
NOTIC: [2] stripslashes() expects exactly 1 parameter, 2 given E:\wamp\www\vehiclemenagement2\inc\Lib\Core\App.class.php 第 57 行.
INFO: [ app_begin ] --START--
INFO: ReadHtmlCache Behavior ::run [ RunTime:0.000529s ]
INFO: CheckLang Behavior ::run [ RunTime:0.000755s ]
INFO: [ app_begin ] --END-- [ RunTime:0.001367s ]
NOTIC: [8] Constant THEME_NAME already defined E:\wamp\www\vehiclemenagement2\inc\Lib\Core\View.class.php 第 223 行.
NOTIC: [8] Constant THEME_PATH already defined E:\wamp\www\vehiclemenagement2\inc\Lib\Core\View.class.php 第 174 行.
NOTIC: [8] Constant APP_TMPL_PATH already defined E:\wamp\www\vehiclemenagement2\inc\Lib\Core\View.class.php 第 175 行.
INFO: [ view_parse ] --START--
INFO: ParseTemplate Behavior ::run [ RunTime:0.032545s ]
INFO: [ view_parse ] --END-- [ RunTime:0.032670s ]
INFO: [ view_filter ] --START--
INFO: ContentReplace Behavior ::run [ RunTime:0.000458s ]
INFO: TokenBuild Behavior ::run [ RunTime:0.001618s ]
INFO: WriteHtmlCache Behavior ::run [ RunTime:0.000365s ]
INFO: ShowRuntime Behavior ::run [ RunTime:0.000478s ]
INFO: [ view_filter ] --END-- [ RunTime:0.003141s ]
INFO: [ view_end ] --START--
INFO: ShowPageTrace Behavior ::run [ RunTime:0.000817s ]
INFO: [ view_end ] --END-- [ RunTime:0.000899s ]

[ 2017-04-28T19:23:29+08:00 ] 127.0.0.1 /vehiclemenagement2/index.php?s=/Index/homepage.html
INFO: [ route_check ] --START--
INFO: CheckRoute Behavior ::run [ RunTime:0.000770s ]
INFO: [ route_check ] --END-- [ RunTime:0.000876s ]
NOTIC: [2] stripslashes() expects exactly 1 parameter, 2 given E:\wamp\www\vehiclemenagement2\inc\Lib\Core\App.class.php 第 57 行.
NOTIC: [2] stripslashes() expects exactly 1 parameter, 2 given E:\wamp\www\vehiclemenagement2\inc\Lib\Core\App.class.php 第 57 行.
INFO: [ app_begin ] --START--
INFO: ReadHtmlCache Behavior ::run [ RunTime:0.000552s ]
INFO: CheckLang Behavior ::run [ RunTime:0.000837s ]
INFO: [ app_begin ] --END-- [ RunTime:0.001486s ]
NOTIC: [8] Constant THEME_NAME already defined E:\wamp\www\vehiclemenagement2\inc\Lib\Core\View.class.php 第 223 行.
NOTIC: [8] Constant THEME_PATH already defined E:\wamp\www\vehiclemenagement2\inc\Lib\Core\View.class.php 第 174 行.
NOTIC: [8] Constant APP_TMPL_PATH already defined E:\wamp\www\vehiclemenagement2\inc\Lib\Core\View.class.php 第 175 行.
INFO: [ view_parse ] --START--
INFO: ParseTemplate Behavior ::run [ RunTime:0.007208s ]
INFO: [ view_parse ] --END-- [ RunTime:0.007324s ]
INFO: [ view_filter ] --START--
INFO: ContentReplace Behavior ::run [ RunTime:0.000404s ]
INFO: TokenBuild Behavior ::run [ RunTime:0.000376s ]
INFO: WriteHtmlCache Behavior ::run [ RunTime:0.000236s ]
INFO: ShowRuntime Behavior ::run [ RunTime:0.000386s ]
INFO: [ view_filter ] --END-- [ RunTime:0.001550s ]
INFO: [ view_end ] --START--
INFO: ShowPageTrace Behavior ::run [ RunTime:0.000505s ]
INFO: [ view_end ] --END-- [ RunTime:0.000560s ]

[ 2017-04-28T19:23:29+08:00 ] 127.0.0.1 /vehiclemenagement2/index.php?s=/Index/homepage.html
INFO: [ route_check ] --START--
INFO: CheckRoute Behavior ::run [ RunTime:0.001138s ]
INFO: [ route_check ] --END-- [ RunTime:0.001262s ]
NOTIC: [2] stripslashes() expects exactly 1 parameter, 2 given E:\wamp\www\vehiclemenagement2\inc\Lib\Core\App.class.php 第 57 行.
NOTIC: [2] stripslashes() expects exactly 1 parameter, 2 given E:\wamp\www\vehiclemenagement2\inc\Lib\Core\App.class.php 第 57 行.
INFO: [ app_begin ] --START--
INFO: ReadHtmlCache Behavior ::run [ RunTime:0.000531s ]
INFO: CheckLang Behavior ::run [ RunTime:0.000778s ]
INFO: [ app_begin ] --END-- [ RunTime:0.001403s ]
NOTIC: [8] Constant THEME_NAME already defined E:\wamp\www\vehiclemenagement2\inc\Lib\Core\View.class.php 第 223 行.
NOTIC: [8] Constant THEME_PATH already defined E:\wamp\www\vehiclemenagement2\inc\Lib\Core\View.class.php 第 174 行.
NOTIC: [8] Constant APP_TMPL_PATH already defined E:\wamp\www\vehiclemenagement2\inc\Lib\Core\View.class.php 第 175 行.
INFO: [ view_parse ] --START--
INFO: ParseTemplate Behavior ::run [ RunTime:0.008682s ]
INFO: [ view_parse ] --END-- [ RunTime:0.008884s ]
INFO: [ view_filter ] --START--
INFO: ContentReplace Behavior ::run [ RunTime:0.000859s ]
INFO: TokenBuild Behavior ::run [ RunTime:0.001007s ]
INFO: WriteHtmlCache Behavior ::run [ RunTime:0.000386s ]
INFO: ShowRuntime Behavior ::run [ RunTime:0.000551s ]
INFO: [ view_filter ] --END-- [ RunTime:0.003197s ]
INFO: [ view_end ] --START--
INFO: ShowPageTrace Behavior ::run [ RunTime:0.001142s ]
INFO: [ view_end ] --END-- [ RunTime:0.001271s ]

[ 2017-04-28T19:23:29+08:00 ] 127.0.0.1 /vehiclemenagement2/index.php?s=/Index/homepage.html
INFO: [ route_check ] --START--
INFO: CheckRoute Behavior ::run [ RunTime:0.001092s ]
INFO: [ route_check ] --END-- [ RunTime:0.001269s ]
NOTIC: [2] stripslashes() expects exactly 1 parameter, 2 given E:\wamp\www\vehiclemenagement2\inc\Lib\Core\App.class.php 第 57 行.
NOTIC: [2] stripslashes() expects exactly 1 parameter, 2 given E:\wamp\www\vehiclemenagement2\inc\Lib\Core\App.class.php 第 57 行.
INFO: [ app_begin ] --START--
INFO: ReadHtmlCache Behavior ::run [ RunTime:0.000635s ]
INFO: CheckLang Behavior ::run [ RunTime:0.000942s ]
INFO: [ app_begin ] --END-- [ RunTime:0.001694s ]
NOTIC: [8] Constant THEME_NAME already defined E:\wamp\www\vehiclemenagement2\inc\Lib\Core\View.class.php 第 223 行.
NOTIC: [8] Constant THEME_PATH already defined E:\wamp\www\vehiclemenagement2\inc\Lib\Core\View.class.php 第 174 行.
NOTIC: [8] Constant APP_TMPL_PATH already defined E:\wamp\www\vehiclemenagement2\inc\Lib\Core\View.class.php 第 175 行.
INFO: [ view_parse ] --START--
INFO: ParseTemplate Behavior ::run [ RunTime:0.009490s ]
INFO: [ view_parse ] --END-- [ RunTime:0.009646s ]
INFO: [ view_filter ] --START--
INFO: ContentReplace Behavior ::run [ RunTime:0.000450s ]
INFO: TokenBuild Behavior ::run [ RunTime:0.000489s ]
INFO: WriteHtmlCache Behavior ::run [ RunTime:0.000258s ]
INFO: ShowRuntime Behavior ::run [ RunTime:0.027869s ]
INFO: [ view_filter ] --END-- [ RunTime:0.029258s ]
INFO: [ view_end ] --START--
INFO: ShowPageTrace Behavior ::run [ RunTime:0.000810s ]
INFO: [ view_end ] --END-- [ RunTime:0.000878s ]

[ 2017-04-28T19:23:29+08:00 ] 127.0.0.1 /vehiclemenagement2/index.php?s=/Index/homepage.html
INFO: [ route_check ] --START--
INFO: CheckRoute Behavior ::run [ RunTime:0.003542s ]
INFO: [ route_check ] --END-- [ RunTime:0.003651s ]
NOTIC: [2] stripslashes() expects exactly 1 parameter, 2 given E:\wamp\www\vehiclemenagement2\inc\Lib\Core\App.class.php 第 57 行.
NOTIC: [2] stripslashes() expects exactly 1 parameter, 2 given E:\wamp\www\vehiclemenagement2\inc\Lib\Core\App.class.php 第 57 行.
INFO: [ app_begin ] --START--
INFO: ReadHtmlCache Behavior ::run [ RunTime:0.001569s ]
INFO: CheckLang Behavior ::run [ RunTime:0.001215s ]
INFO: [ app_begin ] --END-- [ RunTime:0.002985s ]
NOTIC: [8] Constant THEME_NAME already defined E:\wamp\www\vehiclemenagement2\inc\Lib\Core\View.class.php 第 223 行.
NOTIC: [8] Constant THEME_PATH already defined E:\wamp\www\vehiclemenagement2\inc\Lib\Core\View.class.php 第 174 行.
NOTIC: [8] Constant APP_TMPL_PATH already defined E:\wamp\www\vehiclemenagement2\inc\Lib\Core\View.class.php 第 175 行.
INFO: [ view_parse ] --START--
INFO: ParseTemplate Behavior ::run [ RunTime:0.009056s ]
INFO: [ view_parse ] --END-- [ RunTime:0.009322s ]
INFO: [ view_filter ] --START--
INFO: ContentReplace Behavior ::run [ RunTime:0.000625s ]
INFO: TokenBuild Behavior ::run [ RunTime:0.000385s ]
INFO: WriteHtmlCache Behavior ::run [ RunTime:0.000243s ]
INFO: ShowRuntime Behavior ::run [ RunTime:0.000430s ]
INFO: [ view_filter ] --END-- [ RunTime:0.001851s ]
INFO: [ view_end ] --START--
INFO: ShowPageTrace Behavior ::run [ RunTime:0.000591s ]
INFO: [ view_end ] --END-- [ RunTime:0.000651s ]

[ 2017-04-28T19:23:29+08:00 ] 127.0.0.1 /vehiclemenagement2/index.php?s=/Index/gettotalchartdata
INFO: [ route_check ] --START--
INFO: CheckRoute Behavior ::run [ RunTime:0.000771s ]
INFO: [ route_check ] --END-- [ RunTime:0.000864s ]
NOTIC: [2] htmlspecialchars() expects parameter 2 to be long, string given E:\wamp\www\vehiclemenagement2\inc\Lib\Core\App.class.php 第 56 行.
NOTIC: [2] stripslashes() expects exactly 1 parameter, 2 given E:\wamp\www\vehiclemenagement2\inc\Lib\Core\App.class.php 第 56 行.
NOTIC: [2] stripslashes() expects exactly 1 parameter, 2 given E:\wamp\www\vehiclemenagement2\inc\Lib\Core\App.class.php 第 57 行.
NOTIC: [2] stripslashes() expects exactly 1 parameter, 2 given E:\wamp\www\vehiclemenagement2\inc\Lib\Core\App.class.php 第 57 行.
INFO: [ app_begin ] --START--
INFO: ReadHtmlCache Behavior ::run [ RunTime:0.000515s ]
INFO: CheckLang Behavior ::run [ RunTime:0.000801s ]
INFO: [ app_begin ] --END-- [ RunTime:0.001415s ]
NOTIC: [2] htmlspecialchars() expects parameter 2 to be long, string given E:\wamp\www\vehiclemenagement2\inc\Common\common.php 第 110 行.
NOTIC: [2] stripslashes() expects exactly 1 parameter, 2 given E:\wamp\www\vehiclemenagement2\inc\Common\common.php 第 110 行.
NOTIC: [2] stripslashes() expects exactly 1 parameter, 2 given E:\wamp\www\vehiclemenagement2\inc\Common\common.php 第 110 行.
NOTIC: [2] stripslashes() expects exactly 1 parameter, 2 given E:\wamp\www\vehiclemenagement2\inc\Common\common.php 第 110 行.
SQL: SHOW COLUMNS FROM `register` [ RunTime:0.003533s ]
ERR: 1146:Table 'quanmingzhitiao.register' doesn't exist
 [ SQL语句 ] : SHOW COLUMNS FROM `register`
SQL: SELECT IFNULL(a.count,0) count,b.xaxis FROM (SELECT  DATE_FORMAT(regtime,'%m-%d') xaxis,COUNT(id) count FROM register WHERE regtime BETWEEN '2017.03.29' AND '2017.04.28 23:59:59' GROUP BY xaxis) a RIGHT JOIN (SELECT DATE_FORMAT(time,'%m-%d') xaxis FROM dateinfo where time BETWEEN '2017.03.29' AND '2017.04.28 23:59:59' order by time) b ON a.xaxis = b.xaxis [ RunTime:0.001181s ]
ERR: 1146:Table 'quanmingzhitiao.register' doesn't exist
 [ SQL语句 ] : SELECT IFNULL(a.count,0) count,b.xaxis FROM (SELECT  DATE_FORMAT(regtime,'%m-%d') xaxis,COUNT(id) count FROM register WHERE regtime BETWEEN '2017.03.29' AND '2017.04.28 23:59:59' GROUP BY xaxis) a RIGHT JOIN (SELECT DATE_FORMAT(time,'%m-%d') xaxis FROM dateinfo where time BETWEEN '2017.03.29' AND '2017.04.28 23:59:59' order by time) b ON a.xaxis = b.xaxis

[ 2017-04-28T19:23:29+08:00 ] 127.0.0.1 /vehiclemenagement2/index.php?s=/Index/gettimeintervalnewdata
INFO: [ route_check ] --START--
INFO: CheckRoute Behavior ::run [ RunTime:0.001037s ]
INFO: [ route_check ] --END-- [ RunTime:0.001138s ]
NOTIC: [2] stripslashes() expects exactly 1 parameter, 2 given E:\wamp\www\vehiclemenagement2\inc\Lib\Core\App.class.php 第 57 行.
NOTIC: [2] stripslashes() expects exactly 1 parameter, 2 given E:\wamp\www\vehiclemenagement2\inc\Lib\Core\App.class.php 第 57 行.
INFO: [ app_begin ] --START--
INFO: ReadHtmlCache Behavior ::run [ RunTime:0.000568s ]
INFO: CheckLang Behavior ::run [ RunTime:0.001953s ]
INFO: [ app_begin ] --END-- [ RunTime:0.002635s ]
SQL: SHOW COLUMNS FROM `register` [ RunTime:0.003708s ]
ERR: 1146:Table 'quanmingzhitiao.register' doesn't exist
 [ SQL语句 ] : SHOW COLUMNS FROM `register`
SQL: SELECT DATE_FORMAT(regtime,'%H') xaxis,COUNT(id) count FROM register WHERE regtime BETWEEN '2017.04.28' AND '2017.04.28 23:59:59' GROUP BY xaxis [ RunTime:0.000742s ]
ERR: 1146:Table 'quanmingzhitiao.register' doesn't exist
 [ SQL语句 ] : SELECT DATE_FORMAT(regtime,'%H') xaxis,COUNT(id) count FROM register WHERE regtime BETWEEN '2017.04.28' AND '2017.04.28 23:59:59' GROUP BY xaxis
SQL: SELECT DATE_FORMAT(regtime,'%H') xaxis,COUNT(id) count FROM register WHERE regtime BETWEEN '2017.04.27' AND '2017.04.27 23:59:59' GROUP BY xaxis [ RunTime:0.000490s ]
ERR: 1146:Table 'quanmingzhitiao.register' doesn't exist
 [ SQL语句 ] : SELECT DATE_FORMAT(regtime,'%H') xaxis,COUNT(id) count FROM register WHERE regtime BETWEEN '2017.04.27' AND '2017.04.27 23:59:59' GROUP BY xaxis
SQL: SELECT DATE_FORMAT(regtime,'%H') xaxis,COUNT(id) count FROM register WHERE regtime BETWEEN '2017.04.21' AND '2017.04.21 23:59:59' GROUP BY xaxis [ RunTime:0.000410s ]
ERR: 1146:Table 'quanmingzhitiao.register' doesn't exist
 [ SQL语句 ] : SELECT DATE_FORMAT(regtime,'%H') xaxis,COUNT(id) count FROM register WHERE regtime BETWEEN '2017.04.21' AND '2017.04.21 23:59:59' GROUP BY xaxis
SQL: SELECT DATE_FORMAT(regtime,'%H') xaxis,COUNT(id) count FROM register WHERE regtime BETWEEN '2017.03.29' AND '2017.03.29 23:59:59' GROUP BY xaxis [ RunTime:0.000269s ]
ERR: 1146:Table 'quanmingzhitiao.register' doesn't exist
 [ SQL语句 ] : SELECT DATE_FORMAT(regtime,'%H') xaxis,COUNT(id) count FROM register WHERE regtime BETWEEN '2017.03.29' AND '2017.03.29 23:59:59' GROUP BY xaxis

[ 2017-04-28T19:23:29+08:00 ] 127.0.0.1 /vehiclemenagement2/index.php?s=/Index/gettimeintervalnewdata
INFO: [ route_check ] --START--
INFO: CheckRoute Behavior ::run [ RunTime:0.001107s ]
INFO: [ route_check ] --END-- [ RunTime:0.001227s ]
NOTIC: [2] stripslashes() expects exactly 1 parameter, 2 given E:\wamp\www\vehiclemenagement2\inc\Lib\Core\App.class.php 第 57 行.
NOTIC: [2] stripslashes() expects exactly 1 parameter, 2 given E:\wamp\www\vehiclemenagement2\inc\Lib\Core\App.class.php 第 57 行.
INFO: [ app_begin ] --START--
INFO: ReadHtmlCache Behavior ::run [ RunTime:0.000684s ]
INFO: CheckLang Behavior ::run [ RunTime:0.001236s ]
INFO: [ app_begin ] --END-- [ RunTime:0.002034s ]
SQL: SHOW COLUMNS FROM `register` [ RunTime:0.005010s ]
ERR: 1146:Table 'quanmingzhitiao.register' doesn't exist
 [ SQL语句 ] : SHOW COLUMNS FROM `register`
SQL: SELECT DATE_FORMAT(regtime,'%H') xaxis,COUNT(id) count FROM register WHERE regtime BETWEEN '2017.04.28' AND '2017.04.28 23:59:59' GROUP BY xaxis [ RunTime:0.000603s ]
ERR: 1146:Table 'quanmingzhitiao.register' doesn't exist
 [ SQL语句 ] : SELECT DATE_FORMAT(regtime,'%H') xaxis,COUNT(id) count FROM register WHERE regtime BETWEEN '2017.04.28' AND '2017.04.28 23:59:59' GROUP BY xaxis
SQL: SELECT DATE_FORMAT(regtime,'%H') xaxis,COUNT(id) count FROM register WHERE regtime BETWEEN '2017.04.27' AND '2017.04.27 23:59:59' GROUP BY xaxis [ RunTime:0.000278s ]
ERR: 1146:Table 'quanmingzhitiao.register' doesn't exist
 [ SQL语句 ] : SELECT DATE_FORMAT(regtime,'%H') xaxis,COUNT(id) count FROM register WHERE regtime BETWEEN '2017.04.27' AND '2017.04.27 23:59:59' GROUP BY xaxis
SQL: SELECT DATE_FORMAT(regtime,'%H') xaxis,COUNT(id) count FROM register WHERE regtime BETWEEN '2017.04.21' AND '2017.04.21 23:59:59' GROUP BY xaxis [ RunTime:0.000234s ]
ERR: 1146:Table 'quanmingzhitiao.register' doesn't exist
 [ SQL语句 ] : SELECT DATE_FORMAT(regtime,'%H') xaxis,COUNT(id) count FROM register WHERE regtime BETWEEN '2017.04.21' AND '2017.04.21 23:59:59' GROUP BY xaxis
SQL: SELECT DATE_FORMAT(regtime,'%H') xaxis,COUNT(id) count FROM register WHERE regtime BETWEEN '2017.03.29' AND '2017.03.29 23:59:59' GROUP BY xaxis [ RunTime:0.000299s ]
ERR: 1146:Table 'quanmingzhitiao.register' doesn't exist
 [ SQL语句 ] : SELECT DATE_FORMAT(regtime,'%H') xaxis,COUNT(id) count FROM register WHERE regtime BETWEEN '2017.03.29' AND '2017.03.29 23:59:59' GROUP BY xaxis

[ 2017-04-28T19:23:29+08:00 ] 127.0.0.1 /vehiclemenagement2/index.php?s=/Index/totalchart
INFO: [ route_check ] --START--
INFO: CheckRoute Behavior ::run [ RunTime:0.000815s ]
INFO: [ route_check ] --END-- [ RunTime:0.000951s ]
NOTIC: [2] stripslashes() expects exactly 1 parameter, 2 given E:\wamp\www\vehiclemenagement2\inc\Lib\Core\App.class.php 第 57 行.
NOTIC: [2] stripslashes() expects exactly 1 parameter, 2 given E:\wamp\www\vehiclemenagement2\inc\Lib\Core\App.class.php 第 57 行.
INFO: [ app_begin ] --START--
INFO: ReadHtmlCache Behavior ::run [ RunTime:0.000527s ]
INFO: CheckLang Behavior ::run [ RunTime:0.000798s ]
INFO: [ app_begin ] --END-- [ RunTime:0.001419s ]
NOTIC: [8] Constant THEME_NAME already defined E:\wamp\www\vehiclemenagement2\inc\Lib\Core\View.class.php 第 223 行.
NOTIC: [8] Constant THEME_PATH already defined E:\wamp\www\vehiclemenagement2\inc\Lib\Core\View.class.php 第 174 行.
NOTIC: [8] Constant APP_TMPL_PATH already defined E:\wamp\www\vehiclemenagement2\inc\Lib\Core\View.class.php 第 175 行.
INFO: [ view_parse ] --START--
INFO: ParseTemplate Behavior ::run [ RunTime:0.007256s ]
INFO: [ view_parse ] --END-- [ RunTime:0.007359s ]
INFO: [ view_filter ] --START--
INFO: ContentReplace Behavior ::run [ RunTime:0.000414s ]
INFO: TokenBuild Behavior ::run [ RunTime:0.000451s ]
INFO: WriteHtmlCache Behavior ::run [ RunTime:0.000243s ]
INFO: ShowRuntime Behavior ::run [ RunTime:0.000444s ]
INFO: [ view_filter ] --END-- [ RunTime:0.001695s ]
INFO: [ view_end ] --START--
INFO: ShowPageTrace Behavior ::run [ RunTime:0.000685s ]
INFO: [ view_end ] --END-- [ RunTime:0.000792s ]

[ 2017-04-28T19:23:29+08:00 ] 127.0.0.1 /vehiclemenagement2/index.php?s=/Index/totalchart
INFO: [ route_check ] --START--
INFO: CheckRoute Behavior ::run [ RunTime:0.000910s ]
INFO: [ route_check ] --END-- [ RunTime:0.001032s ]
NOTIC: [2] stripslashes() expects exactly 1 parameter, 2 given E:\wamp\www\vehiclemenagement2\inc\Lib\Core\App.class.php 第 57 行.
NOTIC: [2] stripslashes() expects exactly 1 parameter, 2 given E:\wamp\www\vehiclemenagement2\inc\Lib\Core\App.class.php 第 57 行.
INFO: [ app_begin ] --START--
INFO: ReadHtmlCache Behavior ::run [ RunTime:0.000542s ]
INFO: CheckLang Behavior ::run [ RunTime:0.005184s ]
INFO: [ app_begin ] --END-- [ RunTime:0.005896s ]
NOTIC: [8] Constant THEME_NAME already defined E:\wamp\www\vehiclemenagement2\inc\Lib\Core\View.class.php 第 223 行.
NOTIC: [8] Constant THEME_PATH already defined E:\wamp\www\vehiclemenagement2\inc\Lib\Core\View.class.php 第 174 行.
NOTIC: [8] Constant APP_TMPL_PATH already defined E:\wamp\www\vehiclemenagement2\inc\Lib\Core\View.class.php 第 175 行.
INFO: [ view_parse ] --START--
INFO: ParseTemplate Behavior ::run [ RunTime:0.010925s ]
INFO: [ view_parse ] --END-- [ RunTime:0.011064s ]
INFO: [ view_filter ] --START--
INFO: ContentReplace Behavior ::run [ RunTime:0.001318s ]
INFO: TokenBuild Behavior ::run [ RunTime:0.000549s ]
INFO: WriteHtmlCache Behavior ::run [ RunTime:0.000281s ]
INFO: ShowRuntime Behavior ::run [ RunTime:0.000464s ]
INFO: [ view_filter ] --END-- [ RunTime:0.002796s ]
INFO: [ view_end ] --START--
INFO: ShowPageTrace Behavior ::run [ RunTime:0.000576s ]
INFO: [ view_end ] --END-- [ RunTime:0.000645s ]

[ 2017-04-28T19:23:29+08:00 ] 127.0.0.1 /vehiclemenagement2/index.php?s=/Index/gettotalchartdata
INFO: [ route_check ] --START--
INFO: CheckRoute Behavior ::run [ RunTime:0.000800s ]
INFO: [ route_check ] --END-- [ RunTime:0.000907s ]
NOTIC: [2] htmlspecialchars() expects parameter 2 to be long, string given E:\wamp\www\vehiclemenagement2\inc\Lib\Core\App.class.php 第 56 行.
NOTIC: [2] stripslashes() expects exactly 1 parameter, 2 given E:\wamp\www\vehiclemenagement2\inc\Lib\Core\App.class.php 第 56 行.
NOTIC: [2] stripslashes() expects exactly 1 parameter, 2 given E:\wamp\www\vehiclemenagement2\inc\Lib\Core\App.class.php 第 57 行.
NOTIC: [2] stripslashes() expects exactly 1 parameter, 2 given E:\wamp\www\vehiclemenagement2\inc\Lib\Core\App.class.php 第 57 行.
INFO: [ app_begin ] --START--
INFO: ReadHtmlCache Behavior ::run [ RunTime:0.000598s ]
INFO: CheckLang Behavior ::run [ RunTime:0.000883s ]
INFO: [ app_begin ] --END-- [ RunTime:0.001592s ]
NOTIC: [2] htmlspecialchars() expects parameter 2 to be long, string given E:\wamp\www\vehiclemenagement2\inc\Common\common.php 第 110 行.
NOTIC: [2] stripslashes() expects exactly 1 parameter, 2 given E:\wamp\www\vehiclemenagement2\inc\Common\common.php 第 110 行.
NOTIC: [2] stripslashes() expects exactly 1 parameter, 2 given E:\wamp\www\vehiclemenagement2\inc\Common\common.php 第 110 行.
NOTIC: [2] stripslashes() expects exactly 1 parameter, 2 given E:\wamp\www\vehiclemenagement2\inc\Common\common.php 第 110 行.
SQL: SHOW COLUMNS FROM `register` [ RunTime:0.003310s ]
ERR: 1146:Table 'quanmingzhitiao.register' doesn't exist
 [ SQL语句 ] : SHOW COLUMNS FROM `register`
SQL: SELECT IFNULL(a.count,0) count,b.xaxis FROM (SELECT  DATE_FORMAT(regtime,'%m-%d') xaxis,COUNT(id) count FROM register WHERE regtime BETWEEN '2017.03.29' AND '2017.04.28 23:59:59' GROUP BY xaxis) a RIGHT JOIN (SELECT DATE_FORMAT(time,'%m-%d') xaxis FROM dateinfo where time BETWEEN '2017.03.29' AND '2017.04.28 23:59:59' order by time) b ON a.xaxis = b.xaxis [ RunTime:0.000471s ]
ERR: 1146:Table 'quanmingzhitiao.register' doesn't exist
 [ SQL语句 ] : SELECT IFNULL(a.count,0) count,b.xaxis FROM (SELECT  DATE_FORMAT(regtime,'%m-%d') xaxis,COUNT(id) count FROM register WHERE regtime BETWEEN '2017.03.29' AND '2017.04.28 23:59:59' GROUP BY xaxis) a RIGHT JOIN (SELECT DATE_FORMAT(time,'%m-%d') xaxis FROM dateinfo where time BETWEEN '2017.03.29' AND '2017.04.28 23:59:59' order by time) b ON a.xaxis = b.xaxis

[ 2017-04-28T19:23:30+08:00 ] 127.0.0.1 /vehiclemenagement2/index.php?s=/Index/gettotalchartdata
INFO: [ route_check ] --START--
INFO: CheckRoute Behavior ::run [ RunTime:0.000735s ]
INFO: [ route_check ] --END-- [ RunTime:0.000823s ]
NOTIC: [2] htmlspecialchars() expects parameter 2 to be long, string given E:\wamp\www\vehiclemenagement2\inc\Lib\Core\App.class.php 第 56 行.
NOTIC: [2] stripslashes() expects exactly 1 parameter, 2 given E:\wamp\www\vehiclemenagement2\inc\Lib\Core\App.class.php 第 56 行.
NOTIC: [2] stripslashes() expects exactly 1 parameter, 2 given E:\wamp\www\vehiclemenagement2\inc\Lib\Core\App.class.php 第 57 行.
NOTIC: [2] stripslashes() expects exactly 1 parameter, 2 given E:\wamp\www\vehiclemenagement2\inc\Lib\Core\App.class.php 第 57 行.
INFO: [ app_begin ] --START--
INFO: ReadHtmlCache Behavior ::run [ RunTime:0.000502s ]
INFO: CheckLang Behavior ::run [ RunTime:0.000817s ]
INFO: [ app_begin ] --END-- [ RunTime:0.001415s ]
NOTIC: [2] htmlspecialchars() expects parameter 2 to be long, string given E:\wamp\www\vehiclemenagement2\inc\Common\common.php 第 110 行.
NOTIC: [2] stripslashes() expects exactly 1 parameter, 2 given E:\wamp\www\vehiclemenagement2\inc\Common\common.php 第 110 行.
NOTIC: [2] stripslashes() expects exactly 1 parameter, 2 given E:\wamp\www\vehiclemenagement2\inc\Common\common.php 第 110 行.
NOTIC: [2] stripslashes() expects exactly 1 parameter, 2 given E:\wamp\www\vehiclemenagement2\inc\Common\common.php 第 110 行.
SQL: SHOW COLUMNS FROM `register` [ RunTime:0.002790s ]
ERR: 1146:Table 'quanmingzhitiao.register' doesn't exist
 [ SQL语句 ] : SHOW COLUMNS FROM `register`
SQL: SELECT IFNULL(a.count,0) count,b.xaxis FROM (SELECT  DATE_FORMAT(regtime,'%m-%d') xaxis,COUNT(id) count FROM register WHERE regtime BETWEEN '2017.03.29' AND '2017.04.28 23:59:59' GROUP BY xaxis) a RIGHT JOIN (SELECT DATE_FORMAT(time,'%m-%d') xaxis FROM dateinfo where time BETWEEN '2017.03.29' AND '2017.04.28 23:59:59' order by time) b ON a.xaxis = b.xaxis [ RunTime:0.000442s ]
ERR: 1146:Table 'quanmingzhitiao.register' doesn't exist
 [ SQL语句 ] : SELECT IFNULL(a.count,0) count,b.xaxis FROM (SELECT  DATE_FORMAT(regtime,'%m-%d') xaxis,COUNT(id) count FROM register WHERE regtime BETWEEN '2017.03.29' AND '2017.04.28 23:59:59' GROUP BY xaxis) a RIGHT JOIN (SELECT DATE_FORMAT(time,'%m-%d') xaxis FROM dateinfo where time BETWEEN '2017.03.29' AND '2017.04.28 23:59:59' order by time) b ON a.xaxis = b.xaxis

[ 2017-04-28T20:08:11+08:00 ] 127.0.0.1 /vehiclemenagement2/index.php?s=/Vehiclemaintenance/statealarm.html
INFO: [ route_check ] --START--
INFO: CheckRoute Behavior ::run [ RunTime:0.048262s ]
INFO: [ route_check ] --END-- [ RunTime:0.068009s ]
NOTIC: [2] stripslashes() expects exactly 1 parameter, 2 given E:\wamp\www\vehiclemenagement2\inc\Lib\Core\App.class.php 第 57 行.
NOTIC: [2] stripslashes() expects exactly 1 parameter, 2 given E:\wamp\www\vehiclemenagement2\inc\Lib\Core\App.class.php 第 57 行.
INFO: [ app_begin ] --START--
INFO: ReadHtmlCache Behavior ::run [ RunTime:0.001286s ]
INFO: CheckLang Behavior ::run [ RunTime:0.021950s ]
INFO: [ app_begin ] --END-- [ RunTime:0.023407s ]
INFO: [ view_parse ] --START--
NOTIC: [8] Undefined variable: page E:\wamp\www\vehiclemenagement2\App\Runtime\Cache\9aea0d6745a8b3afb3ddee1200ff8fe0.php 第 83 行.
INFO: ParseTemplate Behavior ::run [ RunTime:0.226212s ]
INFO: [ view_parse ] --END-- [ RunTime:0.226322s ]
INFO: [ view_filter ] --START--
INFO: ContentReplace Behavior ::run [ RunTime:0.022411s ]
INFO: TokenBuild Behavior ::run [ RunTime:0.006502s ]
INFO: WriteHtmlCache Behavior ::run [ RunTime:0.001347s ]
INFO: ShowRuntime Behavior ::run [ RunTime:0.001150s ]
INFO: [ view_filter ] --END-- [ RunTime:0.031662s ]
INFO: [ view_end ] --START--
INFO: ShowPageTrace Behavior ::run [ RunTime:0.001202s ]
INFO: [ view_end ] --END-- [ RunTime:0.001277s ]

[ 2017-04-28T20:08:15+08:00 ] 127.0.0.1 /vehiclemenagement2/index.php?s=/Vehiclemaintenance/maintenance.html
INFO: [ route_check ] --START--
INFO: CheckRoute Behavior ::run [ RunTime:0.000925s ]
INFO: [ route_check ] --END-- [ RunTime:0.001035s ]
NOTIC: [2] stripslashes() expects exactly 1 parameter, 2 given E:\wamp\www\vehiclemenagement2\inc\Lib\Core\App.class.php 第 57 行.
NOTIC: [2] stripslashes() expects exactly 1 parameter, 2 given E:\wamp\www\vehiclemenagement2\inc\Lib\Core\App.class.php 第 57 行.
INFO: [ app_begin ] --START--
INFO: ReadHtmlCache Behavior ::run [ RunTime:0.000584s ]
INFO: CheckLang Behavior ::run [ RunTime:0.000890s ]
INFO: [ app_begin ] --END-- [ RunTime:0.001586s ]
INFO: [ view_parse ] --START--
NOTIC: [8] Undefined variable: page E:\wamp\www\vehiclemenagement2\App\Runtime\Cache\bf4e810b5e3b58c41c5308f94784333d.php 第 70 行.
INFO: ParseTemplate Behavior ::run [ RunTime:0.008250s ]
INFO: [ view_parse ] --END-- [ RunTime:0.008328s ]
INFO: [ view_filter ] --START--
INFO: ContentReplace Behavior ::run [ RunTime:0.000535s ]
INFO: TokenBuild Behavior ::run [ RunTime:0.000441s ]
INFO: WriteHtmlCache Behavior ::run [ RunTime:0.000242s ]
INFO: ShowRuntime Behavior ::run [ RunTime:0.000401s ]
INFO: [ view_filter ] --END-- [ RunTime:0.001767s ]
INFO: [ view_end ] --START--
INFO: ShowPageTrace Behavior ::run [ RunTime:0.000687s ]
INFO: [ view_end ] --END-- [ RunTime:0.000745s ]

[ 2017-04-28T20:08:43+08:00 ] 127.0.0.1 /vehiclemenagement2/index.php?s=/Vehiclemaintenance/statealarm.html
INFO: [ route_check ] --START--
INFO: CheckRoute Behavior ::run [ RunTime:0.000861s ]
INFO: [ route_check ] --END-- [ RunTime:0.000968s ]
NOTIC: [2] stripslashes() expects exactly 1 parameter, 2 given E:\wamp\www\vehiclemenagement2\inc\Lib\Core\App.class.php 第 57 行.
NOTIC: [2] stripslashes() expects exactly 1 parameter, 2 given E:\wamp\www\vehiclemenagement2\inc\Lib\Core\App.class.php 第 57 行.
INFO: [ app_begin ] --START--
INFO: ReadHtmlCache Behavior ::run [ RunTime:0.000593s ]
INFO: CheckLang Behavior ::run [ RunTime:0.000864s ]
INFO: [ app_begin ] --END-- [ RunTime:0.001567s ]
INFO: [ view_parse ] --START--
NOTIC: [8] Undefined variable: page E:\wamp\www\vehiclemenagement2\App\Runtime\Cache\9aea0d6745a8b3afb3ddee1200ff8fe0.php 第 83 行.
INFO: ParseTemplate Behavior ::run [ RunTime:0.013538s ]
INFO: [ view_parse ] --END-- [ RunTime:0.013632s ]
INFO: [ view_filter ] --START--
INFO: ContentReplace Behavior ::run [ RunTime:0.000513s ]
INFO: TokenBuild Behavior ::run [ RunTime:0.000368s ]
INFO: WriteHtmlCache Behavior ::run [ RunTime:0.003935s ]
INFO: ShowRuntime Behavior ::run [ RunTime:0.001656s ]
INFO: [ view_filter ] --END-- [ RunTime:0.009674s ]
INFO: [ view_end ] --START--
INFO: ShowPageTrace Behavior ::run [ RunTime:0.001137s ]
INFO: [ view_end ] --END-- [ RunTime:0.001214s ]

