[ 2017-04-23T18:41:47+08:00 ] 127.0.0.1 /vehiclemenagement2/index.php?s=/Index/homepage.html
INFO: [ route_check ] --START--
INFO: CheckRoute Behavior ::run [ RunTime:0.000914s ]
INFO: [ route_check ] --END-- [ RunTime:0.001045s ]
NOTIC: [2] stripslashes() expects exactly 1 parameter, 2 given E:\wamp\www\vehiclemenagement2\inc\Lib\Core\App.class.php 第 57 行.
NOTIC: [2] stripslashes() expects exactly 1 parameter, 2 given E:\wamp\www\vehiclemenagement2\inc\Lib\Core\App.class.php 第 57 行.
INFO: [ app_begin ] --START--
INFO: ReadHtmlCache Behavior ::run [ RunTime:0.000660s ]
INFO: CheckLang Behavior ::run [ RunTime:0.000870s ]
INFO: [ app_begin ] --END-- [ RunTime:0.001649s ]
NOTIC: [8] Constant THEME_NAME already defined E:\wamp\www\vehiclemenagement2\inc\Lib\Core\View.class.php 第 223 行.
NOTIC: [8] Constant THEME_PATH already defined E:\wamp\www\vehiclemenagement2\inc\Lib\Core\View.class.php 第 174 行.
NOTIC: [8] Constant APP_TMPL_PATH already defined E:\wamp\www\vehiclemenagement2\inc\Lib\Core\View.class.php 第 175 行.
INFO: [ view_parse ] --START--
INFO: ParseTemplate Behavior ::run [ RunTime:0.009686s ]
INFO: [ view_parse ] --END-- [ RunTime:0.009811s ]
INFO: [ view_filter ] --START--
INFO: ContentReplace Behavior ::run [ RunTime:0.001146s ]
INFO: TokenBuild Behavior ::run [ RunTime:0.000468s ]
INFO: WriteHtmlCache Behavior ::run [ RunTime:0.000288s ]
INFO: ShowRuntime Behavior ::run [ RunTime:0.000425s ]
INFO: [ view_filter ] --END-- [ RunTime:0.002510s ]
INFO: [ view_end ] --START--
INFO: ShowPageTrace Behavior ::run [ RunTime:0.001010s ]
INFO: [ view_end ] --END-- [ RunTime:0.001086s ]

[ 2017-04-23T18:41:47+08:00 ] 127.0.0.1 /vehiclemenagement2/index.php?s=/Index/homepage.html
INFO: [ route_check ] --START--
INFO: CheckRoute Behavior ::run [ RunTime:0.000733s ]
INFO: [ route_check ] --END-- [ RunTime:0.000822s ]
NOTIC: [2] stripslashes() expects exactly 1 parameter, 2 given E:\wamp\www\vehiclemenagement2\inc\Lib\Core\App.class.php 第 57 行.
NOTIC: [2] stripslashes() expects exactly 1 parameter, 2 given E:\wamp\www\vehiclemenagement2\inc\Lib\Core\App.class.php 第 57 行.
INFO: [ app_begin ] --START--
INFO: ReadHtmlCache Behavior ::run [ RunTime:0.000671s ]
INFO: CheckLang Behavior ::run [ RunTime:0.000804s ]
INFO: [ app_begin ] --END-- [ RunTime:0.001606s ]
NOTIC: [8] Constant THEME_NAME already defined E:\wamp\www\vehiclemenagement2\inc\Lib\Core\View.class.php 第 223 行.
NOTIC: [8] Constant THEME_PATH already defined E:\wamp\www\vehiclemenagement2\inc\Lib\Core\View.class.php 第 174 行.
NOTIC: [8] Constant APP_TMPL_PATH already defined E:\wamp\www\vehiclemenagement2\inc\Lib\Core\View.class.php 第 175 行.
INFO: [ view_parse ] --START--
INFO: ParseTemplate Behavior ::run [ RunTime:0.008719s ]
INFO: [ view_parse ] --END-- [ RunTime:0.009798s ]
INFO: [ view_filter ] --START--
INFO: ContentReplace Behavior ::run [ RunTime:0.000415s ]
INFO: TokenBuild Behavior ::run [ RunTime:0.000408s ]
INFO: WriteHtmlCache Behavior ::run [ RunTime:0.000239s ]
INFO: ShowRuntime Behavior ::run [ RunTime:0.000389s ]
INFO: [ view_filter ] --END-- [ RunTime:0.001598s ]
INFO: [ view_end ] --START--
INFO: ShowPageTrace Behavior ::run [ RunTime:0.000558s ]
INFO: [ view_end ] --END-- [ RunTime:0.000614s ]

[ 2017-04-23T18:41:47+08:00 ] 127.0.0.1 /vehiclemenagement2/index.php?s=/Index/gettimeintervalnewdata
INFO: [ route_check ] --START--
INFO: CheckRoute Behavior ::run [ RunTime:0.000883s ]
INFO: [ route_check ] --END-- [ RunTime:0.000973s ]
NOTIC: [2] stripslashes() expects exactly 1 parameter, 2 given E:\wamp\www\vehiclemenagement2\inc\Lib\Core\App.class.php 第 57 行.
NOTIC: [2] stripslashes() expects exactly 1 parameter, 2 given E:\wamp\www\vehiclemenagement2\inc\Lib\Core\App.class.php 第 57 行.
INFO: [ app_begin ] --START--
INFO: ReadHtmlCache Behavior ::run [ RunTime:0.000511s ]
INFO: CheckLang Behavior ::run [ RunTime:0.000764s ]
INFO: [ app_begin ] --END-- [ RunTime:0.001368s ]
SQL: SHOW COLUMNS FROM `register` [ RunTime:0.002877s ]
ERR: 1146:Table 'quanmingzhitiao.register' doesn't exist
 [ SQL语句 ] : SHOW COLUMNS FROM `register`
SQL: SELECT DATE_FORMAT(regtime,'%H') xaxis,COUNT(id) count FROM register WHERE regtime BETWEEN '2017.04.23' AND '2017.04.23 23:59:59' GROUP BY xaxis [ RunTime:0.000398s ]
ERR: 1146:Table 'quanmingzhitiao.register' doesn't exist
 [ SQL语句 ] : SELECT DATE_FORMAT(regtime,'%H') xaxis,COUNT(id) count FROM register WHERE regtime BETWEEN '2017.04.23' AND '2017.04.23 23:59:59' GROUP BY xaxis
SQL: SELECT DATE_FORMAT(regtime,'%H') xaxis,COUNT(id) count FROM register WHERE regtime BETWEEN '2017.04.22' AND '2017.04.22 23:59:59' GROUP BY xaxis [ RunTime:0.000256s ]
ERR: 1146:Table 'quanmingzhitiao.register' doesn't exist
 [ SQL语句 ] : SELECT DATE_FORMAT(regtime,'%H') xaxis,COUNT(id) count FROM register WHERE regtime BETWEEN '2017.04.22' AND '2017.04.22 23:59:59' GROUP BY xaxis
SQL: SELECT DATE_FORMAT(regtime,'%H') xaxis,COUNT(id) count FROM register WHERE regtime BETWEEN '2017.04.16' AND '2017.04.16 23:59:59' GROUP BY xaxis [ RunTime:0.000235s ]
ERR: 1146:Table 'quanmingzhitiao.register' doesn't exist
 [ SQL语句 ] : SELECT DATE_FORMAT(regtime,'%H') xaxis,COUNT(id) count FROM register WHERE regtime BETWEEN '2017.04.16' AND '2017.04.16 23:59:59' GROUP BY xaxis
SQL: SELECT DATE_FORMAT(regtime,'%H') xaxis,COUNT(id) count FROM register WHERE regtime BETWEEN '2017.03.24' AND '2017.03.24 23:59:59' GROUP BY xaxis [ RunTime:0.000247s ]
ERR: 1146:Table 'quanmingzhitiao.register' doesn't exist
 [ SQL语句 ] : SELECT DATE_FORMAT(regtime,'%H') xaxis,COUNT(id) count FROM register WHERE regtime BETWEEN '2017.03.24' AND '2017.03.24 23:59:59' GROUP BY xaxis

[ 2017-04-23T18:41:47+08:00 ] 127.0.0.1 /vehiclemenagement2/index.php?s=/Index/totalchart
INFO: [ route_check ] --START--
INFO: CheckRoute Behavior ::run [ RunTime:0.000749s ]
INFO: [ route_check ] --END-- [ RunTime:0.000838s ]
NOTIC: [2] stripslashes() expects exactly 1 parameter, 2 given E:\wamp\www\vehiclemenagement2\inc\Lib\Core\App.class.php 第 57 行.
NOTIC: [2] stripslashes() expects exactly 1 parameter, 2 given E:\wamp\www\vehiclemenagement2\inc\Lib\Core\App.class.php 第 57 行.
INFO: [ app_begin ] --START--
INFO: ReadHtmlCache Behavior ::run [ RunTime:0.000509s ]
INFO: CheckLang Behavior ::run [ RunTime:0.000772s ]
INFO: [ app_begin ] --END-- [ RunTime:0.001367s ]
NOTIC: [8] Constant THEME_NAME already defined E:\wamp\www\vehiclemenagement2\inc\Lib\Core\View.class.php 第 223 行.
NOTIC: [8] Constant THEME_PATH already defined E:\wamp\www\vehiclemenagement2\inc\Lib\Core\View.class.php 第 174 行.
NOTIC: [8] Constant APP_TMPL_PATH already defined E:\wamp\www\vehiclemenagement2\inc\Lib\Core\View.class.php 第 175 行.
INFO: [ view_parse ] --START--
INFO: ParseTemplate Behavior ::run [ RunTime:0.009950s ]
INFO: [ view_parse ] --END-- [ RunTime:0.010081s ]
INFO: [ view_filter ] --START--
INFO: ContentReplace Behavior ::run [ RunTime:0.000420s ]
INFO: TokenBuild Behavior ::run [ RunTime:0.001506s ]
INFO: WriteHtmlCache Behavior ::run [ RunTime:0.000449s ]
INFO: ShowRuntime Behavior ::run [ RunTime:0.000415s ]
INFO: [ view_filter ] --END-- [ RunTime:0.002965s ]
INFO: [ view_end ] --START--
INFO: ShowPageTrace Behavior ::run [ RunTime:0.000520s ]
INFO: [ view_end ] --END-- [ RunTime:0.000569s ]

[ 2017-04-23T18:41:47+08:00 ] 127.0.0.1 /vehiclemenagement2/index.php?s=/Index/gettimeintervalnewdata
INFO: [ route_check ] --START--
INFO: CheckRoute Behavior ::run [ RunTime:0.001169s ]
INFO: [ route_check ] --END-- [ RunTime:0.001278s ]
NOTIC: [2] stripslashes() expects exactly 1 parameter, 2 given E:\wamp\www\vehiclemenagement2\inc\Lib\Core\App.class.php 第 57 行.
NOTIC: [2] stripslashes() expects exactly 1 parameter, 2 given E:\wamp\www\vehiclemenagement2\inc\Lib\Core\App.class.php 第 57 行.
INFO: [ app_begin ] --START--
INFO: ReadHtmlCache Behavior ::run [ RunTime:0.000670s ]
INFO: CheckLang Behavior ::run [ RunTime:0.001224s ]
INFO: [ app_begin ] --END-- [ RunTime:0.002001s ]
SQL: SHOW COLUMNS FROM `register` [ RunTime:0.002816s ]
ERR: 1146:Table 'quanmingzhitiao.register' doesn't exist
 [ SQL语句 ] : SHOW COLUMNS FROM `register`
SQL: SELECT DATE_FORMAT(regtime,'%H') xaxis,COUNT(id) count FROM register WHERE regtime BETWEEN '2017.04.23' AND '2017.04.23 23:59:59' GROUP BY xaxis [ RunTime:0.000459s ]
ERR: 1146:Table 'quanmingzhitiao.register' doesn't exist
 [ SQL语句 ] : SELECT DATE_FORMAT(regtime,'%H') xaxis,COUNT(id) count FROM register WHERE regtime BETWEEN '2017.04.23' AND '2017.04.23 23:59:59' GROUP BY xaxis
SQL: SELECT DATE_FORMAT(regtime,'%H') xaxis,COUNT(id) count FROM register WHERE regtime BETWEEN '2017.04.22' AND '2017.04.22 23:59:59' GROUP BY xaxis [ RunTime:0.000237s ]
ERR: 1146:Table 'quanmingzhitiao.register' doesn't exist
 [ SQL语句 ] : SELECT DATE_FORMAT(regtime,'%H') xaxis,COUNT(id) count FROM register WHERE regtime BETWEEN '2017.04.22' AND '2017.04.22 23:59:59' GROUP BY xaxis
SQL: SELECT DATE_FORMAT(regtime,'%H') xaxis,COUNT(id) count FROM register WHERE regtime BETWEEN '2017.04.16' AND '2017.04.16 23:59:59' GROUP BY xaxis [ RunTime:0.000244s ]
ERR: 1146:Table 'quanmingzhitiao.register' doesn't exist
 [ SQL语句 ] : SELECT DATE_FORMAT(regtime,'%H') xaxis,COUNT(id) count FROM register WHERE regtime BETWEEN '2017.04.16' AND '2017.04.16 23:59:59' GROUP BY xaxis
SQL: SELECT DATE_FORMAT(regtime,'%H') xaxis,COUNT(id) count FROM register WHERE regtime BETWEEN '2017.03.24' AND '2017.03.24 23:59:59' GROUP BY xaxis [ RunTime:0.000222s ]
ERR: 1146:Table 'quanmingzhitiao.register' doesn't exist
 [ SQL语句 ] : SELECT DATE_FORMAT(regtime,'%H') xaxis,COUNT(id) count FROM register WHERE regtime BETWEEN '2017.03.24' AND '2017.03.24 23:59:59' GROUP BY xaxis

[ 2017-04-23T18:41:47+08:00 ] 127.0.0.1 /vehiclemenagement2/index.php?s=/Index/totalchart
INFO: [ route_check ] --START--
INFO: CheckRoute Behavior ::run [ RunTime:0.000729s ]
INFO: [ route_check ] --END-- [ RunTime:0.000817s ]
NOTIC: [2] stripslashes() expects exactly 1 parameter, 2 given E:\wamp\www\vehiclemenagement2\inc\Lib\Core\App.class.php 第 57 行.
NOTIC: [2] stripslashes() expects exactly 1 parameter, 2 given E:\wamp\www\vehiclemenagement2\inc\Lib\Core\App.class.php 第 57 行.
INFO: [ app_begin ] --START--
INFO: ReadHtmlCache Behavior ::run [ RunTime:0.000496s ]
INFO: CheckLang Behavior ::run [ RunTime:0.000787s ]
INFO: [ app_begin ] --END-- [ RunTime:0.001367s ]
NOTIC: [8] Constant THEME_NAME already defined E:\wamp\www\vehiclemenagement2\inc\Lib\Core\View.class.php 第 223 行.
NOTIC: [8] Constant THEME_PATH already defined E:\wamp\www\vehiclemenagement2\inc\Lib\Core\View.class.php 第 174 行.
NOTIC: [8] Constant APP_TMPL_PATH already defined E:\wamp\www\vehiclemenagement2\inc\Lib\Core\View.class.php 第 175 行.
INFO: [ view_parse ] --START--
INFO: ParseTemplate Behavior ::run [ RunTime:0.008445s ]
INFO: [ view_parse ] --END-- [ RunTime:0.008604s ]
INFO: [ view_filter ] --START--
INFO: ContentReplace Behavior ::run [ RunTime:0.000422s ]
INFO: TokenBuild Behavior ::run [ RunTime:0.000510s ]
INFO: WriteHtmlCache Behavior ::run [ RunTime:0.000319s ]
INFO: ShowRuntime Behavior ::run [ RunTime:0.000458s ]
INFO: [ view_filter ] --END-- [ RunTime:0.001867s ]
INFO: [ view_end ] --START--
INFO: ShowPageTrace Behavior ::run [ RunTime:0.000591s ]
INFO: [ view_end ] --END-- [ RunTime:0.000647s ]

[ 2017-04-23T18:41:47+08:00 ] 127.0.0.1 /vehiclemenagement2/index.php?s=/Index/gettotalchartdata
INFO: [ route_check ] --START--
INFO: CheckRoute Behavior ::run [ RunTime:0.000795s ]
INFO: [ route_check ] --END-- [ RunTime:0.000943s ]
NOTIC: [2] htmlspecialchars() expects parameter 2 to be long, string given E:\wamp\www\vehiclemenagement2\inc\Lib\Core\App.class.php 第 56 行.
NOTIC: [2] stripslashes() expects exactly 1 parameter, 2 given E:\wamp\www\vehiclemenagement2\inc\Lib\Core\App.class.php 第 56 行.
NOTIC: [2] stripslashes() expects exactly 1 parameter, 2 given E:\wamp\www\vehiclemenagement2\inc\Lib\Core\App.class.php 第 57 行.
NOTIC: [2] stripslashes() expects exactly 1 parameter, 2 given E:\wamp\www\vehiclemenagement2\inc\Lib\Core\App.class.php 第 57 行.
INFO: [ app_begin ] --START--
INFO: ReadHtmlCache Behavior ::run [ RunTime:0.000672s ]
INFO: CheckLang Behavior ::run [ RunTime:0.000896s ]
INFO: [ app_begin ] --END-- [ RunTime:0.001685s ]
NOTIC: [2] htmlspecialchars() expects parameter 2 to be long, string given E:\wamp\www\vehiclemenagement2\inc\Common\common.php 第 110 行.
NOTIC: [2] stripslashes() expects exactly 1 parameter, 2 given E:\wamp\www\vehiclemenagement2\inc\Common\common.php 第 110 行.
NOTIC: [2] stripslashes() expects exactly 1 parameter, 2 given E:\wamp\www\vehiclemenagement2\inc\Common\common.php 第 110 行.
NOTIC: [2] stripslashes() expects exactly 1 parameter, 2 given E:\wamp\www\vehiclemenagement2\inc\Common\common.php 第 110 行.
SQL: SHOW COLUMNS FROM `register` [ RunTime:0.004104s ]
ERR: 1146:Table 'quanmingzhitiao.register' doesn't exist
 [ SQL语句 ] : SHOW COLUMNS FROM `register`
SQL: SELECT IFNULL(a.count,0) count,b.xaxis FROM (SELECT  DATE_FORMAT(regtime,'%m-%d') xaxis,COUNT(id) count FROM register WHERE regtime BETWEEN '2017.03.24' AND '2017.04.23 23:59:59' GROUP BY xaxis) a RIGHT JOIN (SELECT DATE_FORMAT(time,'%m-%d') xaxis FROM dateinfo where time BETWEEN '2017.03.24' AND '2017.04.23 23:59:59' order by time) b ON a.xaxis = b.xaxis [ RunTime:0.000736s ]
ERR: 1146:Table 'quanmingzhitiao.register' doesn't exist
 [ SQL语句 ] : SELECT IFNULL(a.count,0) count,b.xaxis FROM (SELECT  DATE_FORMAT(regtime,'%m-%d') xaxis,COUNT(id) count FROM register WHERE regtime BETWEEN '2017.03.24' AND '2017.04.23 23:59:59' GROUP BY xaxis) a RIGHT JOIN (SELECT DATE_FORMAT(time,'%m-%d') xaxis FROM dateinfo where time BETWEEN '2017.03.24' AND '2017.04.23 23:59:59' order by time) b ON a.xaxis = b.xaxis

[ 2017-04-23T18:41:47+08:00 ] 127.0.0.1 /vehiclemenagement2/index.php?s=/Index/gettotalchartdata
INFO: [ route_check ] --START--
INFO: CheckRoute Behavior ::run [ RunTime:0.000893s ]
INFO: [ route_check ] --END-- [ RunTime:0.000988s ]
NOTIC: [2] htmlspecialchars() expects parameter 2 to be long, string given E:\wamp\www\vehiclemenagement2\inc\Lib\Core\App.class.php 第 56 行.
NOTIC: [2] stripslashes() expects exactly 1 parameter, 2 given E:\wamp\www\vehiclemenagement2\inc\Lib\Core\App.class.php 第 56 行.
NOTIC: [2] stripslashes() expects exactly 1 parameter, 2 given E:\wamp\www\vehiclemenagement2\inc\Lib\Core\App.class.php 第 57 行.
NOTIC: [2] stripslashes() expects exactly 1 parameter, 2 given E:\wamp\www\vehiclemenagement2\inc\Lib\Core\App.class.php 第 57 行.
INFO: [ app_begin ] --START--
INFO: ReadHtmlCache Behavior ::run [ RunTime:0.000535s ]
INFO: CheckLang Behavior ::run [ RunTime:0.000788s ]
INFO: [ app_begin ] --END-- [ RunTime:0.001419s ]
NOTIC: [2] htmlspecialchars() expects parameter 2 to be long, string given E:\wamp\www\vehiclemenagement2\inc\Common\common.php 第 110 行.
NOTIC: [2] stripslashes() expects exactly 1 parameter, 2 given E:\wamp\www\vehiclemenagement2\inc\Common\common.php 第 110 行.
NOTIC: [2] stripslashes() expects exactly 1 parameter, 2 given E:\wamp\www\vehiclemenagement2\inc\Common\common.php 第 110 行.
NOTIC: [2] stripslashes() expects exactly 1 parameter, 2 given E:\wamp\www\vehiclemenagement2\inc\Common\common.php 第 110 行.
SQL: SHOW COLUMNS FROM `register` [ RunTime:0.002921s ]
ERR: 1146:Table 'quanmingzhitiao.register' doesn't exist
 [ SQL语句 ] : SHOW COLUMNS FROM `register`
SQL: SELECT IFNULL(a.count,0) count,b.xaxis FROM (SELECT  DATE_FORMAT(regtime,'%m-%d') xaxis,COUNT(id) count FROM register WHERE regtime BETWEEN '2017.03.24' AND '2017.04.23 23:59:59' GROUP BY xaxis) a RIGHT JOIN (SELECT DATE_FORMAT(time,'%m-%d') xaxis FROM dateinfo where time BETWEEN '2017.03.24' AND '2017.04.23 23:59:59' order by time) b ON a.xaxis = b.xaxis [ RunTime:0.000522s ]
ERR: 1146:Table 'quanmingzhitiao.register' doesn't exist
 [ SQL语句 ] : SELECT IFNULL(a.count,0) count,b.xaxis FROM (SELECT  DATE_FORMAT(regtime,'%m-%d') xaxis,COUNT(id) count FROM register WHERE regtime BETWEEN '2017.03.24' AND '2017.04.23 23:59:59' GROUP BY xaxis) a RIGHT JOIN (SELECT DATE_FORMAT(time,'%m-%d') xaxis FROM dateinfo where time BETWEEN '2017.03.24' AND '2017.04.23 23:59:59' order by time) b ON a.xaxis = b.xaxis

[ 2017-04-23T18:41:48+08:00 ] 127.0.0.1 /vehiclemenagement2/index.php?s=/PersonForkliftManage/vehicleinfo.html
INFO: [ route_check ] --START--
INFO: CheckRoute Behavior ::run [ RunTime:0.000781s ]
INFO: [ route_check ] --END-- [ RunTime:0.000887s ]
NOTIC: [2] stripslashes() expects exactly 1 parameter, 2 given E:\wamp\www\vehiclemenagement2\inc\Lib\Core\App.class.php 第 57 行.
NOTIC: [2] stripslashes() expects exactly 1 parameter, 2 given E:\wamp\www\vehiclemenagement2\inc\Lib\Core\App.class.php 第 57 行.
INFO: [ app_begin ] --START--
INFO: ReadHtmlCache Behavior ::run [ RunTime:0.000484s ]
INFO: CheckLang Behavior ::run [ RunTime:0.000875s ]
INFO: [ app_begin ] --END-- [ RunTime:0.001463s ]
INFO: [ view_parse ] --START--
NOTIC: [8] Undefined variable: page E:\wamp\www\vehiclemenagement2\App\Runtime\Cache\94b72c021d40ce9621af84829752b128.php 第 117 行.
INFO: ParseTemplate Behavior ::run [ RunTime:0.009325s ]
INFO: [ view_parse ] --END-- [ RunTime:0.009441s ]
INFO: [ view_filter ] --START--
INFO: ContentReplace Behavior ::run [ RunTime:0.000729s ]
INFO: TokenBuild Behavior ::run [ RunTime:0.000494s ]
INFO: WriteHtmlCache Behavior ::run [ RunTime:0.000356s ]
INFO: ShowRuntime Behavior ::run [ RunTime:0.000487s ]
INFO: [ view_filter ] --END-- [ RunTime:0.002248s ]
INFO: [ view_end ] --START--
INFO: ShowPageTrace Behavior ::run [ RunTime:0.000880s ]
INFO: [ view_end ] --END-- [ RunTime:0.000954s ]

[ 2017-04-23T18:41:50+08:00 ] 127.0.0.1 /vehiclemenagement2/index.php?s=/PersonForkliftManage/addvehicle.html
INFO: [ route_check ] --START--
INFO: CheckRoute Behavior ::run [ RunTime:0.000750s ]
INFO: [ route_check ] --END-- [ RunTime:0.000844s ]
NOTIC: [2] stripslashes() expects exactly 1 parameter, 2 given E:\wamp\www\vehiclemenagement2\inc\Lib\Core\App.class.php 第 57 行.
NOTIC: [2] stripslashes() expects exactly 1 parameter, 2 given E:\wamp\www\vehiclemenagement2\inc\Lib\Core\App.class.php 第 57 行.
INFO: [ app_begin ] --START--
INFO: ReadHtmlCache Behavior ::run [ RunTime:0.000515s ]
INFO: CheckLang Behavior ::run [ RunTime:0.000761s ]
INFO: [ app_begin ] --END-- [ RunTime:0.001368s ]
NOTIC: [8] Constant THEME_NAME already defined E:\wamp\www\vehiclemenagement2\inc\Lib\Core\View.class.php 第 223 行.
NOTIC: [8] Constant THEME_PATH already defined E:\wamp\www\vehiclemenagement2\inc\Lib\Core\View.class.php 第 174 行.
NOTIC: [8] Constant APP_TMPL_PATH already defined E:\wamp\www\vehiclemenagement2\inc\Lib\Core\View.class.php 第 175 行.
INFO: [ view_parse ] --START--
INFO: ParseTemplate Behavior ::run [ RunTime:0.007327s ]
INFO: [ view_parse ] --END-- [ RunTime:0.007416s ]
INFO: [ view_filter ] --START--
INFO: ContentReplace Behavior ::run [ RunTime:0.000404s ]
INFO: TokenBuild Behavior ::run [ RunTime:0.000339s ]
INFO: WriteHtmlCache Behavior ::run [ RunTime:0.000230s ]
INFO: ShowRuntime Behavior ::run [ RunTime:0.000401s ]
INFO: [ view_filter ] --END-- [ RunTime:0.001532s ]
INFO: [ view_end ] --START--
INFO: ShowPageTrace Behavior ::run [ RunTime:0.000526s ]
INFO: [ view_end ] --END-- [ RunTime:0.000582s ]

[ 2017-04-23T18:41:57+08:00 ] 127.0.0.1 /vehiclemenagement2/index.php?s=/PersonForkliftManage/vehicleinfo.html
INFO: [ route_check ] --START--
INFO: CheckRoute Behavior ::run [ RunTime:0.000848s ]
INFO: [ route_check ] --END-- [ RunTime:0.000951s ]
NOTIC: [2] htmlspecialchars() expects parameter 2 to be long, string given E:\wamp\www\vehiclemenagement2\inc\Lib\Core\App.class.php 第 56 行.
NOTIC: [2] htmlspecialchars() expects parameter 2 to be long, string given E:\wamp\www\vehiclemenagement2\inc\Lib\Core\App.class.php 第 56 行.
NOTIC: [2] stripslashes() expects exactly 1 parameter, 2 given E:\wamp\www\vehiclemenagement2\inc\Lib\Core\App.class.php 第 56 行.
NOTIC: [2] stripslashes() expects exactly 1 parameter, 2 given E:\wamp\www\vehiclemenagement2\inc\Lib\Core\App.class.php 第 56 行.
NOTIC: [2] stripslashes() expects exactly 1 parameter, 2 given E:\wamp\www\vehiclemenagement2\inc\Lib\Core\App.class.php 第 57 行.
NOTIC: [2] stripslashes() expects exactly 1 parameter, 2 given E:\wamp\www\vehiclemenagement2\inc\Lib\Core\App.class.php 第 57 行.
INFO: [ app_begin ] --START--
INFO: ReadHtmlCache Behavior ::run [ RunTime:0.000517s ]
INFO: CheckLang Behavior ::run [ RunTime:0.000798s ]
INFO: [ app_begin ] --END-- [ RunTime:0.001413s ]
INFO: [ view_parse ] --START--
NOTIC: [8] Undefined variable: page E:\wamp\www\vehiclemenagement2\App\Runtime\Cache\94b72c021d40ce9621af84829752b128.php 第 117 行.
INFO: ParseTemplate Behavior ::run [ RunTime:0.026799s ]
INFO: [ view_parse ] --END-- [ RunTime:0.026885s ]
INFO: [ view_filter ] --START--
INFO: ContentReplace Behavior ::run [ RunTime:0.000619s ]
INFO: TokenBuild Behavior ::run [ RunTime:0.000423s ]
INFO: WriteHtmlCache Behavior ::run [ RunTime:0.000267s ]
INFO: ShowRuntime Behavior ::run [ RunTime:0.000449s ]
INFO: [ view_filter ] --END-- [ RunTime:0.001948s ]
INFO: [ view_end ] --START--
INFO: ShowPageTrace Behavior ::run [ RunTime:0.000664s ]
INFO: [ view_end ] --END-- [ RunTime:0.000735s ]

[ 2017-04-23T18:42:32+08:00 ] 127.0.0.1 /vehiclemenagement2/index.php?s=/Index/index.html&l=zh-cn
INFO: [ route_check ] --START--
INFO: CheckRoute Behavior ::run [ RunTime:0.001020s ]
INFO: [ route_check ] --END-- [ RunTime:0.001141s ]
NOTIC: [2] htmlspecialchars() expects parameter 2 to be long, string given E:\wamp\www\vehiclemenagement2\inc\Lib\Core\App.class.php 第 57 行.
NOTIC: [2] stripslashes() expects exactly 1 parameter, 2 given E:\wamp\www\vehiclemenagement2\inc\Lib\Core\App.class.php 第 57 行.
NOTIC: [2] stripslashes() expects exactly 1 parameter, 2 given E:\wamp\www\vehiclemenagement2\inc\Lib\Core\App.class.php 第 57 行.
NOTIC: [2] stripslashes() expects exactly 1 parameter, 2 given E:\wamp\www\vehiclemenagement2\inc\Lib\Core\App.class.php 第 57 行.
INFO: [ app_begin ] --START--
INFO: ReadHtmlCache Behavior ::run [ RunTime:0.000644s ]
INFO: CheckLang Behavior ::run [ RunTime:0.001197s ]
INFO: [ app_begin ] --END-- [ RunTime:0.002027s ]
INFO: [ view_parse ] --START--
NOTIC: [8] A session had already been started - ignoring session_start() E:\wamp\www\vehiclemenagement2\App\Runtime\Cache\f331a3f0d874c4248458495ef2c2c2d1.php 第 219 行.
INFO: ParseTemplate Behavior ::run [ RunTime:0.022888s ]
INFO: [ view_parse ] --END-- [ RunTime:0.022979s ]
INFO: [ view_filter ] --START--
INFO: ContentReplace Behavior ::run [ RunTime:0.000631s ]
INFO: TokenBuild Behavior ::run [ RunTime:0.000441s ]
INFO: WriteHtmlCache Behavior ::run [ RunTime:0.000252s ]
INFO: ShowRuntime Behavior ::run [ RunTime:0.000417s ]
INFO: [ view_filter ] --END-- [ RunTime:0.001907s ]
INFO: [ view_end ] --START--
INFO: ShowPageTrace Behavior ::run [ RunTime:0.000573s ]
INFO: [ view_end ] --END-- [ RunTime:0.000632s ]

[ 2017-04-23T18:42:33+08:00 ] 127.0.0.1 /vehiclemenagement2/index.php?s=/Index/homepage.html
INFO: [ route_check ] --START--
INFO: CheckRoute Behavior ::run [ RunTime:0.001149s ]
INFO: [ route_check ] --END-- [ RunTime:0.001244s ]
NOTIC: [2] stripslashes() expects exactly 1 parameter, 2 given E:\wamp\www\vehiclemenagement2\inc\Lib\Core\App.class.php 第 57 行.
NOTIC: [2] stripslashes() expects exactly 1 parameter, 2 given E:\wamp\www\vehiclemenagement2\inc\Lib\Core\App.class.php 第 57 行.
INFO: [ app_begin ] --START--
INFO: ReadHtmlCache Behavior ::run [ RunTime:0.000607s ]
INFO: CheckLang Behavior ::run [ RunTime:0.001164s ]
INFO: [ app_begin ] --END-- [ RunTime:0.001872s ]
NOTIC: [8] Constant THEME_NAME already defined E:\wamp\www\vehiclemenagement2\inc\Lib\Core\View.class.php 第 223 行.
NOTIC: [8] Constant THEME_PATH already defined E:\wamp\www\vehiclemenagement2\inc\Lib\Core\View.class.php 第 174 行.
NOTIC: [8] Constant APP_TMPL_PATH already defined E:\wamp\www\vehiclemenagement2\inc\Lib\Core\View.class.php 第 175 行.
INFO: [ view_parse ] --START--
INFO: ParseTemplate Behavior ::run [ RunTime:0.008392s ]
INFO: [ view_parse ] --END-- [ RunTime:0.008507s ]
INFO: [ view_filter ] --START--
INFO: ContentReplace Behavior ::run [ RunTime:0.002702s ]
INFO: TokenBuild Behavior ::run [ RunTime:0.000906s ]
INFO: WriteHtmlCache Behavior ::run [ RunTime:0.000404s ]
INFO: ShowRuntime Behavior ::run [ RunTime:0.000527s ]
INFO: [ view_filter ] --END-- [ RunTime:0.004738s ]
INFO: [ view_end ] --START--
INFO: ShowPageTrace Behavior ::run [ RunTime:0.000629s ]
INFO: [ view_end ] --END-- [ RunTime:0.000687s ]

[ 2017-04-23T18:42:33+08:00 ] 127.0.0.1 /vehiclemenagement2/index.php?s=/Index/index.html&l=zh-cn
INFO: [ route_check ] --START--
INFO: CheckRoute Behavior ::run [ RunTime:0.000805s ]
INFO: [ route_check ] --END-- [ RunTime:0.000918s ]
NOTIC: [2] htmlspecialchars() expects parameter 2 to be long, string given E:\wamp\www\vehiclemenagement2\inc\Lib\Core\App.class.php 第 57 行.
NOTIC: [2] stripslashes() expects exactly 1 parameter, 2 given E:\wamp\www\vehiclemenagement2\inc\Lib\Core\App.class.php 第 57 行.
NOTIC: [2] stripslashes() expects exactly 1 parameter, 2 given E:\wamp\www\vehiclemenagement2\inc\Lib\Core\App.class.php 第 57 行.
NOTIC: [2] stripslashes() expects exactly 1 parameter, 2 given E:\wamp\www\vehiclemenagement2\inc\Lib\Core\App.class.php 第 57 行.
INFO: [ app_begin ] --START--
INFO: ReadHtmlCache Behavior ::run [ RunTime:0.000554s ]
INFO: CheckLang Behavior ::run [ RunTime:0.000842s ]
INFO: [ app_begin ] --END-- [ RunTime:0.001499s ]
INFO: [ view_parse ] --START--
NOTIC: [8] A session had already been started - ignoring session_start() E:\wamp\www\vehiclemenagement2\App\Runtime\Cache\f331a3f0d874c4248458495ef2c2c2d1.php 第 219 行.
INFO: ParseTemplate Behavior ::run [ RunTime:0.044309s ]
INFO: [ view_parse ] --END-- [ RunTime:0.044417s ]
INFO: [ view_filter ] --START--
INFO: ContentReplace Behavior ::run [ RunTime:0.001199s ]
INFO: TokenBuild Behavior ::run [ RunTime:0.000695s ]
INFO: WriteHtmlCache Behavior ::run [ RunTime:0.000299s ]
INFO: ShowRuntime Behavior ::run [ RunTime:0.010534s ]
INFO: [ view_filter ] --END-- [ RunTime:0.012948s ]
INFO: [ view_end ] --START--
INFO: ShowPageTrace Behavior ::run [ RunTime:0.000885s ]
INFO: [ view_end ] --END-- [ RunTime:0.000952s ]

[ 2017-04-23T18:42:33+08:00 ] 127.0.0.1 /vehiclemenagement2/index.php?s=/Index/homepage.html
INFO: [ route_check ] --START--
INFO: CheckRoute Behavior ::run [ RunTime:0.000887s ]
INFO: [ route_check ] --END-- [ RunTime:0.000995s ]
NOTIC: [2] stripslashes() expects exactly 1 parameter, 2 given E:\wamp\www\vehiclemenagement2\inc\Lib\Core\App.class.php 第 57 行.
NOTIC: [2] stripslashes() expects exactly 1 parameter, 2 given E:\wamp\www\vehiclemenagement2\inc\Lib\Core\App.class.php 第 57 行.
INFO: [ app_begin ] --START--
INFO: ReadHtmlCache Behavior ::run [ RunTime:0.000503s ]
INFO: CheckLang Behavior ::run [ RunTime:0.001235s ]
INFO: [ app_begin ] --END-- [ RunTime:0.001863s ]
NOTIC: [8] Constant THEME_NAME already defined E:\wamp\www\vehiclemenagement2\inc\Lib\Core\View.class.php 第 223 行.
NOTIC: [8] Constant THEME_PATH already defined E:\wamp\www\vehiclemenagement2\inc\Lib\Core\View.class.php 第 174 行.
NOTIC: [8] Constant APP_TMPL_PATH already defined E:\wamp\www\vehiclemenagement2\inc\Lib\Core\View.class.php 第 175 行.
INFO: [ view_parse ] --START--
INFO: ParseTemplate Behavior ::run [ RunTime:0.014570s ]
INFO: [ view_parse ] --END-- [ RunTime:0.014688s ]
INFO: [ view_filter ] --START--
INFO: ContentReplace Behavior ::run [ RunTime:0.000543s ]
INFO: TokenBuild Behavior ::run [ RunTime:0.000350s ]
INFO: WriteHtmlCache Behavior ::run [ RunTime:0.000235s ]
INFO: ShowRuntime Behavior ::run [ RunTime:0.000459s ]
INFO: [ view_filter ] --END-- [ RunTime:0.001756s ]
INFO: [ view_end ] --START--
INFO: ShowPageTrace Behavior ::run [ RunTime:0.000649s ]
INFO: [ view_end ] --END-- [ RunTime:0.000717s ]

[ 2017-04-23T18:42:33+08:00 ] 127.0.0.1 /vehiclemenagement2/index.php?s=/Index/index.html&l=zh-cn
INFO: [ route_check ] --START--
INFO: CheckRoute Behavior ::run [ RunTime:0.001082s ]
INFO: [ route_check ] --END-- [ RunTime:0.001176s ]
NOTIC: [2] htmlspecialchars() expects parameter 2 to be long, string given E:\wamp\www\vehiclemenagement2\inc\Lib\Core\App.class.php 第 57 行.
NOTIC: [2] stripslashes() expects exactly 1 parameter, 2 given E:\wamp\www\vehiclemenagement2\inc\Lib\Core\App.class.php 第 57 行.
NOTIC: [2] stripslashes() expects exactly 1 parameter, 2 given E:\wamp\www\vehiclemenagement2\inc\Lib\Core\App.class.php 第 57 行.
NOTIC: [2] stripslashes() expects exactly 1 parameter, 2 given E:\wamp\www\vehiclemenagement2\inc\Lib\Core\App.class.php 第 57 行.
INFO: [ app_begin ] --START--
INFO: ReadHtmlCache Behavior ::run [ RunTime:0.000681s ]
INFO: CheckLang Behavior ::run [ RunTime:0.001293s ]
INFO: [ app_begin ] --END-- [ RunTime:0.002080s ]
INFO: [ view_parse ] --START--
NOTIC: [8] A session had already been started - ignoring session_start() E:\wamp\www\vehiclemenagement2\App\Runtime\Cache\f331a3f0d874c4248458495ef2c2c2d1.php 第 219 行.
INFO: ParseTemplate Behavior ::run [ RunTime:0.023090s ]
INFO: [ view_parse ] --END-- [ RunTime:0.023187s ]
INFO: [ view_filter ] --START--
INFO: ContentReplace Behavior ::run [ RunTime:0.000674s ]
INFO: TokenBuild Behavior ::run [ RunTime:0.000501s ]
INFO: WriteHtmlCache Behavior ::run [ RunTime:0.000347s ]
INFO: ShowRuntime Behavior ::run [ RunTime:0.000518s ]
INFO: [ view_filter ] --END-- [ RunTime:0.002201s ]
INFO: [ view_end ] --START--
INFO: ShowPageTrace Behavior ::run [ RunTime:0.001394s ]
INFO: [ view_end ] --END-- [ RunTime:0.001472s ]

[ 2017-04-23T18:42:33+08:00 ] 127.0.0.1 /vehiclemenagement2/index.php?s=/Index/index.html&l=zh-cn
INFO: [ route_check ] --START--
INFO: CheckRoute Behavior ::run [ RunTime:0.000930s ]
INFO: [ route_check ] --END-- [ RunTime:0.001027s ]
NOTIC: [2] htmlspecialchars() expects parameter 2 to be long, string given E:\wamp\www\vehiclemenagement2\inc\Lib\Core\App.class.php 第 57 行.
NOTIC: [2] stripslashes() expects exactly 1 parameter, 2 given E:\wamp\www\vehiclemenagement2\inc\Lib\Core\App.class.php 第 57 行.
NOTIC: [2] stripslashes() expects exactly 1 parameter, 2 given E:\wamp\www\vehiclemenagement2\inc\Lib\Core\App.class.php 第 57 行.
NOTIC: [2] stripslashes() expects exactly 1 parameter, 2 given E:\wamp\www\vehiclemenagement2\inc\Lib\Core\App.class.php 第 57 行.
INFO: [ app_begin ] --START--
INFO: ReadHtmlCache Behavior ::run [ RunTime:0.000528s ]
INFO: CheckLang Behavior ::run [ RunTime:0.000805s ]
INFO: [ app_begin ] --END-- [ RunTime:0.001434s ]
INFO: [ view_parse ] --START--
NOTIC: [8] A session had already been started - ignoring session_start() E:\wamp\www\vehiclemenagement2\App\Runtime\Cache\f331a3f0d874c4248458495ef2c2c2d1.php 第 219 行.
INFO: ParseTemplate Behavior ::run [ RunTime:0.020917s ]
INFO: [ view_parse ] --END-- [ RunTime:0.021002s ]
INFO: [ view_filter ] --START--
INFO: ContentReplace Behavior ::run [ RunTime:0.000620s ]
INFO: TokenBuild Behavior ::run [ RunTime:0.000509s ]
INFO: WriteHtmlCache Behavior ::run [ RunTime:0.000267s ]
INFO: ShowRuntime Behavior ::run [ RunTime:0.000422s ]
INFO: [ view_filter ] --END-- [ RunTime:0.002019s ]
INFO: [ view_end ] --START--
INFO: ShowPageTrace Behavior ::run [ RunTime:0.000701s ]
INFO: [ view_end ] --END-- [ RunTime:0.000850s ]

[ 2017-04-23T18:42:33+08:00 ] 127.0.0.1 /vehiclemenagement2/index.php?s=/Index/gettimeintervalnewdata
INFO: [ route_check ] --START--
INFO: CheckRoute Behavior ::run [ RunTime:0.001204s ]
INFO: [ route_check ] --END-- [ RunTime:0.001340s ]
NOTIC: [2] stripslashes() expects exactly 1 parameter, 2 given E:\wamp\www\vehiclemenagement2\inc\Lib\Core\App.class.php 第 57 行.
NOTIC: [2] stripslashes() expects exactly 1 parameter, 2 given E:\wamp\www\vehiclemenagement2\inc\Lib\Core\App.class.php 第 57 行.
INFO: [ app_begin ] --START--
INFO: ReadHtmlCache Behavior ::run [ RunTime:0.001191s ]
INFO: CheckLang Behavior ::run [ RunTime:0.001485s ]
INFO: [ app_begin ] --END-- [ RunTime:0.002805s ]
SQL: SHOW COLUMNS FROM `register` [ RunTime:0.003275s ]
ERR: 1146:Table 'quanmingzhitiao.register' doesn't exist
 [ SQL语句 ] : SHOW COLUMNS FROM `register`
SQL: SELECT DATE_FORMAT(regtime,'%H') xaxis,COUNT(id) count FROM register WHERE regtime BETWEEN '2017.04.23' AND '2017.04.23 23:59:59' GROUP BY xaxis [ RunTime:0.001222s ]
ERR: 1146:Table 'quanmingzhitiao.register' doesn't exist
 [ SQL语句 ] : SELECT DATE_FORMAT(regtime,'%H') xaxis,COUNT(id) count FROM register WHERE regtime BETWEEN '2017.04.23' AND '2017.04.23 23:59:59' GROUP BY xaxis
SQL: SELECT DATE_FORMAT(regtime,'%H') xaxis,COUNT(id) count FROM register WHERE regtime BETWEEN '2017.04.22' AND '2017.04.22 23:59:59' GROUP BY xaxis [ RunTime:0.001320s ]
ERR: 1146:Table 'quanmingzhitiao.register' doesn't exist
 [ SQL语句 ] : SELECT DATE_FORMAT(regtime,'%H') xaxis,COUNT(id) count FROM register WHERE regtime BETWEEN '2017.04.22' AND '2017.04.22 23:59:59' GROUP BY xaxis
SQL: SELECT DATE_FORMAT(regtime,'%H') xaxis,COUNT(id) count FROM register WHERE regtime BETWEEN '2017.04.16' AND '2017.04.16 23:59:59' GROUP BY xaxis [ RunTime:0.001392s ]
ERR: 1146:Table 'quanmingzhitiao.register' doesn't exist
 [ SQL语句 ] : SELECT DATE_FORMAT(regtime,'%H') xaxis,COUNT(id) count FROM register WHERE regtime BETWEEN '2017.04.16' AND '2017.04.16 23:59:59' GROUP BY xaxis
SQL: SELECT DATE_FORMAT(regtime,'%H') xaxis,COUNT(id) count FROM register WHERE regtime BETWEEN '2017.03.24' AND '2017.03.24 23:59:59' GROUP BY xaxis [ RunTime:0.002336s ]
ERR: 1146:Table 'quanmingzhitiao.register' doesn't exist
 [ SQL语句 ] : SELECT DATE_FORMAT(regtime,'%H') xaxis,COUNT(id) count FROM register WHERE regtime BETWEEN '2017.03.24' AND '2017.03.24 23:59:59' GROUP BY xaxis

[ 2017-04-23T18:42:33+08:00 ] 127.0.0.1 /vehiclemenagement2/index.php?s=/Index/totalchart
INFO: [ route_check ] --START--
INFO: CheckRoute Behavior ::run [ RunTime:0.000810s ]
INFO: [ route_check ] --END-- [ RunTime:0.000905s ]
NOTIC: [2] stripslashes() expects exactly 1 parameter, 2 given E:\wamp\www\vehiclemenagement2\inc\Lib\Core\App.class.php 第 57 行.
NOTIC: [2] stripslashes() expects exactly 1 parameter, 2 given E:\wamp\www\vehiclemenagement2\inc\Lib\Core\App.class.php 第 57 行.
INFO: [ app_begin ] --START--
INFO: ReadHtmlCache Behavior ::run [ RunTime:0.000501s ]
INFO: CheckLang Behavior ::run [ RunTime:0.000776s ]
INFO: [ app_begin ] --END-- [ RunTime:0.001363s ]
NOTIC: [8] Constant THEME_NAME already defined E:\wamp\www\vehiclemenagement2\inc\Lib\Core\View.class.php 第 223 行.
NOTIC: [8] Constant THEME_PATH already defined E:\wamp\www\vehiclemenagement2\inc\Lib\Core\View.class.php 第 174 行.
NOTIC: [8] Constant APP_TMPL_PATH already defined E:\wamp\www\vehiclemenagement2\inc\Lib\Core\View.class.php 第 175 行.
INFO: [ view_parse ] --START--
INFO: ParseTemplate Behavior ::run [ RunTime:0.014143s ]
INFO: [ view_parse ] --END-- [ RunTime:0.014289s ]
INFO: [ view_filter ] --START--
INFO: ContentReplace Behavior ::run [ RunTime:0.000536s ]
INFO: TokenBuild Behavior ::run [ RunTime:0.000415s ]
INFO: WriteHtmlCache Behavior ::run [ RunTime:0.000546s ]
INFO: ShowRuntime Behavior ::run [ RunTime:0.000463s ]
INFO: [ view_filter ] --END-- [ RunTime:0.002136s ]
INFO: [ view_end ] --START--
INFO: ShowPageTrace Behavior ::run [ RunTime:0.000630s ]
INFO: [ view_end ] --END-- [ RunTime:0.000684s ]

[ 2017-04-23T18:42:33+08:00 ] 127.0.0.1 /vehiclemenagement2/index.php?s=/Index/gettotalchartdata
INFO: [ route_check ] --START--
INFO: CheckRoute Behavior ::run [ RunTime:0.001047s ]
INFO: [ route_check ] --END-- [ RunTime:0.001133s ]
NOTIC: [2] htmlspecialchars() expects parameter 2 to be long, string given E:\wamp\www\vehiclemenagement2\inc\Lib\Core\App.class.php 第 56 行.
NOTIC: [2] stripslashes() expects exactly 1 parameter, 2 given E:\wamp\www\vehiclemenagement2\inc\Lib\Core\App.class.php 第 56 行.
NOTIC: [2] stripslashes() expects exactly 1 parameter, 2 given E:\wamp\www\vehiclemenagement2\inc\Lib\Core\App.class.php 第 57 行.
NOTIC: [2] stripslashes() expects exactly 1 parameter, 2 given E:\wamp\www\vehiclemenagement2\inc\Lib\Core\App.class.php 第 57 行.
INFO: [ app_begin ] --START--
INFO: ReadHtmlCache Behavior ::run [ RunTime:0.000606s ]
INFO: CheckLang Behavior ::run [ RunTime:0.001327s ]
INFO: [ app_begin ] --END-- [ RunTime:0.002034s ]
NOTIC: [2] htmlspecialchars() expects parameter 2 to be long, string given E:\wamp\www\vehiclemenagement2\inc\Common\common.php 第 110 行.
NOTIC: [2] stripslashes() expects exactly 1 parameter, 2 given E:\wamp\www\vehiclemenagement2\inc\Common\common.php 第 110 行.
NOTIC: [2] stripslashes() expects exactly 1 parameter, 2 given E:\wamp\www\vehiclemenagement2\inc\Common\common.php 第 110 行.
NOTIC: [2] stripslashes() expects exactly 1 parameter, 2 given E:\wamp\www\vehiclemenagement2\inc\Common\common.php 第 110 行.
SQL: SHOW COLUMNS FROM `register` [ RunTime:0.003142s ]
ERR: 1146:Table 'quanmingzhitiao.register' doesn't exist
 [ SQL语句 ] : SHOW COLUMNS FROM `register`
SQL: SELECT IFNULL(a.count,0) count,b.xaxis FROM (SELECT  DATE_FORMAT(regtime,'%m-%d') xaxis,COUNT(id) count FROM register WHERE regtime BETWEEN '2017.03.24' AND '2017.04.23 23:59:59' GROUP BY xaxis) a RIGHT JOIN (SELECT DATE_FORMAT(time,'%m-%d') xaxis FROM dateinfo where time BETWEEN '2017.03.24' AND '2017.04.23 23:59:59' order by time) b ON a.xaxis = b.xaxis [ RunTime:0.003518s ]
ERR: 1146:Table 'quanmingzhitiao.register' doesn't exist
 [ SQL语句 ] : SELECT IFNULL(a.count,0) count,b.xaxis FROM (SELECT  DATE_FORMAT(regtime,'%m-%d') xaxis,COUNT(id) count FROM register WHERE regtime BETWEEN '2017.03.24' AND '2017.04.23 23:59:59' GROUP BY xaxis) a RIGHT JOIN (SELECT DATE_FORMAT(time,'%m-%d') xaxis FROM dateinfo where time BETWEEN '2017.03.24' AND '2017.04.23 23:59:59' order by time) b ON a.xaxis = b.xaxis

[ 2017-04-23T18:42:34+08:00 ] 127.0.0.1 /vehiclemenagement2/index.php?s=/Index/homepage.html
INFO: [ route_check ] --START--
INFO: CheckRoute Behavior ::run [ RunTime:0.001160s ]
INFO: [ route_check ] --END-- [ RunTime:0.001258s ]
NOTIC: [2] stripslashes() expects exactly 1 parameter, 2 given E:\wamp\www\vehiclemenagement2\inc\Lib\Core\App.class.php 第 57 行.
NOTIC: [2] stripslashes() expects exactly 1 parameter, 2 given E:\wamp\www\vehiclemenagement2\inc\Lib\Core\App.class.php 第 57 行.
INFO: [ app_begin ] --START--
INFO: ReadHtmlCache Behavior ::run [ RunTime:0.000670s ]
INFO: CheckLang Behavior ::run [ RunTime:0.000938s ]
INFO: [ app_begin ] --END-- [ RunTime:0.001733s ]
NOTIC: [8] Constant THEME_NAME already defined E:\wamp\www\vehiclemenagement2\inc\Lib\Core\View.class.php 第 223 行.
NOTIC: [8] Constant THEME_PATH already defined E:\wamp\www\vehiclemenagement2\inc\Lib\Core\View.class.php 第 174 行.
NOTIC: [8] Constant APP_TMPL_PATH already defined E:\wamp\www\vehiclemenagement2\inc\Lib\Core\View.class.php 第 175 行.
INFO: [ view_parse ] --START--
INFO: ParseTemplate Behavior ::run [ RunTime:0.008751s ]
INFO: [ view_parse ] --END-- [ RunTime:0.008866s ]
INFO: [ view_filter ] --START--
INFO: ContentReplace Behavior ::run [ RunTime:0.000518s ]
INFO: TokenBuild Behavior ::run [ RunTime:0.000434s ]
INFO: WriteHtmlCache Behavior ::run [ RunTime:0.000319s ]
INFO: ShowRuntime Behavior ::run [ RunTime:0.000472s ]
INFO: [ view_filter ] --END-- [ RunTime:0.001892s ]
INFO: [ view_end ] --START--
INFO: ShowPageTrace Behavior ::run [ RunTime:0.000599s ]
INFO: [ view_end ] --END-- [ RunTime:0.000655s ]

[ 2017-04-23T18:42:34+08:00 ] 127.0.0.1 /vehiclemenagement2/index.php?s=/Index/homepage.html
INFO: [ route_check ] --START--
INFO: CheckRoute Behavior ::run [ RunTime:0.000737s ]
INFO: [ route_check ] --END-- [ RunTime:0.000825s ]
NOTIC: [2] stripslashes() expects exactly 1 parameter, 2 given E:\wamp\www\vehiclemenagement2\inc\Lib\Core\App.class.php 第 57 行.
NOTIC: [2] stripslashes() expects exactly 1 parameter, 2 given E:\wamp\www\vehiclemenagement2\inc\Lib\Core\App.class.php 第 57 行.
INFO: [ app_begin ] --START--
INFO: ReadHtmlCache Behavior ::run [ RunTime:0.000487s ]
INFO: CheckLang Behavior ::run [ RunTime:0.000776s ]
INFO: [ app_begin ] --END-- [ RunTime:0.001353s ]
NOTIC: [8] Constant THEME_NAME already defined E:\wamp\www\vehiclemenagement2\inc\Lib\Core\View.class.php 第 223 行.
NOTIC: [8] Constant THEME_PATH already defined E:\wamp\www\vehiclemenagement2\inc\Lib\Core\View.class.php 第 174 行.
NOTIC: [8] Constant APP_TMPL_PATH already defined E:\wamp\www\vehiclemenagement2\inc\Lib\Core\View.class.php 第 175 行.
INFO: [ view_parse ] --START--
INFO: ParseTemplate Behavior ::run [ RunTime:0.008779s ]
INFO: [ view_parse ] --END-- [ RunTime:0.008894s ]
INFO: [ view_filter ] --START--
INFO: ContentReplace Behavior ::run [ RunTime:0.000641s ]
INFO: TokenBuild Behavior ::run [ RunTime:0.000525s ]
INFO: WriteHtmlCache Behavior ::run [ RunTime:0.000418s ]
INFO: ShowRuntime Behavior ::run [ RunTime:0.000585s ]
INFO: [ view_filter ] --END-- [ RunTime:0.002328s ]
INFO: [ view_end ] --START--
INFO: ShowPageTrace Behavior ::run [ RunTime:0.000693s ]
INFO: [ view_end ] --END-- [ RunTime:0.000746s ]

[ 2017-04-23T18:42:34+08:00 ] 127.0.0.1 /vehiclemenagement2/index.php?s=/Index/homepage.html
INFO: [ route_check ] --START--
INFO: CheckRoute Behavior ::run [ RunTime:0.001072s ]
INFO: [ route_check ] --END-- [ RunTime:0.001198s ]
NOTIC: [2] stripslashes() expects exactly 1 parameter, 2 given E:\wamp\www\vehiclemenagement2\inc\Lib\Core\App.class.php 第 57 行.
NOTIC: [2] stripslashes() expects exactly 1 parameter, 2 given E:\wamp\www\vehiclemenagement2\inc\Lib\Core\App.class.php 第 57 行.
INFO: [ app_begin ] --START--
INFO: ReadHtmlCache Behavior ::run [ RunTime:0.000747s ]
INFO: CheckLang Behavior ::run [ RunTime:0.000839s ]
INFO: [ app_begin ] --END-- [ RunTime:0.001697s ]
NOTIC: [8] Constant THEME_NAME already defined E:\wamp\www\vehiclemenagement2\inc\Lib\Core\View.class.php 第 223 行.
NOTIC: [8] Constant THEME_PATH already defined E:\wamp\www\vehiclemenagement2\inc\Lib\Core\View.class.php 第 174 行.
NOTIC: [8] Constant APP_TMPL_PATH already defined E:\wamp\www\vehiclemenagement2\inc\Lib\Core\View.class.php 第 175 行.
INFO: [ view_parse ] --START--
INFO: ParseTemplate Behavior ::run [ RunTime:0.007651s ]
INFO: [ view_parse ] --END-- [ RunTime:0.007762s ]
INFO: [ view_filter ] --START--
INFO: ContentReplace Behavior ::run [ RunTime:0.000597s ]
INFO: TokenBuild Behavior ::run [ RunTime:0.000358s ]
INFO: WriteHtmlCache Behavior ::run [ RunTime:0.000445s ]
INFO: ShowRuntime Behavior ::run [ RunTime:0.000580s ]
INFO: [ view_filter ] --END-- [ RunTime:0.002136s ]
INFO: [ view_end ] --START--
INFO: ShowPageTrace Behavior ::run [ RunTime:0.022704s ]
INFO: [ view_end ] --END-- [ RunTime:0.022811s ]

[ 2017-04-23T18:42:34+08:00 ] 127.0.0.1 /vehiclemenagement2/index.php?s=/Index/homepage.html
INFO: [ route_check ] --START--
INFO: CheckRoute Behavior ::run [ RunTime:0.000740s ]
INFO: [ route_check ] --END-- [ RunTime:0.000828s ]
NOTIC: [2] stripslashes() expects exactly 1 parameter, 2 given E:\wamp\www\vehiclemenagement2\inc\Lib\Core\App.class.php 第 57 行.
NOTIC: [2] stripslashes() expects exactly 1 parameter, 2 given E:\wamp\www\vehiclemenagement2\inc\Lib\Core\App.class.php 第 57 行.
INFO: [ app_begin ] --START--
INFO: ReadHtmlCache Behavior ::run [ RunTime:0.000502s ]
INFO: CheckLang Behavior ::run [ RunTime:0.000800s ]
INFO: [ app_begin ] --END-- [ RunTime:0.001395s ]
NOTIC: [8] Constant THEME_NAME already defined E:\wamp\www\vehiclemenagement2\inc\Lib\Core\View.class.php 第 223 行.
NOTIC: [8] Constant THEME_PATH already defined E:\wamp\www\vehiclemenagement2\inc\Lib\Core\View.class.php 第 174 行.
NOTIC: [8] Constant APP_TMPL_PATH already defined E:\wamp\www\vehiclemenagement2\inc\Lib\Core\View.class.php 第 175 行.
INFO: [ view_parse ] --START--
INFO: ParseTemplate Behavior ::run [ RunTime:0.007763s ]
INFO: [ view_parse ] --END-- [ RunTime:0.007877s ]
INFO: [ view_filter ] --START--
INFO: ContentReplace Behavior ::run [ RunTime:0.000399s ]
INFO: TokenBuild Behavior ::run [ RunTime:0.000472s ]
INFO: WriteHtmlCache Behavior ::run [ RunTime:0.000284s ]
INFO: ShowRuntime Behavior ::run [ RunTime:0.000399s ]
INFO: [ view_filter ] --END-- [ RunTime:0.001712s ]
INFO: [ view_end ] --START--
INFO: ShowPageTrace Behavior ::run [ RunTime:0.000498s ]
INFO: [ view_end ] --END-- [ RunTime:0.000553s ]

[ 2017-04-23T18:42:34+08:00 ] 127.0.0.1 /vehiclemenagement2/index.php?s=/Index/gettimeintervalnewdata
INFO: [ route_check ] --START--
INFO: CheckRoute Behavior ::run [ RunTime:0.000732s ]
INFO: [ route_check ] --END-- [ RunTime:0.000819s ]
NOTIC: [2] stripslashes() expects exactly 1 parameter, 2 given E:\wamp\www\vehiclemenagement2\inc\Lib\Core\App.class.php 第 57 行.
NOTIC: [2] stripslashes() expects exactly 1 parameter, 2 given E:\wamp\www\vehiclemenagement2\inc\Lib\Core\App.class.php 第 57 行.
INFO: [ app_begin ] --START--
INFO: ReadHtmlCache Behavior ::run [ RunTime:0.000627s ]
INFO: CheckLang Behavior ::run [ RunTime:0.000804s ]
INFO: [ app_begin ] --END-- [ RunTime:0.001528s ]
SQL: SHOW COLUMNS FROM `register` [ RunTime:0.002860s ]
ERR: 1146:Table 'quanmingzhitiao.register' doesn't exist
 [ SQL语句 ] : SHOW COLUMNS FROM `register`
SQL: SELECT DATE_FORMAT(regtime,'%H') xaxis,COUNT(id) count FROM register WHERE regtime BETWEEN '2017.04.23' AND '2017.04.23 23:59:59' GROUP BY xaxis [ RunTime:0.000726s ]
ERR: 1146:Table 'quanmingzhitiao.register' doesn't exist
 [ SQL语句 ] : SELECT DATE_FORMAT(regtime,'%H') xaxis,COUNT(id) count FROM register WHERE regtime BETWEEN '2017.04.23' AND '2017.04.23 23:59:59' GROUP BY xaxis
SQL: SELECT DATE_FORMAT(regtime,'%H') xaxis,COUNT(id) count FROM register WHERE regtime BETWEEN '2017.04.22' AND '2017.04.22 23:59:59' GROUP BY xaxis [ RunTime:0.000347s ]
ERR: 1146:Table 'quanmingzhitiao.register' doesn't exist
 [ SQL语句 ] : SELECT DATE_FORMAT(regtime,'%H') xaxis,COUNT(id) count FROM register WHERE regtime BETWEEN '2017.04.22' AND '2017.04.22 23:59:59' GROUP BY xaxis
SQL: SELECT DATE_FORMAT(regtime,'%H') xaxis,COUNT(id) count FROM register WHERE regtime BETWEEN '2017.04.16' AND '2017.04.16 23:59:59' GROUP BY xaxis [ RunTime:0.000257s ]
ERR: 1146:Table 'quanmingzhitiao.register' doesn't exist
 [ SQL语句 ] : SELECT DATE_FORMAT(regtime,'%H') xaxis,COUNT(id) count FROM register WHERE regtime BETWEEN '2017.04.16' AND '2017.04.16 23:59:59' GROUP BY xaxis
SQL: SELECT DATE_FORMAT(regtime,'%H') xaxis,COUNT(id) count FROM register WHERE regtime BETWEEN '2017.03.24' AND '2017.03.24 23:59:59' GROUP BY xaxis [ RunTime:0.000231s ]
ERR: 1146:Table 'quanmingzhitiao.register' doesn't exist
 [ SQL语句 ] : SELECT DATE_FORMAT(regtime,'%H') xaxis,COUNT(id) count FROM register WHERE regtime BETWEEN '2017.03.24' AND '2017.03.24 23:59:59' GROUP BY xaxis

[ 2017-04-23T18:42:34+08:00 ] 127.0.0.1 /vehiclemenagement2/index.php?s=/Index/gettimeintervalnewdata
INFO: [ route_check ] --START--
INFO: CheckRoute Behavior ::run [ RunTime:0.000749s ]
INFO: [ route_check ] --END-- [ RunTime:0.000848s ]
NOTIC: [2] stripslashes() expects exactly 1 parameter, 2 given E:\wamp\www\vehiclemenagement2\inc\Lib\Core\App.class.php 第 57 行.
NOTIC: [2] stripslashes() expects exactly 1 parameter, 2 given E:\wamp\www\vehiclemenagement2\inc\Lib\Core\App.class.php 第 57 行.
INFO: [ app_begin ] --START--
INFO: ReadHtmlCache Behavior ::run [ RunTime:0.000553s ]
INFO: CheckLang Behavior ::run [ RunTime:0.000814s ]
INFO: [ app_begin ] --END-- [ RunTime:0.001461s ]
SQL: SHOW COLUMNS FROM `register` [ RunTime:0.006457s ]
ERR: 1146:Table 'quanmingzhitiao.register' doesn't exist
 [ SQL语句 ] : SHOW COLUMNS FROM `register`
SQL: SELECT DATE_FORMAT(regtime,'%H') xaxis,COUNT(id) count FROM register WHERE regtime BETWEEN '2017.04.23' AND '2017.04.23 23:59:59' GROUP BY xaxis [ RunTime:0.000777s ]
ERR: 1146:Table 'quanmingzhitiao.register' doesn't exist
 [ SQL语句 ] : SELECT DATE_FORMAT(regtime,'%H') xaxis,COUNT(id) count FROM register WHERE regtime BETWEEN '2017.04.23' AND '2017.04.23 23:59:59' GROUP BY xaxis
SQL: SELECT DATE_FORMAT(regtime,'%H') xaxis,COUNT(id) count FROM register WHERE regtime BETWEEN '2017.04.22' AND '2017.04.22 23:59:59' GROUP BY xaxis [ RunTime:0.000527s ]
ERR: 1146:Table 'quanmingzhitiao.register' doesn't exist
 [ SQL语句 ] : SELECT DATE_FORMAT(regtime,'%H') xaxis,COUNT(id) count FROM register WHERE regtime BETWEEN '2017.04.22' AND '2017.04.22 23:59:59' GROUP BY xaxis
SQL: SELECT DATE_FORMAT(regtime,'%H') xaxis,COUNT(id) count FROM register WHERE regtime BETWEEN '2017.04.16' AND '2017.04.16 23:59:59' GROUP BY xaxis [ RunTime:0.000622s ]
ERR: 1146:Table 'quanmingzhitiao.register' doesn't exist
 [ SQL语句 ] : SELECT DATE_FORMAT(regtime,'%H') xaxis,COUNT(id) count FROM register WHERE regtime BETWEEN '2017.04.16' AND '2017.04.16 23:59:59' GROUP BY xaxis
SQL: SELECT DATE_FORMAT(regtime,'%H') xaxis,COUNT(id) count FROM register WHERE regtime BETWEEN '2017.03.24' AND '2017.03.24 23:59:59' GROUP BY xaxis [ RunTime:0.000303s ]
ERR: 1146:Table 'quanmingzhitiao.register' doesn't exist
 [ SQL语句 ] : SELECT DATE_FORMAT(regtime,'%H') xaxis,COUNT(id) count FROM register WHERE regtime BETWEEN '2017.03.24' AND '2017.03.24 23:59:59' GROUP BY xaxis

[ 2017-04-23T18:42:34+08:00 ] 127.0.0.1 /vehiclemenagement2/index.php?s=/Index/totalchart
INFO: [ route_check ] --START--
INFO: CheckRoute Behavior ::run [ RunTime:0.000723s ]
INFO: [ route_check ] --END-- [ RunTime:0.000808s ]
NOTIC: [2] stripslashes() expects exactly 1 parameter, 2 given E:\wamp\www\vehiclemenagement2\inc\Lib\Core\App.class.php 第 57 行.
NOTIC: [2] stripslashes() expects exactly 1 parameter, 2 given E:\wamp\www\vehiclemenagement2\inc\Lib\Core\App.class.php 第 57 行.
INFO: [ app_begin ] --START--
INFO: ReadHtmlCache Behavior ::run [ RunTime:0.000490s ]
INFO: CheckLang Behavior ::run [ RunTime:0.000752s ]
INFO: [ app_begin ] --END-- [ RunTime:0.001321s ]
NOTIC: [8] Constant THEME_NAME already defined E:\wamp\www\vehiclemenagement2\inc\Lib\Core\View.class.php 第 223 行.
NOTIC: [8] Constant THEME_PATH already defined E:\wamp\www\vehiclemenagement2\inc\Lib\Core\View.class.php 第 174 行.
NOTIC: [8] Constant APP_TMPL_PATH already defined E:\wamp\www\vehiclemenagement2\inc\Lib\Core\View.class.php 第 175 行.
INFO: [ view_parse ] --START--
INFO: ParseTemplate Behavior ::run [ RunTime:0.011342s ]
INFO: [ view_parse ] --END-- [ RunTime:0.011485s ]
INFO: [ view_filter ] --START--
INFO: ContentReplace Behavior ::run [ RunTime:0.000527s ]
INFO: TokenBuild Behavior ::run [ RunTime:0.000404s ]
INFO: WriteHtmlCache Behavior ::run [ RunTime:0.000252s ]
INFO: ShowRuntime Behavior ::run [ RunTime:0.000405s ]
INFO: [ view_filter ] --END-- [ RunTime:0.001746s ]
INFO: [ view_end ] --START--
INFO: ShowPageTrace Behavior ::run [ RunTime:0.000526s ]
INFO: [ view_end ] --END-- [ RunTime:0.000581s ]

[ 2017-04-23T18:42:34+08:00 ] 127.0.0.1 /vehiclemenagement2/index.php?s=/Index/totalchart
INFO: [ route_check ] --START--
INFO: CheckRoute Behavior ::run [ RunTime:0.000768s ]
INFO: [ route_check ] --END-- [ RunTime:0.000860s ]
NOTIC: [2] stripslashes() expects exactly 1 parameter, 2 given E:\wamp\www\vehiclemenagement2\inc\Lib\Core\App.class.php 第 57 行.
NOTIC: [2] stripslashes() expects exactly 1 parameter, 2 given E:\wamp\www\vehiclemenagement2\inc\Lib\Core\App.class.php 第 57 行.
INFO: [ app_begin ] --START--
INFO: ReadHtmlCache Behavior ::run [ RunTime:0.000556s ]
INFO: CheckLang Behavior ::run [ RunTime:0.001135s ]
INFO: [ app_begin ] --END-- [ RunTime:0.001786s ]
NOTIC: [8] Constant THEME_NAME already defined E:\wamp\www\vehiclemenagement2\inc\Lib\Core\View.class.php 第 223 行.
NOTIC: [8] Constant THEME_PATH already defined E:\wamp\www\vehiclemenagement2\inc\Lib\Core\View.class.php 第 174 行.
NOTIC: [8] Constant APP_TMPL_PATH already defined E:\wamp\www\vehiclemenagement2\inc\Lib\Core\View.class.php 第 175 行.
INFO: [ view_parse ] --START--
INFO: ParseTemplate Behavior ::run [ RunTime:0.007081s ]
INFO: [ view_parse ] --END-- [ RunTime:0.007214s ]
INFO: [ view_filter ] --START--
INFO: ContentReplace Behavior ::run [ RunTime:0.000518s ]
INFO: TokenBuild Behavior ::run [ RunTime:0.000411s ]
INFO: WriteHtmlCache Behavior ::run [ RunTime:0.000236s ]
INFO: ShowRuntime Behavior ::run [ RunTime:0.000384s ]
INFO: [ view_filter ] --END-- [ RunTime:0.001698s ]
INFO: [ view_end ] --START--
INFO: ShowPageTrace Behavior ::run [ RunTime:0.000514s ]
INFO: [ view_end ] --END-- [ RunTime:0.000566s ]

[ 2017-04-23T18:42:34+08:00 ] 127.0.0.1 /vehiclemenagement2/index.php?s=/Index/gettotalchartdata
INFO: [ route_check ] --START--
INFO: CheckRoute Behavior ::run [ RunTime:0.000726s ]
INFO: [ route_check ] --END-- [ RunTime:0.000814s ]
NOTIC: [2] htmlspecialchars() expects parameter 2 to be long, string given E:\wamp\www\vehiclemenagement2\inc\Lib\Core\App.class.php 第 56 行.
NOTIC: [2] stripslashes() expects exactly 1 parameter, 2 given E:\wamp\www\vehiclemenagement2\inc\Lib\Core\App.class.php 第 56 行.
NOTIC: [2] stripslashes() expects exactly 1 parameter, 2 given E:\wamp\www\vehiclemenagement2\inc\Lib\Core\App.class.php 第 57 行.
NOTIC: [2] stripslashes() expects exactly 1 parameter, 2 given E:\wamp\www\vehiclemenagement2\inc\Lib\Core\App.class.php 第 57 行.
INFO: [ app_begin ] --START--
INFO: ReadHtmlCache Behavior ::run [ RunTime:0.000537s ]
INFO: CheckLang Behavior ::run [ RunTime:0.000971s ]
INFO: [ app_begin ] --END-- [ RunTime:0.001606s ]
NOTIC: [2] htmlspecialchars() expects parameter 2 to be long, string given E:\wamp\www\vehiclemenagement2\inc\Common\common.php 第 110 行.
NOTIC: [2] stripslashes() expects exactly 1 parameter, 2 given E:\wamp\www\vehiclemenagement2\inc\Common\common.php 第 110 行.
NOTIC: [2] stripslashes() expects exactly 1 parameter, 2 given E:\wamp\www\vehiclemenagement2\inc\Common\common.php 第 110 行.
NOTIC: [2] stripslashes() expects exactly 1 parameter, 2 given E:\wamp\www\vehiclemenagement2\inc\Common\common.php 第 110 行.
SQL: SHOW COLUMNS FROM `register` [ RunTime:0.004859s ]
ERR: 1146:Table 'quanmingzhitiao.register' doesn't exist
 [ SQL语句 ] : SHOW COLUMNS FROM `register`
SQL: SELECT IFNULL(a.count,0) count,b.xaxis FROM (SELECT  DATE_FORMAT(regtime,'%m-%d') xaxis,COUNT(id) count FROM register WHERE regtime BETWEEN '2017.03.24' AND '2017.04.23 23:59:59' GROUP BY xaxis) a RIGHT JOIN (SELECT DATE_FORMAT(time,'%m-%d') xaxis FROM dateinfo where time BETWEEN '2017.03.24' AND '2017.04.23 23:59:59' order by time) b ON a.xaxis = b.xaxis [ RunTime:0.000576s ]
ERR: 1146:Table 'quanmingzhitiao.register' doesn't exist
 [ SQL语句 ] : SELECT IFNULL(a.count,0) count,b.xaxis FROM (SELECT  DATE_FORMAT(regtime,'%m-%d') xaxis,COUNT(id) count FROM register WHERE regtime BETWEEN '2017.03.24' AND '2017.04.23 23:59:59' GROUP BY xaxis) a RIGHT JOIN (SELECT DATE_FORMAT(time,'%m-%d') xaxis FROM dateinfo where time BETWEEN '2017.03.24' AND '2017.04.23 23:59:59' order by time) b ON a.xaxis = b.xaxis

[ 2017-04-23T18:42:34+08:00 ] 127.0.0.1 /vehiclemenagement2/index.php?s=/Index/gettotalchartdata
INFO: [ route_check ] --START--
INFO: CheckRoute Behavior ::run [ RunTime:0.000707s ]
INFO: [ route_check ] --END-- [ RunTime:0.000794s ]
NOTIC: [2] htmlspecialchars() expects parameter 2 to be long, string given E:\wamp\www\vehiclemenagement2\inc\Lib\Core\App.class.php 第 56 行.
NOTIC: [2] stripslashes() expects exactly 1 parameter, 2 given E:\wamp\www\vehiclemenagement2\inc\Lib\Core\App.class.php 第 56 行.
NOTIC: [2] stripslashes() expects exactly 1 parameter, 2 given E:\wamp\www\vehiclemenagement2\inc\Lib\Core\App.class.php 第 57 行.
NOTIC: [2] stripslashes() expects exactly 1 parameter, 2 given E:\wamp\www\vehiclemenagement2\inc\Lib\Core\App.class.php 第 57 行.
INFO: [ app_begin ] --START--
INFO: ReadHtmlCache Behavior ::run [ RunTime:0.000534s ]
INFO: CheckLang Behavior ::run [ RunTime:0.000749s ]
INFO: [ app_begin ] --END-- [ RunTime:0.001378s ]
NOTIC: [2] htmlspecialchars() expects parameter 2 to be long, string given E:\wamp\www\vehiclemenagement2\inc\Common\common.php 第 110 行.
NOTIC: [2] stripslashes() expects exactly 1 parameter, 2 given E:\wamp\www\vehiclemenagement2\inc\Common\common.php 第 110 行.
NOTIC: [2] stripslashes() expects exactly 1 parameter, 2 given E:\wamp\www\vehiclemenagement2\inc\Common\common.php 第 110 行.
NOTIC: [2] stripslashes() expects exactly 1 parameter, 2 given E:\wamp\www\vehiclemenagement2\inc\Common\common.php 第 110 行.
SQL: SHOW COLUMNS FROM `register` [ RunTime:0.003285s ]
ERR: 1146:Table 'quanmingzhitiao.register' doesn't exist
 [ SQL语句 ] : SHOW COLUMNS FROM `register`
SQL: SELECT IFNULL(a.count,0) count,b.xaxis FROM (SELECT  DATE_FORMAT(regtime,'%m-%d') xaxis,COUNT(id) count FROM register WHERE regtime BETWEEN '2017.03.24' AND '2017.04.23 23:59:59' GROUP BY xaxis) a RIGHT JOIN (SELECT DATE_FORMAT(time,'%m-%d') xaxis FROM dateinfo where time BETWEEN '2017.03.24' AND '2017.04.23 23:59:59' order by time) b ON a.xaxis = b.xaxis [ RunTime:0.000576s ]
ERR: 1146:Table 'quanmingzhitiao.register' doesn't exist
 [ SQL语句 ] : SELECT IFNULL(a.count,0) count,b.xaxis FROM (SELECT  DATE_FORMAT(regtime,'%m-%d') xaxis,COUNT(id) count FROM register WHERE regtime BETWEEN '2017.03.24' AND '2017.04.23 23:59:59' GROUP BY xaxis) a RIGHT JOIN (SELECT DATE_FORMAT(time,'%m-%d') xaxis FROM dateinfo where time BETWEEN '2017.03.24' AND '2017.04.23 23:59:59' order by time) b ON a.xaxis = b.xaxis

[ 2017-04-23T18:42:35+08:00 ] 127.0.0.1 /vehiclemenagement2/index.php?s=/PersonForkliftManage/personalinfo.html
INFO: [ route_check ] --START--
INFO: CheckRoute Behavior ::run [ RunTime:0.000816s ]
INFO: [ route_check ] --END-- [ RunTime:0.000909s ]
NOTIC: [2] stripslashes() expects exactly 1 parameter, 2 given E:\wamp\www\vehiclemenagement2\inc\Lib\Core\App.class.php 第 57 行.
NOTIC: [2] stripslashes() expects exactly 1 parameter, 2 given E:\wamp\www\vehiclemenagement2\inc\Lib\Core\App.class.php 第 57 行.
INFO: [ app_begin ] --START--
INFO: ReadHtmlCache Behavior ::run [ RunTime:0.000563s ]
INFO: CheckLang Behavior ::run [ RunTime:0.000909s ]
INFO: [ app_begin ] --END-- [ RunTime:0.001574s ]
INFO: [ view_parse ] --START--
NOTIC: [8] Undefined variable: userlist E:\wamp\www\vehiclemenagement2\App\Runtime\Cache\32523fac0cabc286789577f82ee9ef28.php 第 73 行.
NOTIC: [8] Undefined variable: page E:\wamp\www\vehiclemenagement2\App\Runtime\Cache\32523fac0cabc286789577f82ee9ef28.php 第 122 行.
INFO: ParseTemplate Behavior ::run [ RunTime:0.024268s ]
INFO: [ view_parse ] --END-- [ RunTime:0.024397s ]
INFO: [ view_filter ] --START--
INFO: ContentReplace Behavior ::run [ RunTime:0.000649s ]
INFO: TokenBuild Behavior ::run [ RunTime:0.000524s ]
INFO: WriteHtmlCache Behavior ::run [ RunTime:0.000328s ]
INFO: ShowRuntime Behavior ::run [ RunTime:0.000587s ]
INFO: [ view_filter ] --END-- [ RunTime:0.002293s ]
INFO: [ view_end ] --START--
INFO: ShowPageTrace Behavior ::run [ RunTime:0.000628s ]
INFO: [ view_end ] --END-- [ RunTime:0.000700s ]

[ 2017-04-23T18:42:37+08:00 ] 127.0.0.1 /vehiclemenagement2/index.php?s=/PersonForkliftManage/vehicleinfo.html
INFO: [ route_check ] --START--
INFO: CheckRoute Behavior ::run [ RunTime:0.000735s ]
INFO: [ route_check ] --END-- [ RunTime:0.000824s ]
NOTIC: [2] stripslashes() expects exactly 1 parameter, 2 given E:\wamp\www\vehiclemenagement2\inc\Lib\Core\App.class.php 第 57 行.
NOTIC: [2] stripslashes() expects exactly 1 parameter, 2 given E:\wamp\www\vehiclemenagement2\inc\Lib\Core\App.class.php 第 57 行.
INFO: [ app_begin ] --START--
INFO: ReadHtmlCache Behavior ::run [ RunTime:0.000570s ]
INFO: CheckLang Behavior ::run [ RunTime:0.000911s ]
INFO: [ app_begin ] --END-- [ RunTime:0.001574s ]
INFO: [ view_parse ] --START--
NOTIC: [8] Undefined variable: page E:\wamp\www\vehiclemenagement2\App\Runtime\Cache\94b72c021d40ce9621af84829752b128.php 第 117 行.
INFO: ParseTemplate Behavior ::run [ RunTime:0.008336s ]
INFO: [ view_parse ] --END-- [ RunTime:0.008428s ]
INFO: [ view_filter ] --START--
INFO: ContentReplace Behavior ::run [ RunTime:0.000411s ]
INFO: TokenBuild Behavior ::run [ RunTime:0.000328s ]
INFO: WriteHtmlCache Behavior ::run [ RunTime:0.000222s ]
INFO: ShowRuntime Behavior ::run [ RunTime:0.000376s ]
INFO: [ view_filter ] --END-- [ RunTime:0.001482s ]
INFO: [ view_end ] --START--
INFO: ShowPageTrace Behavior ::run [ RunTime:0.000526s ]
INFO: [ view_end ] --END-- [ RunTime:0.000578s ]

