[ 2017-06-12T07:58:53+08:00 ] 127.0.0.1 /gprsmenagement2/index.php?s=/Config/index.html
INFO: [ route_check ] --START--
INFO: CheckRoute Behavior ::run [ RunTime:0.021361s ]
INFO: [ route_check ] --END-- [ RunTime:0.021472s ]
NOTIC: [2] stripslashes() expects exactly 1 parameter, 2 given E:\wamp\www\gprsmenagement2\inc\Lib\Core\App.class.php 第 57 行.
NOTIC: [2] stripslashes() expects exactly 1 parameter, 2 given E:\wamp\www\gprsmenagement2\inc\Lib\Core\App.class.php 第 57 行.
INFO: [ app_begin ] --START--
INFO: ReadHtmlCache Behavior ::run [ RunTime:0.001712s ]
INFO: CheckLang Behavior ::run [ RunTime:0.051239s ]
INFO: [ app_begin ] --END-- [ RunTime:0.053135s ]
NOTIC: [8] Constant THEME_NAME already defined E:\wamp\www\gprsmenagement2\inc\Lib\Core\View.class.php 第 223 行.
NOTIC: [8] Constant THEME_PATH already defined E:\wamp\www\gprsmenagement2\inc\Lib\Core\View.class.php 第 174 行.
NOTIC: [8] Constant APP_TMPL_PATH already defined E:\wamp\www\gprsmenagement2\inc\Lib\Core\View.class.php 第 175 行.
INFO: [ view_parse ] --START--
NOTIC: [8] A session had already been started - ignoring session_start() E:\wamp\www\gprsmenagement2\App\Runtime\Cache\9ae190c69bf2ec8ed08b676f90816498.php 第 36 行.

[ 2017-06-12T07:58:53+08:00 ] 127.0.0.1 /gprsmenagement2/index.php?s=/Login/index.html
INFO: [ route_check ] --START--
INFO: CheckRoute Behavior ::run [ RunTime:0.000856s ]
INFO: [ route_check ] --END-- [ RunTime:0.000960s ]
NOTIC: [2] stripslashes() expects exactly 1 parameter, 2 given E:\wamp\www\gprsmenagement2\inc\Lib\Core\App.class.php 第 57 行.
NOTIC: [2] stripslashes() expects exactly 1 parameter, 2 given E:\wamp\www\gprsmenagement2\inc\Lib\Core\App.class.php 第 57 行.
INFO: [ app_begin ] --START--
INFO: ReadHtmlCache Behavior ::run [ RunTime:0.000576s ]
INFO: CheckLang Behavior ::run [ RunTime:0.001511s ]
INFO: [ app_begin ] --END-- [ RunTime:0.002227s ]
NOTIC: [8] A session had already been started - ignoring session_start() E:\wamp\www\gprsmenagement2\App\Lib\Action\LoginAction.class.php 第 5 行.
INFO: [ view_parse ] --START--
INFO: ParseTemplate Behavior ::run [ RunTime:0.044054s ]
INFO: [ view_parse ] --END-- [ RunTime:0.044156s ]
INFO: [ view_filter ] --START--
INFO: ContentReplace Behavior ::run [ RunTime:0.034927s ]
INFO: TokenBuild Behavior ::run [ RunTime:0.019119s ]
INFO: WriteHtmlCache Behavior ::run [ RunTime:0.016191s ]
INFO: ShowRuntime Behavior ::run [ RunTime:0.004973s ]
INFO: [ view_filter ] --END-- [ RunTime:0.075482s ]
INFO: [ view_end ] --START--
INFO: ShowPageTrace Behavior ::run [ RunTime:0.009528s ]
INFO: [ view_end ] --END-- [ RunTime:0.009610s ]

